Using pre-set license
Built from '2021.3/staging' branch; Version is '2021.3.1f1 (3b70a0754835) revision 3895456'; Using compiler version '192829333'; Build Type 'Release'
OS: 'Windows 10  (10.0.19044) 64bit Professional' Language: 'es' Physical Memory: 16334 MB
BatchMode: 1, IsHumanControllingUs: 0, StartBugReporterOnCrash: 0, Is64bit: 1, IsPro: 1

COMMAND LINE ARGUMENTS:
C:\Program Files\Unity\Hub\Editor\2021.3.1f1\Editor\Unity.exe
-adb2
-batchMode
-noUpm
-name
AssetImportWorker3
-projectPath
E:/StreamChaosRaces/StreamChaosRaces
-logFile
Logs/AssetImportWorker3.log
-srvPort
61784
Successfully changed project path to: E:/StreamChaosRaces/StreamChaosRaces
E:/StreamChaosRaces/StreamChaosRaces
[UnityMemory] Configuration Parameters - Can be set up in boot.config
    "memorysetup-bucket-allocator-granularity=16"
    "memorysetup-bucket-allocator-bucket-count=8"
    "memorysetup-bucket-allocator-block-size=33554432"
    "memorysetup-bucket-allocator-block-count=8"
    "memorysetup-main-allocator-block-size=16777216"
    "memorysetup-thread-allocator-block-size=16777216"
    "memorysetup-gfx-main-allocator-block-size=16777216"
    "memorysetup-gfx-thread-allocator-block-size=16777216"
    "memorysetup-cache-allocator-block-size=4194304"
    "memorysetup-typetree-allocator-block-size=2097152"
    "memorysetup-profiler-bucket-allocator-granularity=16"
    "memorysetup-profiler-bucket-allocator-bucket-count=8"
    "memorysetup-profiler-bucket-allocator-block-size=33554432"
    "memorysetup-profiler-bucket-allocator-block-count=8"
    "memorysetup-profiler-allocator-block-size=16777216"
    "memorysetup-profiler-editor-allocator-block-size=1048576"
    "memorysetup-temp-allocator-size-main=16777216"
    "memorysetup-job-temp-allocator-block-size=2097152"
    "memorysetup-job-temp-allocator-block-size-background=1048576"
    "memorysetup-job-temp-allocator-reduction-small-platforms=262144"
    "memorysetup-temp-allocator-size-background-worker=32768"
    "memorysetup-temp-allocator-size-job-worker=262144"
    "memorysetup-temp-allocator-size-preload-manager=33554432"
    "memorysetup-temp-allocator-size-nav-mesh-worker=65536"
    "memorysetup-temp-allocator-size-audio-worker=65536"
    "memorysetup-temp-allocator-size-cloud-worker=32768"
    "memorysetup-temp-allocator-size-gi-baking-worker=262144"
    "memorysetup-temp-allocator-size-gfx=262144"
Refreshing native plugins compatible for Editor in 129.07 ms, found 4 plugins.
Preloading 0 native plugins for Editor in 0.00 ms.
Initialize engine version: 2021.3.1f1 (3b70a0754835)
[Subsystems] Discovering subsystems at path C:/Program Files/Unity/Hub/Editor/2021.3.1f1/Editor/Data/Resources/UnitySubsystems
[Subsystems] Discovering subsystems at path E:/StreamChaosRaces/StreamChaosRaces/Assets
GfxDevice: creating device client; threaded=0; jobified=0
Direct3D:
    Version:  Direct3D 11.0 [level 11.1]
    Renderer: NVIDIA GeForce RTX 3060 (ID=0x2487)
    Vendor:   NVIDIA
    VRAM:     12137 MB
    Driver:   30.0.15.1295
Initialize mono
Mono path[0] = 'C:/Program Files/Unity/Hub/Editor/2021.3.1f1/Editor/Data/Managed'
Mono path[1] = 'C:/Program Files/Unity/Hub/Editor/2021.3.1f1/Editor/Data/MonoBleedingEdge/lib/mono/unityjit-win32'
Mono config path = 'C:/Program Files/Unity/Hub/Editor/2021.3.1f1/Editor/Data/MonoBleedingEdge/etc'
Using monoOptions --debugger-agent=transport=dt_socket,embedding=1,server=y,suspend=n,address=127.0.0.1:56636
Begin MonoManager ReloadAssembly
Registering precompiled unity dll's ...
Register platform support module: C:/Program Files/Unity/Hub/Editor/2021.3.1f1/Editor/Data/PlaybackEngines/WebGLSupport/UnityEditor.WebGL.Extensions.dll
Register platform support module: C:/Program Files/Unity/Hub/Editor/2021.3.1f1/Editor/Data/PlaybackEngines/WindowsStandaloneSupport/UnityEditor.WindowsStandalone.Extensions.dll
Registered in 0.008623 seconds.
Native extension for WindowsStandalone target not found
Native extension for WebGL target not found
Refreshing native plugins compatible for Editor in 132.93 ms, found 4 plugins.
Preloading 0 native plugins for Editor in 0.00 ms.
Mono: successfully reloaded assembly
- Completed reload, in  0.666 seconds
Domain Reload Profiling:
	ReloadAssembly (666ms)
		BeginReloadAssembly (65ms)
			ExecutionOrderSort (0ms)
			DisableScriptedObjects (0ms)
			BackupInstance (0ms)
			ReleaseScriptingObjects (0ms)
			CreateAndSetChildDomain (1ms)
		EndReloadAssembly (483ms)
			LoadAssemblies (62ms)
			RebuildTransferFunctionScriptingTraits (0ms)
			SetupTypeCache (98ms)
			ReleaseScriptCaches (0ms)
			RebuildScriptCaches (23ms)
			SetupLoadedEditorAssemblies (312ms)
				LogAssemblyErrors (0ms)
				InitializePlatformSupportModulesInManaged (9ms)
				SetLoadedEditorAssemblies (0ms)
				RefreshPlugins (133ms)
				BeforeProcessingInitializeOnLoad (1ms)
				ProcessInitializeOnLoadAttributes (128ms)
				ProcessInitializeOnLoadMethodAttributes (41ms)
				AfterProcessingInitializeOnLoad (0ms)
				EditorAssembliesLoaded (0ms)
			ExecutionOrderSort2 (0ms)
			AwakeInstancesAfterBackupRestoration (0ms)
Platform modules already initialized, skipping
Registering precompiled user dll's ...
Registered in 0.009333 seconds.
Begin MonoManager ReloadAssembly
Symbol file LoadedFromMemory doesn't match image E:\StreamChaosRaces\StreamChaosRaces\Library\PackageCache\com.unity.visualscripting@1.7.8\Editor\VisualScripting.Core\Dependencies\YamlDotNet\Unity.VisualScripting.YamlDotNet.dll
Symbol file LoadedFromMemory doesn't match image E:\StreamChaosRaces\StreamChaosRaces\Library\PackageCache\com.unity.visualscripting@1.7.8\Editor\VisualScripting.Core\Dependencies\DotNetZip\Unity.VisualScripting.IonicZip.dll
Native extension for WindowsStandalone target not found
Native extension for WebGL target not found
Refreshing native plugins compatible for Editor in 126.47 ms, found 4 plugins.
Preloading 0 native plugins for Editor in 0.00 ms.
Mono: successfully reloaded assembly
- Completed reload, in  1.228 seconds
Domain Reload Profiling:
	ReloadAssembly (1229ms)
		BeginReloadAssembly (94ms)
			ExecutionOrderSort (0ms)
			DisableScriptedObjects (5ms)
			BackupInstance (0ms)
			ReleaseScriptingObjects (0ms)
			CreateAndSetChildDomain (17ms)
		EndReloadAssembly (1047ms)
			LoadAssemblies (86ms)
			RebuildTransferFunctionScriptingTraits (0ms)
			SetupTypeCache (278ms)
			ReleaseScriptCaches (1ms)
			RebuildScriptCaches (58ms)
			SetupLoadedEditorAssemblies (592ms)
				LogAssemblyErrors (0ms)
				InitializePlatformSupportModulesInManaged (11ms)
				SetLoadedEditorAssemblies (0ms)
				RefreshPlugins (127ms)
				BeforeProcessingInitializeOnLoad (119ms)
				ProcessInitializeOnLoadAttributes (264ms)
				ProcessInitializeOnLoadMethodAttributes (63ms)
				AfterProcessingInitializeOnLoad (9ms)
				EditorAssembliesLoaded (0ms)
			ExecutionOrderSort2 (0ms)
			AwakeInstancesAfterBackupRestoration (5ms)
Platform modules already initialized, skipping
========================================================================
Worker process is ready to serve import requests
Launched and connected shader compiler UnityShaderCompiler.exe after 0.05 seconds
Refreshing native plugins compatible for Editor in 1.18 ms, found 4 plugins.
Preloading 0 native plugins for Editor in 0.00 ms.
Unloading 6070 Unused Serialized files (Serialized files now loaded: 0)
Unloading 85 unused Assets / (21.8 MB). Loaded Objects now: 6490.
Memory consumption went from 269.1 MB to 247.3 MB.
Total: 6.571100 ms (FindLiveObjects: 0.456400 ms CreateObjectMapping: 0.145800 ms MarkObjects: 2.615400 ms  DeleteObjects: 3.352500 ms)

AssetImportParameters requested are different than current active one (requested -> active):
  custom:video-decoder-ogg-theora: a1e56fd34408186e4bbccfd4996cb3dc -> 
  custom:container-muxer-webm: aa71ff27fc2769a1b78a27578f13a17b -> 
  custom:container-demuxer-webm: 4f35f7cbe854078d1ac9338744f61a02 -> 
  custom:video-encoder-webm-vp8: eb34c28f22e8b96e1ab97ce403110664 -> 
  custom:audio-encoder-webm-vorbis: bf7c407c2cedff20999df2af8eb42d56 -> 
  custom:framework-win-MediaFoundation: 216162199b28c13a410421893ffa2e32 -> 
  custom:container-demuxer-ogg: 62fdf1f143b41e24485cea50d1cbac27 -> 
  custom:video-decoder-webm-vp8: 9c59270c3fd7afecdb556c50c9e8de78 -> 
  custom:audio-decoder-ogg-vorbis: bf7c407c2cedff20999df2af8eb42d56 -> 
========================================================================
Received Import Request.
  Time since last request: 34178.958548 seconds.
  path: Assets/Materials/New Material.mat
  artifactKey: Guid(d169dbff838337848a5505761af7b25b) Importer(815301076,1909f56bfc062723c751e8b465ee728b)
Start importing Assets/Materials/New Material.mat using Guid(d169dbff838337848a5505761af7b25b) Importer(815301076,1909f56bfc062723c751e8b465ee728b)  -> (artifact id: '0aaccc3200d49cbea4972e2eaabf37d5') in 0.215783 seconds 
========================================================================
Received Import Request.
  Time since last request: 96.506374 seconds.
  path: Assets/Racing Kit/roadCornerLarge.fbx
  artifactKey: Guid(bc838b6c0ee8ebf4687591f681a64603) Importer(815301076,1909f56bfc062723c751e8b465ee728b)
Start importing Assets/Racing Kit/roadCornerLarge.fbx using Guid(bc838b6c0ee8ebf4687591f681a64603) Importer(815301076,1909f56bfc062723c751e8b465ee728b)  -> (artifact id: '6128391c89d119ee61630a4fda680fea') in 0.268995 seconds 
========================================================================
Received Import Request.
  Time since last request: 0.000026 seconds.
  path: Assets/Racing Kit/roadCornerLargeBorder.fbx
  artifactKey: Guid(618e27bb44f1de94aa76f113412039e8) Importer(815301076,1909f56bfc062723c751e8b465ee728b)
Start importing Assets/Racing Kit/roadCornerLargeBorder.fbx using Guid(618e27bb44f1de94aa76f113412039e8) Importer(815301076,1909f56bfc062723c751e8b465ee728b)  -> (artifact id: '22dcc05a386abd7b8463a7e5f905e0e1') in 0.032285 seconds 
========================================================================
Received Import Request.
  Time since last request: 0.000033 seconds.
  path: Assets/Racing Kit/roadStartPositions.fbx
  artifactKey: Guid(15e4f643153524d49b65b19afe1a3c8b) Importer(815301076,1909f56bfc062723c751e8b465ee728b)
Start importing Assets/Racing Kit/roadStartPositions.fbx using Guid(15e4f643153524d49b65b19afe1a3c8b) Importer(815301076,1909f56bfc062723c751e8b465ee728b)  -> (artifact id: '67e284b383881ffd207c68d07e250f5b') in 0.038274 seconds 
========================================================================
Received Import Request.
  Time since last request: 0.000025 seconds.
  path: Assets/Racing Kit/roadStart.fbx
  artifactKey: Guid(47c1e073588299b4a90916c8bca7c22f) Importer(815301076,1909f56bfc062723c751e8b465ee728b)
Start importing Assets/Racing Kit/roadStart.fbx using Guid(47c1e073588299b4a90916c8bca7c22f) Importer(815301076,1909f56bfc062723c751e8b465ee728b)  -> (artifact id: 'f56f6908a6d2ef60234c2e9b4ffcc6be') in 0.037544 seconds 
========================================================================
Received Import Request.
  Time since last request: 17.363974 seconds.
  path: Assets/Models/FBX format/barrierRed.fbx
  artifactKey: Guid(d1232b198b824674698193befde19141) Importer(815301076,1909f56bfc062723c751e8b465ee728b)
Start importing Assets/Models/FBX format/barrierRed.fbx using Guid(d1232b198b824674698193befde19141) Importer(815301076,1909f56bfc062723c751e8b465ee728b)  -> (artifact id: 'a57788f5bcf9519774a3e8a36a1cabe0') in 0.022071 seconds 
========================================================================
Received Import Request.
  Time since last request: 0.000019 seconds.
  path: Assets/Models/FBX format/billboardDouble_exclusive.fbx
  artifactKey: Guid(11ba76ae34987d340bc653ccb03bd76b) Importer(815301076,1909f56bfc062723c751e8b465ee728b)
Start importing Assets/Models/FBX format/billboardDouble_exclusive.fbx using Guid(11ba76ae34987d340bc653ccb03bd76b) Importer(815301076,1909f56bfc062723c751e8b465ee728b)  -> (artifact id: 'c5388594b8d098b729f4fe5dfc8321cd') in 0.042489 seconds 
========================================================================
Received Import Request.
  Time since last request: 0.000021 seconds.
  path: Assets/Models/FBX format/roadCornerLarge.fbx
  artifactKey: Guid(9260d7d893cc39747b983d0f33fa0e24) Importer(815301076,1909f56bfc062723c751e8b465ee728b)
Start importing Assets/Models/FBX format/roadCornerLarge.fbx using Guid(9260d7d893cc39747b983d0f33fa0e24) Importer(815301076,1909f56bfc062723c751e8b465ee728b)  -> (artifact id: '5df2d7e5b593b54a1a6f8ecad31707a3') in 0.036564 seconds 
========================================================================
Received Import Request.
  Time since last request: 0.000029 seconds.
  path: Assets/Models/FBX format/roadCornerLarger.fbx
  artifactKey: Guid(33e99ca7fee1c95408e367b52616c562) Importer(815301076,1909f56bfc062723c751e8b465ee728b)
Start importing Assets/Models/FBX format/roadCornerLarger.fbx using Guid(33e99ca7fee1c95408e367b52616c562) Importer(815301076,1909f56bfc062723c751e8b465ee728b)  -> (artifact id: '6861d5f59756d0c9a776ecc825851d78') in 0.036131 seconds 
========================================================================
Received Import Request.
  Time since last request: 0.000021 seconds.
  path: Assets/Models/FBX format/lightPostModern.fbx
  artifactKey: Guid(4de0c25505d5bcf48b335bd43854b4f2) Importer(815301076,1909f56bfc062723c751e8b465ee728b)
Start importing Assets/Models/FBX format/lightPostModern.fbx using Guid(4de0c25505d5bcf48b335bd43854b4f2) Importer(815301076,1909f56bfc062723c751e8b465ee728b)  -> (artifact id: 'f9763cff5bd0e145683825b19a33f215') in 0.031500 seconds 
========================================================================
Received Import Request.
  Time since last request: 0.000026 seconds.
  path: Assets/Models/FBX format/overheadRoundColored.fbx
  artifactKey: Guid(d6422bb2d66388044a10183a624277f9) Importer(815301076,1909f56bfc062723c751e8b465ee728b)
Start importing Assets/Models/FBX format/overheadRoundColored.fbx using Guid(d6422bb2d66388044a10183a624277f9) Importer(815301076,1909f56bfc062723c751e8b465ee728b)  -> (artifact id: 'd8859bf5e5ee6e8f63e1ea65f8d25da0') in 0.031702 seconds 
========================================================================
Received Import Request.
  Time since last request: 0.000024 seconds.
  path: Assets/Models/FBX format/flagCheckersSmall.fbx
  artifactKey: Guid(3b4f7d3a5fdb14643ac6a34e34d61691) Importer(815301076,1909f56bfc062723c751e8b465ee728b)
Start importing Assets/Models/FBX format/flagCheckersSmall.fbx using Guid(3b4f7d3a5fdb14643ac6a34e34d61691) Importer(815301076,1909f56bfc062723c751e8b465ee728b)  -> (artifact id: '52086ebe24795d690ef8cce2be013b7f') in 0.045284 seconds 
========================================================================
Received Import Request.
  Time since last request: 0.000032 seconds.
  path: Assets/Models/FBX format/billboard.fbx
  artifactKey: Guid(4bee170992b4779428620925321053e6) Importer(815301076,1909f56bfc062723c751e8b465ee728b)
Start importing Assets/Models/FBX format/billboard.fbx using Guid(4bee170992b4779428620925321053e6) Importer(815301076,1909f56bfc062723c751e8b465ee728b)  -> (artifact id: '8b09a7109344cac04a3362de2b4a6c87') in 0.043872 seconds 
========================================================================
Received Import Request.
  Time since last request: 0.000027 seconds.
  path: Assets/Models/FBX format/rail.fbx
  artifactKey: Guid(23577c110ba624c4797c3d315622ce9d) Importer(815301076,1909f56bfc062723c751e8b465ee728b)
Start importing Assets/Models/FBX format/rail.fbx using Guid(23577c110ba624c4797c3d315622ce9d) Importer(815301076,1909f56bfc062723c751e8b465ee728b)  -> (artifact id: '022738acf5afe6e363397c4e0904a956') in 0.025082 seconds 
========================================================================
Received Import Request.
  Time since last request: 0.000023 seconds.
  path: Assets/Models/FBX format/treeLarge.fbx
  artifactKey: Guid(aae9109bb13b3c14bbfe28cc38cb7fcb) Importer(815301076,1909f56bfc062723c751e8b465ee728b)
Start importing Assets/Models/FBX format/treeLarge.fbx using Guid(aae9109bb13b3c14bbfe28cc38cb7fcb) Importer(815301076,1909f56bfc062723c751e8b465ee728b)  -> (artifact id: '205b3d61865ddfc378dfaa190927ff5a') in 0.033882 seconds 
========================================================================
Received Import Request.
  Time since last request: 0.000027 seconds.
  path: Assets/Models/FBX format/pylon.fbx
  artifactKey: Guid(a5d763bf43dc58442a3be2eb2696995d) Importer(815301076,1909f56bfc062723c751e8b465ee728b)
Start importing Assets/Models/FBX format/pylon.fbx using Guid(a5d763bf43dc58442a3be2eb2696995d) Importer(815301076,1909f56bfc062723c751e8b465ee728b)  -> (artifact id: 'f1bf1b31b8c4517cde80675ae16e441a') in 0.025333 seconds 
========================================================================
Received Import Request.
  Time since last request: 83.800637 seconds.
  path: Assets/kenney_racingkit2/Sample.png
  artifactKey: Guid(4c6520bfe5070e74da87236b529f9e0f) Importer(815301076,1909f56bfc062723c751e8b465ee728b)
Start importing Assets/kenney_racingkit2/Sample.png using Guid(4c6520bfe5070e74da87236b529f9e0f) Importer(815301076,1909f56bfc062723c751e8b465ee728b)  -> (artifact id: '4c82f12b41c49a6f8870613fdb951db5') in 0.034057 seconds 
========================================================================
Received Import Request.
  Time since last request: 7.480619 seconds.
  path: Assets/kenney_racingkit2/Side/bannerTowerRed.png
  artifactKey: Guid(a20ea7736f6ac7c4db139159dbdd5e9c) Importer(815301076,1909f56bfc062723c751e8b465ee728b)
Start importing Assets/kenney_racingkit2/Side/bannerTowerRed.png using Guid(a20ea7736f6ac7c4db139159dbdd5e9c) Importer(815301076,1909f56bfc062723c751e8b465ee728b)  -> (artifact id: '41290c4198a99e56326db78dcd6c84b2') in 0.015921 seconds 
========================================================================
Received Import Request.
  Time since last request: 0.000032 seconds.
  path: Assets/kenney_racingkit2/Side/raceCarWhite.png
  artifactKey: Guid(c998e71ddbbdfd648a9cb08a006faa5a) Importer(815301076,1909f56bfc062723c751e8b465ee728b)
Start importing Assets/kenney_racingkit2/Side/raceCarWhite.png using Guid(c998e71ddbbdfd648a9cb08a006faa5a) Importer(815301076,1909f56bfc062723c751e8b465ee728b)  -> (artifact id: 'b35990f8f059381803af6245fc877862') in 0.023777 seconds 
========================================================================
Received Import Request.
  Time since last request: 0.000026 seconds.
  path: Assets/kenney_racingkit2/Side/lightColored.png
  artifactKey: Guid(9aaa869da41c960458db3d2cd9bff8ef) Importer(815301076,1909f56bfc062723c751e8b465ee728b)
Start importing Assets/kenney_racingkit2/Side/lightColored.png using Guid(9aaa869da41c960458db3d2cd9bff8ef) Importer(815301076,1909f56bfc062723c751e8b465ee728b)  -> (artifact id: 'fdb178672b0bd4f79e4e31f8fad246f3') in 0.024786 seconds 
========================================================================
Received Import Request.
  Time since last request: 0.000032 seconds.
  path: Assets/kenney_racingkit2/Side/overhead.png
  artifactKey: Guid(a8b39e75fde3f20408824a5f5bf1c074) Importer(815301076,1909f56bfc062723c751e8b465ee728b)
Start importing Assets/kenney_racingkit2/Side/overhead.png using Guid(a8b39e75fde3f20408824a5f5bf1c074) Importer(815301076,1909f56bfc062723c751e8b465ee728b)  -> (artifact id: '12db1744e0bf20b31411fb7e21ddd13d') in 0.021223 seconds 
========================================================================
Received Import Request.
  Time since last request: 0.000030 seconds.
  path: Assets/kenney_racingkit2/Side/flagTankco.png
  artifactKey: Guid(00671b7d01e93c64d82a87f7442b3c86) Importer(815301076,1909f56bfc062723c751e8b465ee728b)
Start importing Assets/kenney_racingkit2/Side/flagTankco.png using Guid(00671b7d01e93c64d82a87f7442b3c86) Importer(815301076,1909f56bfc062723c751e8b465ee728b)  -> (artifact id: '0f34aa7a8cec68f26a1d4172eb522a57') in 0.026385 seconds 
========================================================================
Received Import Request.
  Time since last request: 0.000038 seconds.
  path: Assets/kenney_racingkit2/Side/raceCarOrange.png
  artifactKey: Guid(b3f04a4cb85284c48887e088d3aa5a0d) Importer(815301076,1909f56bfc062723c751e8b465ee728b)
Start importing Assets/kenney_racingkit2/Side/raceCarOrange.png using Guid(b3f04a4cb85284c48887e088d3aa5a0d) Importer(815301076,1909f56bfc062723c751e8b465ee728b)  -> (artifact id: '1e41a25bff03b6e73a095ee3e691449f') in 0.014136 seconds 
========================================================================
Received Import Request.
  Time since last request: 0.000025 seconds.
  path: Assets/kenney_racingkit2/Side/flagCheckersSmall.png
  artifactKey: Guid(245f00b5b444c5a4bbda878332be7305) Importer(815301076,1909f56bfc062723c751e8b465ee728b)
Start importing Assets/kenney_racingkit2/Side/flagCheckersSmall.png using Guid(245f00b5b444c5a4bbda878332be7305) Importer(815301076,1909f56bfc062723c751e8b465ee728b)  -> (artifact id: '7f77e66b74a48d9d041f34b8f5839d7f') in 0.012971 seconds 
========================================================================
Received Import Request.
  Time since last request: 0.000025 seconds.
  path: Assets/kenney_racingkit2/Side/pitsGarageClosed.png
  artifactKey: Guid(a97f8adec4a389742a8422fdcb55be66) Importer(815301076,1909f56bfc062723c751e8b465ee728b)
Start importing Assets/kenney_racingkit2/Side/pitsGarageClosed.png using Guid(a97f8adec4a389742a8422fdcb55be66) Importer(815301076,1909f56bfc062723c751e8b465ee728b)  -> (artifact id: '5033bd29d41b578ab68b3c5d7da0d2e1') in 0.012195 seconds 
========================================================================
Received Import Request.
  Time since last request: 0.000024 seconds.
  path: Assets/kenney_racingkit2/Side/lightRed.png
  artifactKey: Guid(6f4ed620b571d8a4489dec2fdfc52384) Importer(815301076,1909f56bfc062723c751e8b465ee728b)
Start importing Assets/kenney_racingkit2/Side/lightRed.png using Guid(6f4ed620b571d8a4489dec2fdfc52384) Importer(815301076,1909f56bfc062723c751e8b465ee728b)  -> (artifact id: '8fefdb47c381f3210a549a1cf28109c2') in 0.011448 seconds 
========================================================================
Received Import Request.
  Time since last request: 0.000028 seconds.
  path: Assets/kenney_racingkit2/Side/barrierRed.png
  artifactKey: Guid(41e6d6de68333f74ab285f3be2dfaf60) Importer(815301076,1909f56bfc062723c751e8b465ee728b)
Start importing Assets/kenney_racingkit2/Side/barrierRed.png using Guid(41e6d6de68333f74ab285f3be2dfaf60) Importer(815301076,1909f56bfc062723c751e8b465ee728b)  -> (artifact id: 'bb8515cea5b3e7967570ed5331c5b20b') in 0.012216 seconds 
========================================================================
Received Import Request.
  Time since last request: 0.000029 seconds.
  path: Assets/kenney_racingkit2/Side/barrierWhite.png
  artifactKey: Guid(cc29b9e112654c1469a0f15381783cd8) Importer(815301076,1909f56bfc062723c751e8b465ee728b)
Start importing Assets/kenney_racingkit2/Side/barrierWhite.png using Guid(cc29b9e112654c1469a0f15381783cd8) Importer(815301076,1909f56bfc062723c751e8b465ee728b)  -> (artifact id: 'ea04daa27351f9dc81355565df27f82e') in 0.009924 seconds 
========================================================================
Received Import Request.
  Time since last request: 0.000022 seconds.
  path: Assets/kenney_racingkit2/Side/pitsOffice.png
  artifactKey: Guid(cf086aaa76b07184d81e41b91c813224) Importer(815301076,1909f56bfc062723c751e8b465ee728b)
Start importing Assets/kenney_racingkit2/Side/pitsOffice.png using Guid(cf086aaa76b07184d81e41b91c813224) Importer(815301076,1909f56bfc062723c751e8b465ee728b)  -> (artifact id: 'cc533cb1260973f5f7e2ffe9cf123c74') in 0.010311 seconds 
========================================================================
Received Import Request.
  Time since last request: 0.000023 seconds.
  path: Assets/kenney_racingkit2/Side/pitsOfficeCorner.png
  artifactKey: Guid(1fada51fdd603aa4d995bca0a193b03d) Importer(815301076,1909f56bfc062723c751e8b465ee728b)
Start importing Assets/kenney_racingkit2/Side/pitsOfficeCorner.png using Guid(1fada51fdd603aa4d995bca0a193b03d) Importer(815301076,1909f56bfc062723c751e8b465ee728b)  -> (artifact id: 'b3562272716c7c8c5906cf4296d8f58c') in 0.009935 seconds 
========================================================================
Received Import Request.
  Time since last request: 0.000033 seconds.
  path: Assets/kenney_racingkit2/Side/grandStandRound.png
  artifactKey: Guid(54395dc698ce33743b4aaceb26479af5) Importer(815301076,1909f56bfc062723c751e8b465ee728b)
Start importing Assets/kenney_racingkit2/Side/grandStandRound.png using Guid(54395dc698ce33743b4aaceb26479af5) Importer(815301076,1909f56bfc062723c751e8b465ee728b)  -> (artifact id: '865d8647c56255bcf1974a7249e263da') in 0.011734 seconds 
========================================================================
Received Import Request.
  Time since last request: 0.000029 seconds.
  path: Assets/kenney_racingkit2/Side/billboardLower.png
  artifactKey: Guid(a60fd21807e65484b93e84d909fe3af7) Importer(815301076,1909f56bfc062723c751e8b465ee728b)
Start importing Assets/kenney_racingkit2/Side/billboardLower.png using Guid(a60fd21807e65484b93e84d909fe3af7) Importer(815301076,1909f56bfc062723c751e8b465ee728b)  -> (artifact id: '991bacd1eaf9569abb0dcee7894caac3') in 0.010207 seconds 
========================================================================
Received Import Request.
  Time since last request: 0.000026 seconds.
  path: Assets/kenney_racingkit2/Side/overheadRoundColored.png
  artifactKey: Guid(5c862b0ae3a9ed247ba2ce5c2c9c4190) Importer(815301076,1909f56bfc062723c751e8b465ee728b)
Start importing Assets/kenney_racingkit2/Side/overheadRoundColored.png using Guid(5c862b0ae3a9ed247ba2ce5c2c9c4190) Importer(815301076,1909f56bfc062723c751e8b465ee728b)  -> (artifact id: 'e476b702d28572e54cffba26bb8d203c') in 0.011090 seconds 
========================================================================
Received Import Request.
  Time since last request: 0.000026 seconds.
  path: Assets/kenney_racingkit2/Side/lightPostModern.png
  artifactKey: Guid(cb53a411b37f4fe4d8ec8b531a6ac095) Importer(815301076,1909f56bfc062723c751e8b465ee728b)
Start importing Assets/kenney_racingkit2/Side/lightPostModern.png using Guid(cb53a411b37f4fe4d8ec8b531a6ac095) Importer(815301076,1909f56bfc062723c751e8b465ee728b)  -> (artifact id: '293da5c2a207573cfd3b56a272ca5344') in 0.011089 seconds 
========================================================================
Received Import Request.
  Time since last request: 0.000031 seconds.
  path: Assets/kenney_racingkit2/Side/rail.png
  artifactKey: Guid(a15f89bda4885584bb80f3aba88b6fb3) Importer(815301076,1909f56bfc062723c751e8b465ee728b)
Start importing Assets/kenney_racingkit2/Side/rail.png using Guid(a15f89bda4885584bb80f3aba88b6fb3) Importer(815301076,1909f56bfc062723c751e8b465ee728b)  -> (artifact id: '4edc24003628ef4372064f835ae4a3be') in 0.014217 seconds 
========================================================================
Received Import Request.
  Time since last request: 0.000038 seconds.
  path: Assets/kenney_racingkit2/Side/radarEquipment.png
  artifactKey: Guid(70619934890e2ec4e8ae3e4599dd427b) Importer(815301076,1909f56bfc062723c751e8b465ee728b)
Start importing Assets/kenney_racingkit2/Side/radarEquipment.png using Guid(70619934890e2ec4e8ae3e4599dd427b) Importer(815301076,1909f56bfc062723c751e8b465ee728b)  -> (artifact id: '853d4b7825b39d61967b4edfad1a41a5') in 0.014201 seconds 
========================================================================
Received Import Request.
  Time since last request: 0.000028 seconds.
  path: Assets/kenney_racingkit2/Side/lightPost_exclusive.png
  artifactKey: Guid(d02f127eb261206478c2014b0a5e5830) Importer(815301076,1909f56bfc062723c751e8b465ee728b)
Start importing Assets/kenney_racingkit2/Side/lightPost_exclusive.png using Guid(d02f127eb261206478c2014b0a5e5830) Importer(815301076,1909f56bfc062723c751e8b465ee728b)  -> (artifact id: 'e5c143ac178e37e9830c2fe7f1ff0fb4') in 0.013795 seconds 
========================================================================
Received Import Request.
  Time since last request: 0.000026 seconds.
  path: Assets/kenney_racingkit2/Side/flagGreen.png
  artifactKey: Guid(fa32f3ea163a59b4ca0592f20ddff8b1) Importer(815301076,1909f56bfc062723c751e8b465ee728b)
Start importing Assets/kenney_racingkit2/Side/flagGreen.png using Guid(fa32f3ea163a59b4ca0592f20ddff8b1) Importer(815301076,1909f56bfc062723c751e8b465ee728b)  -> (artifact id: '1ad737b3ee0246440ddc149fb368fe00') in 0.012145 seconds 
========================================================================
Received Import Request.
  Time since last request: 0.000024 seconds.
  path: Assets/kenney_racingkit2/Side/grandStandAwning.png
  artifactKey: Guid(319bddaaef7ed25498549fe2550ff410) Importer(815301076,1909f56bfc062723c751e8b465ee728b)
Start importing Assets/kenney_racingkit2/Side/grandStandAwning.png using Guid(319bddaaef7ed25498549fe2550ff410) Importer(815301076,1909f56bfc062723c751e8b465ee728b)  -> (artifact id: '0dd41ff66c074d2bcc61addaa75c9d8c') in 0.014552 seconds 
========================================================================
Received Import Request.
  Time since last request: 0.000034 seconds.
  path: Assets/kenney_racingkit2/Side/billboard.png
  artifactKey: Guid(c92c4d0ea02672749a1017248d3a33a9) Importer(815301076,1909f56bfc062723c751e8b465ee728b)
Start importing Assets/kenney_racingkit2/Side/billboard.png using Guid(c92c4d0ea02672749a1017248d3a33a9) Importer(815301076,1909f56bfc062723c751e8b465ee728b)  -> (artifact id: '16473705541cfe41b2142ccb184ca4b8') in 0.014294 seconds 
========================================================================
Received Import Request.
  Time since last request: 0.000031 seconds.
  path: Assets/kenney_racingkit2/Side/pitsGarageCorner.png
  artifactKey: Guid(4d9c6241ca6fdd344a4c43c9155879b2) Importer(815301076,1909f56bfc062723c751e8b465ee728b)
Start importing Assets/kenney_racingkit2/Side/pitsGarageCorner.png using Guid(4d9c6241ca6fdd344a4c43c9155879b2) Importer(815301076,1909f56bfc062723c751e8b465ee728b)  -> (artifact id: 'c0d88852f1ba5b7a78f3d93bb08056ba') in 0.011316 seconds 
========================================================================
Received Import Request.
  Time since last request: 18.320221 seconds.
  path: Assets/kenney_racingkit2/Models/FBX format/bannerTowerRed.fbx
  artifactKey: Guid(395ee72cfc8262b4781cd6a736fbc3ce) Importer(815301076,1909f56bfc062723c751e8b465ee728b)
Start importing Assets/kenney_racingkit2/Models/FBX format/bannerTowerRed.fbx using Guid(395ee72cfc8262b4781cd6a736fbc3ce) Importer(815301076,1909f56bfc062723c751e8b465ee728b)  -> (artifact id: 'c029e961c337b924fa143fb2d3a92f84') in 0.038873 seconds 
========================================================================
Received Import Request.
  Time since last request: 0.000025 seconds.
  path: Assets/kenney_racingkit2/Models/FBX format/pylon.fbx
  artifactKey: Guid(2678225683cc1814d9f1b7c95beb9d1f) Importer(815301076,1909f56bfc062723c751e8b465ee728b)
Start importing Assets/kenney_racingkit2/Models/FBX format/pylon.fbx using Guid(2678225683cc1814d9f1b7c95beb9d1f) Importer(815301076,1909f56bfc062723c751e8b465ee728b)  -> (artifact id: 'd9e127a846e838f62b0ec25120685003') in 0.049248 seconds 
========================================================================
Received Import Request.
  Time since last request: 0.000030 seconds.
  path: Assets/kenney_racingkit2/Models/FBX format/pitsGarage.fbx
  artifactKey: Guid(646d11f79ef1401439b5a730cf67ea95) Importer(815301076,1909f56bfc062723c751e8b465ee728b)
Start importing Assets/kenney_racingkit2/Models/FBX format/pitsGarage.fbx using Guid(646d11f79ef1401439b5a730cf67ea95) Importer(815301076,1909f56bfc062723c751e8b465ee728b)  -> (artifact id: '415ef66906451f883c7fedfce4132fe3') in 0.044523 seconds 
========================================================================
Received Import Request.
  Time since last request: 0.000023 seconds.
  path: Assets/kenney_racingkit2/Models/FBX format/grandStandRound.fbx
  artifactKey: Guid(b3dc982bcca2cf6448e9745aacc12933) Importer(815301076,1909f56bfc062723c751e8b465ee728b)
Start importing Assets/kenney_racingkit2/Models/FBX format/grandStandRound.fbx using Guid(b3dc982bcca2cf6448e9745aacc12933) Importer(815301076,1909f56bfc062723c751e8b465ee728b)  -> (artifact id: 'b22ea5a60ba52c18620b9a90322444e2') in 0.042572 seconds 
========================================================================
Received Import Request.
  Time since last request: 0.000024 seconds.
  path: Assets/kenney_racingkit2/Models/FBX format/flagRed.fbx
  artifactKey: Guid(2be88f3073e706f419f54e67f5a4d120) Importer(815301076,1909f56bfc062723c751e8b465ee728b)
Start importing Assets/kenney_racingkit2/Models/FBX format/flagRed.fbx using Guid(2be88f3073e706f419f54e67f5a4d120) Importer(815301076,1909f56bfc062723c751e8b465ee728b)  -> (artifact id: '855abbb20d0f1c16e63021c1ce6b108b') in 0.055200 seconds 
========================================================================
Received Import Request.
  Time since last request: 0.000020 seconds.
  path: Assets/kenney_racingkit2/Models/FBX format/billboardDouble_exclusive.fbx
  artifactKey: Guid(c4cf45534742da641ad19401cfc4eb4a) Importer(815301076,1909f56bfc062723c751e8b465ee728b)
Start importing Assets/kenney_racingkit2/Models/FBX format/billboardDouble_exclusive.fbx using Guid(c4cf45534742da641ad19401cfc4eb4a) Importer(815301076,1909f56bfc062723c751e8b465ee728b)  -> (artifact id: 'ebc5d644658b2ceee1d6a63f12cecd7d') in 0.043876 seconds 
========================================================================
Received Import Request.
  Time since last request: 0.000029 seconds.
  path: Assets/kenney_racingkit2/Models/FBX format/lightPostModern.fbx
  artifactKey: Guid(5dd85f0b672ca9448a75f35eed15d7c7) Importer(815301076,1909f56bfc062723c751e8b465ee728b)
Start importing Assets/kenney_racingkit2/Models/FBX format/lightPostModern.fbx using Guid(5dd85f0b672ca9448a75f35eed15d7c7) Importer(815301076,1909f56bfc062723c751e8b465ee728b)  -> (artifact id: '7faa09f2d869551bcbc72b58173dec1a') in 0.030215 seconds 
========================================================================
Received Import Request.
  Time since last request: 0.000031 seconds.
  path: Assets/kenney_racingkit2/Models/FBX format/pitsGarageClosed.fbx
  artifactKey: Guid(47fc0747bedc3b741aba4259d2de3908) Importer(815301076,1909f56bfc062723c751e8b465ee728b)
Start importing Assets/kenney_racingkit2/Models/FBX format/pitsGarageClosed.fbx using Guid(47fc0747bedc3b741aba4259d2de3908) Importer(815301076,1909f56bfc062723c751e8b465ee728b)  -> (artifact id: '8a07a61e95886b47f4e660113a652cef') in 0.051672 seconds 
========================================================================
Received Import Request.
  Time since last request: 0.000040 seconds.
  path: Assets/kenney_racingkit2/Models/FBX format/billboardLower.fbx
  artifactKey: Guid(c4b320e8d7e2d9642a58cd0d45368061) Importer(815301076,1909f56bfc062723c751e8b465ee728b)
Start importing Assets/kenney_racingkit2/Models/FBX format/billboardLower.fbx using Guid(c4b320e8d7e2d9642a58cd0d45368061) Importer(815301076,1909f56bfc062723c751e8b465ee728b)  -> (artifact id: '09710ec2d247c96b79abb2fadbda53f9') in 0.050373 seconds 
========================================================================
Received Import Request.
  Time since last request: 0.000023 seconds.
  path: Assets/kenney_racingkit2/Models/FBX format/grass.fbx
  artifactKey: Guid(870315fa097219a4d8c1658a4c796beb) Importer(815301076,1909f56bfc062723c751e8b465ee728b)
Start importing Assets/kenney_racingkit2/Models/FBX format/grass.fbx using Guid(870315fa097219a4d8c1658a4c796beb) Importer(815301076,1909f56bfc062723c751e8b465ee728b)  -> (artifact id: '823e7f615eb3d6c47cc9dbf33a196fe4') in 0.025393 seconds 
========================================================================
Received Import Request.
  Time since last request: 0.000022 seconds.
  path: Assets/kenney_racingkit2/Models/FBX format/flagCheckers.fbx
  artifactKey: Guid(a491dec63ee009f4d815ded5550cdc70) Importer(815301076,1909f56bfc062723c751e8b465ee728b)
Start importing Assets/kenney_racingkit2/Models/FBX format/flagCheckers.fbx using Guid(a491dec63ee009f4d815ded5550cdc70) Importer(815301076,1909f56bfc062723c751e8b465ee728b)  -> (artifact id: '199d06b79b51a84c74e7495fdf61195b') in 0.051577 seconds 
========================================================================
Received Import Request.
  Time since last request: 0.000021 seconds.
  path: Assets/kenney_racingkit2/Models/FBX format/grandStandAwning.fbx
  artifactKey: Guid(f7d7c10ffe67bcd42ac840ff6ea44a37) Importer(815301076,1909f56bfc062723c751e8b465ee728b)
Start importing Assets/kenney_racingkit2/Models/FBX format/grandStandAwning.fbx using Guid(f7d7c10ffe67bcd42ac840ff6ea44a37) Importer(815301076,1909f56bfc062723c751e8b465ee728b)  -> (artifact id: '0cb71bcdab104c25097f7b41a0505082') in 0.039006 seconds 
========================================================================
Received Import Request.
  Time since last request: 0.000039 seconds.
  path: Assets/kenney_racingkit2/Models/FBX format/grandStandCoveredRound.fbx
  artifactKey: Guid(56201c59e0d94164782b074553759e0a) Importer(815301076,1909f56bfc062723c751e8b465ee728b)
Start importing Assets/kenney_racingkit2/Models/FBX format/grandStandCoveredRound.fbx using Guid(56201c59e0d94164782b074553759e0a) Importer(815301076,1909f56bfc062723c751e8b465ee728b)  -> (artifact id: '00bea06eec579559094af59b1b90f83c') in 0.049195 seconds 
========================================================================
Received Import Request.
  Time since last request: 0.000026 seconds.
  path: Assets/kenney_racingkit2/Models/FBX format/flagGreen.fbx
  artifactKey: Guid(8f1c6d78a4caaa4438a67af4943c2d67) Importer(815301076,1909f56bfc062723c751e8b465ee728b)
Start importing Assets/kenney_racingkit2/Models/FBX format/flagGreen.fbx using Guid(8f1c6d78a4caaa4438a67af4943c2d67) Importer(815301076,1909f56bfc062723c751e8b465ee728b)  -> (artifact id: '1e6c9b37255e457f4c23b1dbefd63f0e') in 0.050465 seconds 
========================================================================
Received Import Request.
  Time since last request: 0.000030 seconds.
  path: Assets/kenney_racingkit2/Models/FBX format/raceCarRed.fbx
  artifactKey: Guid(859e1b7b70e5b434693aff3452f27c94) Importer(815301076,1909f56bfc062723c751e8b465ee728b)
Start importing Assets/kenney_racingkit2/Models/FBX format/raceCarRed.fbx using Guid(859e1b7b70e5b434693aff3452f27c94) Importer(815301076,1909f56bfc062723c751e8b465ee728b)  -> (artifact id: '342ab86d31b151a9fa52d131852fa8e8') in 0.102067 seconds 
========================================================================
Received Import Request.
  Time since last request: 0.000026 seconds.
  path: Assets/kenney_racingkit2/Models/FBX format/overheadRoundColored.fbx
  artifactKey: Guid(43194e45e3f5cc248812383d7f80037c) Importer(815301076,1909f56bfc062723c751e8b465ee728b)
Start importing Assets/kenney_racingkit2/Models/FBX format/overheadRoundColored.fbx using Guid(43194e45e3f5cc248812383d7f80037c) Importer(815301076,1909f56bfc062723c751e8b465ee728b)  -> (artifact id: 'eaf3996e67c4206036015d2d5d7bcec3') in 0.028967 seconds 
========================================================================
Received Import Request.
  Time since last request: 0.000033 seconds.
  path: Assets/kenney_racingkit2/Models/FBX format/overhead.fbx
  artifactKey: Guid(d3692812ae4b2da4b9320c292b6feacf) Importer(815301076,1909f56bfc062723c751e8b465ee728b)
Start importing Assets/kenney_racingkit2/Models/FBX format/overhead.fbx using Guid(d3692812ae4b2da4b9320c292b6feacf) Importer(815301076,1909f56bfc062723c751e8b465ee728b)  -> (artifact id: '69e40eda188507950c34a79d4ef6914f') in 0.026196 seconds 
========================================================================
Received Import Request.
  Time since last request: 0.499054 seconds.
  path: Assets/kenney_racingkit2/Models/FBX format/railDouble.fbx
  artifactKey: Guid(e6eaa853a3500de47b49236d919a6282) Importer(815301076,1909f56bfc062723c751e8b465ee728b)
Start importing Assets/kenney_racingkit2/Models/FBX format/railDouble.fbx using Guid(e6eaa853a3500de47b49236d919a6282) Importer(815301076,1909f56bfc062723c751e8b465ee728b)  -> (artifact id: 'fb78ab783aa8fa402ab6484e9d8c5d14') in 0.026517 seconds 
========================================================================
Received Import Request.
  Time since last request: 0.000025 seconds.
  path: Assets/kenney_racingkit2/Models/FBX format/roadCornerBridgeLarge.fbx
  artifactKey: Guid(f7472f80d911053479b09bb7e8b2f452) Importer(815301076,1909f56bfc062723c751e8b465ee728b)
Start importing Assets/kenney_racingkit2/Models/FBX format/roadCornerBridgeLarge.fbx using Guid(f7472f80d911053479b09bb7e8b2f452) Importer(815301076,1909f56bfc062723c751e8b465ee728b)  -> (artifact id: '2a0645e46363a7d30f2090836ab470b1') in 0.038947 seconds 
========================================================================
Received Import Request.
  Time since last request: 0.000025 seconds.
  path: Assets/kenney_racingkit2/Models/FBX format/roadPitEntry.fbx
  artifactKey: Guid(93332a0d504b1e94aa834905e1ca342c) Importer(815301076,1909f56bfc062723c751e8b465ee728b)
Start importing Assets/kenney_racingkit2/Models/FBX format/roadPitEntry.fbx using Guid(93332a0d504b1e94aa834905e1ca342c) Importer(815301076,1909f56bfc062723c751e8b465ee728b)  -> (artifact id: 'a9cea8d262baed2a3970b9bf95a9ab2d') in 0.037319 seconds 
========================================================================
Received Import Request.
  Time since last request: 0.000034 seconds.
  path: Assets/kenney_racingkit2/Models/FBX format/roadSplit.fbx
  artifactKey: Guid(2a3a838932416ff4e959e453521b55b7) Importer(815301076,1909f56bfc062723c751e8b465ee728b)
Start importing Assets/kenney_racingkit2/Models/FBX format/roadSplit.fbx using Guid(2a3a838932416ff4e959e453521b55b7) Importer(815301076,1909f56bfc062723c751e8b465ee728b)  -> (artifact id: 'dc37b02f0590c35129aaa2e85ad2ffc8') in 0.037265 seconds 
========================================================================
Received Import Request.
  Time since last request: 0.000037 seconds.
  path: Assets/kenney_racingkit2/Models/FBX format/roadCornerLargeWallInner.fbx
  artifactKey: Guid(91baf07edea7479428ee22c99976c1f3) Importer(815301076,1909f56bfc062723c751e8b465ee728b)
Start importing Assets/kenney_racingkit2/Models/FBX format/roadCornerLargeWallInner.fbx using Guid(91baf07edea7479428ee22c99976c1f3) Importer(815301076,1909f56bfc062723c751e8b465ee728b)  -> (artifact id: '44207d7527ea620a56fdd115f5114614') in 0.038580 seconds 
========================================================================
Received Import Request.
  Time since last request: 0.000034 seconds.
  path: Assets/kenney_racingkit2/Models/FBX format/roadCurvedSplit.fbx
  artifactKey: Guid(bd2820c963dddd44892e6cbc8767efb2) Importer(815301076,1909f56bfc062723c751e8b465ee728b)
Start importing Assets/kenney_racingkit2/Models/FBX format/roadCurvedSplit.fbx using Guid(bd2820c963dddd44892e6cbc8767efb2) Importer(815301076,1909f56bfc062723c751e8b465ee728b)  -> (artifact id: 'fc296cedb592285742f52b618af75b50') in 0.041353 seconds 
========================================================================
Received Import Request.
  Time since last request: 0.000026 seconds.
  path: Assets/kenney_racingkit2/Models/FBX format/roadCornerLargerWall.fbx
  artifactKey: Guid(ce5f01b52688c0649ac0e95d9cf37471) Importer(815301076,1909f56bfc062723c751e8b465ee728b)
Start importing Assets/kenney_racingkit2/Models/FBX format/roadCornerLargerWall.fbx using Guid(ce5f01b52688c0649ac0e95d9cf37471) Importer(815301076,1909f56bfc062723c751e8b465ee728b)  -> (artifact id: '812229e8d1cd0de43b0bc0aff6f9934f') in 0.030839 seconds 
========================================================================
Received Import Request.
  Time since last request: 0.000027 seconds.
  path: Assets/kenney_racingkit2/Models/FBX format/roadRampLongWall.fbx
  artifactKey: Guid(81d288ce94892bd44b53ff94d36dcb78) Importer(815301076,1909f56bfc062723c751e8b465ee728b)
Start importing Assets/kenney_racingkit2/Models/FBX format/roadRampLongWall.fbx using Guid(81d288ce94892bd44b53ff94d36dcb78) Importer(815301076,1909f56bfc062723c751e8b465ee728b)  -> (artifact id: '5a802292fe4be40a2b122c5a9416ba89') in 0.042269 seconds 
========================================================================
Received Import Request.
  Time since last request: 0.000037 seconds.
  path: Assets/kenney_racingkit2/Models/FBX format/roadRampWall.fbx
  artifactKey: Guid(e89f2bbe99afe724b9d55abc2b019f82) Importer(815301076,1909f56bfc062723c751e8b465ee728b)
Start importing Assets/kenney_racingkit2/Models/FBX format/roadRampWall.fbx using Guid(e89f2bbe99afe724b9d55abc2b019f82) Importer(815301076,1909f56bfc062723c751e8b465ee728b)  -> (artifact id: '34249e75287d0cf7e594fee15ee95d08') in 0.039284 seconds 
========================================================================
Received Import Request.
  Time since last request: 0.000028 seconds.
  path: Assets/kenney_racingkit2/Models/FBX format/roadStraightBridgeStart.fbx
  artifactKey: Guid(45b4c57d1ced47b4c82982c799ac9fb8) Importer(815301076,1909f56bfc062723c751e8b465ee728b)
Start importing Assets/kenney_racingkit2/Models/FBX format/roadStraightBridgeStart.fbx using Guid(45b4c57d1ced47b4c82982c799ac9fb8) Importer(815301076,1909f56bfc062723c751e8b465ee728b)  -> (artifact id: '986e381a2ffe737ce0cc1cb39209b2f0') in 0.037312 seconds 
========================================================================
Received Import Request.
  Time since last request: 0.000032 seconds.
  path: Assets/kenney_racingkit2/Models/FBX format/roadStartPositions.fbx
  artifactKey: Guid(bff9fe69a73ad4945b9ae4b6f67a163d) Importer(815301076,1909f56bfc062723c751e8b465ee728b)
Start importing Assets/kenney_racingkit2/Models/FBX format/roadStartPositions.fbx using Guid(bff9fe69a73ad4945b9ae4b6f67a163d) Importer(815301076,1909f56bfc062723c751e8b465ee728b)  -> (artifact id: '16e02b1bc286244804ffaa56d42de4a3') in 0.037109 seconds 
========================================================================
Received Import Request.
  Time since last request: 0.000068 seconds.
  path: Assets/kenney_racingkit2/Models/FBX format/roadStraightSkew.fbx
  artifactKey: Guid(2c61a932b2eb82e42854246c2ab5caf6) Importer(815301076,1909f56bfc062723c751e8b465ee728b)
Start importing Assets/kenney_racingkit2/Models/FBX format/roadStraightSkew.fbx using Guid(2c61a932b2eb82e42854246c2ab5caf6) Importer(815301076,1909f56bfc062723c751e8b465ee728b)  -> (artifact id: '2e01d33dfa007117b372cdffe5fb1e7b') in 0.035747 seconds 
========================================================================
Received Import Request.
  Time since last request: 0.000036 seconds.
  path: Assets/kenney_racingkit2/Models/FBX format/tentRoof.fbx
  artifactKey: Guid(60d49ed68ce8c7443872c5f01b8a02d7) Importer(815301076,1909f56bfc062723c751e8b465ee728b)
Start importing Assets/kenney_racingkit2/Models/FBX format/tentRoof.fbx using Guid(60d49ed68ce8c7443872c5f01b8a02d7) Importer(815301076,1909f56bfc062723c751e8b465ee728b)  -> (artifact id: 'bb4e19d66a74d9044de160edaf3f5b03') in 0.031758 seconds 
========================================================================
Received Import Request.
  Time since last request: 0.000025 seconds.
  path: Assets/kenney_racingkit2/Models/FBX format/tentRoofDouble.fbx
  artifactKey: Guid(62c89b1c0299b934898cd562e245e6d7) Importer(815301076,1909f56bfc062723c751e8b465ee728b)
Start importing Assets/kenney_racingkit2/Models/FBX format/tentRoofDouble.fbx using Guid(62c89b1c0299b934898cd562e245e6d7) Importer(815301076,1909f56bfc062723c751e8b465ee728b)  -> (artifact id: 'd2e9133ad750de15403bcd8230fce5aa') in 0.031372 seconds 
========================================================================
Received Import Request.
  Time since last request: 0.000030 seconds.
  path: Assets/kenney_racingkit2/Models/FBX format/roadStraightArrow.fbx
  artifactKey: Guid(a44498ff56178494bab9c4c7899f5d2a) Importer(815301076,1909f56bfc062723c751e8b465ee728b)
Start importing Assets/kenney_racingkit2/Models/FBX format/roadStraightArrow.fbx using Guid(a44498ff56178494bab9c4c7899f5d2a) Importer(815301076,1909f56bfc062723c751e8b465ee728b)  -> (artifact id: '451bb51f0eeae194bbe39462f48cedca') in 0.038135 seconds 
========================================================================
Received Import Request.
  Time since last request: 0.000028 seconds.
  path: Assets/kenney_racingkit2/Models/FBX format/roadSide.fbx
  artifactKey: Guid(2a575226dd2ff124e873b05a67a16409) Importer(815301076,1909f56bfc062723c751e8b465ee728b)
Start importing Assets/kenney_racingkit2/Models/FBX format/roadSide.fbx using Guid(2a575226dd2ff124e873b05a67a16409) Importer(815301076,1909f56bfc062723c751e8b465ee728b)  -> (artifact id: '70e0267176048053ab475f80f241cc10') in 0.125475 seconds 
========================================================================
Received Import Request.
  Time since last request: 0.000035 seconds.
  path: Assets/kenney_racingkit2/Models/FBX format/roadRamp.fbx
  artifactKey: Guid(359444abefda056439b23e814ecfd514) Importer(815301076,1909f56bfc062723c751e8b465ee728b)
Start importing Assets/kenney_racingkit2/Models/FBX format/roadRamp.fbx using Guid(359444abefda056439b23e814ecfd514) Importer(815301076,1909f56bfc062723c751e8b465ee728b)  -> (artifact id: 'b4aec4ca059badf5b76616f9c7c7468f') in 0.036128 seconds 
========================================================================
Received Import Request.
  Time since last request: 0.000022 seconds.
  path: Assets/kenney_racingkit2/Models/FBX format/roadCornerLargerSandInner.fbx
  artifactKey: Guid(15482101b77ea5d4781ad94d6eac3669) Importer(815301076,1909f56bfc062723c751e8b465ee728b)
Start importing Assets/kenney_racingkit2/Models/FBX format/roadCornerLargerSandInner.fbx using Guid(15482101b77ea5d4781ad94d6eac3669) Importer(815301076,1909f56bfc062723c751e8b465ee728b)  -> (artifact id: 'a3df3c4f69f143e4b9044ee0da87972e') in 0.025360 seconds 
========================================================================
Received Import Request.
  Time since last request: 0.000025 seconds.
  path: Assets/kenney_racingkit2/Models/FBX format/roadRampLong.fbx
  artifactKey: Guid(b8b35cfd9e551f440a2d9d52640a789e) Importer(815301076,1909f56bfc062723c751e8b465ee728b)
Start importing Assets/kenney_racingkit2/Models/FBX format/roadRampLong.fbx using Guid(b8b35cfd9e551f440a2d9d52640a789e) Importer(815301076,1909f56bfc062723c751e8b465ee728b)  -> (artifact id: '2f644c2151b1fcc9cc21cd2e111e0887') in 0.035927 seconds 
========================================================================
Received Import Request.
  Time since last request: 0.000020 seconds.
  path: Assets/kenney_racingkit2/Models/FBX format/roadCornerLargerSand.fbx
  artifactKey: Guid(648110b1da3a0fb44a1ae641e74cbe6f) Importer(815301076,1909f56bfc062723c751e8b465ee728b)
Start importing Assets/kenney_racingkit2/Models/FBX format/roadCornerLargerSand.fbx using Guid(648110b1da3a0fb44a1ae641e74cbe6f) Importer(815301076,1909f56bfc062723c751e8b465ee728b)  -> (artifact id: '5431291627523f87b94dd49acb41324e') in 0.024179 seconds 
========================================================================
Received Import Request.
  Time since last request: 0.000027 seconds.
  path: Assets/kenney_racingkit2/Models/FBX format/roadCornerLargeBorder.fbx
  artifactKey: Guid(df27fbd49fbafd84e9613cb4252b4235) Importer(815301076,1909f56bfc062723c751e8b465ee728b)
Start importing Assets/kenney_racingkit2/Models/FBX format/roadCornerLargeBorder.fbx using Guid(df27fbd49fbafd84e9613cb4252b4235) Importer(815301076,1909f56bfc062723c751e8b465ee728b)  -> (artifact id: '732a7232835681b2093c200040360132') in 0.032294 seconds 
========================================================================
Received Import Request.
  Time since last request: 0.000026 seconds.
  path: Assets/kenney_racingkit2/Models/FBX format/roadCornerSmallWall.fbx
  artifactKey: Guid(11f8cc8c8ff9c814390cf776a14a5744) Importer(815301076,1909f56bfc062723c751e8b465ee728b)
Start importing Assets/kenney_racingkit2/Models/FBX format/roadCornerSmallWall.fbx using Guid(11f8cc8c8ff9c814390cf776a14a5744) Importer(815301076,1909f56bfc062723c751e8b465ee728b)  -> (artifact id: '1c96fcd9de0016f9b2bee60e8f34105d') in 0.034153 seconds 
========================================================================
Received Import Request.
  Time since last request: 0.000040 seconds.
  path: Assets/kenney_racingkit2/Models/FBX format/roadRampLongCurved.fbx
  artifactKey: Guid(24428e595178bfb4b92b8a1957e9b898) Importer(815301076,1909f56bfc062723c751e8b465ee728b)
Start importing Assets/kenney_racingkit2/Models/FBX format/roadRampLongCurved.fbx using Guid(24428e595178bfb4b92b8a1957e9b898) Importer(815301076,1909f56bfc062723c751e8b465ee728b)  -> (artifact id: '7c7cb73e4aba4fe6bec9544ecd2d87fa') in 0.035301 seconds 
========================================================================
Received Import Request.
  Time since last request: 26.052366 seconds.
  path: Assets/kenney_racingkit2/flagTankco.fbx
  artifactKey: Guid(7043cd10ab23549458d0d4468ae7c99f) Importer(815301076,1909f56bfc062723c751e8b465ee728b)
Start importing Assets/kenney_racingkit2/flagTankco.fbx using Guid(7043cd10ab23549458d0d4468ae7c99f) Importer(815301076,1909f56bfc062723c751e8b465ee728b)  -> (artifact id: '86c4839ace39359bd2fca43b5e115233') in 0.111749 seconds 
========================================================================
Received Import Request.
  Time since last request: 0.000027 seconds.
  path: Assets/kenney_racingkit2/billboardLower.fbx
  artifactKey: Guid(c4b320e8d7e2d9642a58cd0d45368061) Importer(815301076,1909f56bfc062723c751e8b465ee728b)
Start importing Assets/kenney_racingkit2/billboardLower.fbx using Guid(c4b320e8d7e2d9642a58cd0d45368061) Importer(815301076,1909f56bfc062723c751e8b465ee728b)  -> (artifact id: 'd44dd38ddcd7f2722c625f31d7f830cd') in 0.088025 seconds 
========================================================================
Received Import Request.
  Time since last request: 0.000045 seconds.
  path: Assets/kenney_racingkit2/flagCheckersSmall.fbx
  artifactKey: Guid(b683c36183174424c8260ce182b68817) Importer(815301076,1909f56bfc062723c751e8b465ee728b)
Start importing Assets/kenney_racingkit2/flagCheckersSmall.fbx using Guid(b683c36183174424c8260ce182b68817) Importer(815301076,1909f56bfc062723c751e8b465ee728b)  -> (artifact id: '73e4380a64e901af63e840a3f528a7ee') in 0.053999 seconds 
========================================================================
Received Import Request.
  Time since last request: 35.260397 seconds.
  path: Assets/Prefabs/roadCornerLarge.prefab
  artifactKey: Guid(9748ec8e42f0ce54fb9d311d010589b1) Importer(815301076,1909f56bfc062723c751e8b465ee728b)
Start importing Assets/Prefabs/roadCornerLarge.prefab using Guid(9748ec8e42f0ce54fb9d311d010589b1) Importer(815301076,1909f56bfc062723c751e8b465ee728b)  -> (artifact id: '737a429f72b9a28027d630a7da18131d') in 0.012687 seconds 
========================================================================
Received Import Request.
  Time since last request: 0.000034 seconds.
  path: Assets/Prefabs/roadStartPositions.prefab
  artifactKey: Guid(f88a9d155734cea4daad2791e8c8a2ef) Importer(815301076,1909f56bfc062723c751e8b465ee728b)
Start importing Assets/Prefabs/roadStartPositions.prefab using Guid(f88a9d155734cea4daad2791e8c8a2ef) Importer(815301076,1909f56bfc062723c751e8b465ee728b)  -> (artifact id: 'b447f2ff4e8fb8096981dad4c1a3ee73') in 0.006969 seconds 
========================================================================
Received Import Request.
  Time since last request: 0.000033 seconds.
  path: Assets/Prefabs/roadStart.prefab
  artifactKey: Guid(5a4c3f18d679786499704795086f446a) Importer(815301076,1909f56bfc062723c751e8b465ee728b)
Start importing Assets/Prefabs/roadStart.prefab using Guid(5a4c3f18d679786499704795086f446a) Importer(815301076,1909f56bfc062723c751e8b465ee728b)  -> (artifact id: '7e04ca193efd8d5d5c5e81ffb81c5024') in 0.006873 seconds 
========================================================================
Received Import Request.
  Time since last request: 45.386961 seconds.
  path: Assets/Models/FBX format/Textures/net.png
  artifactKey: Guid(b56ca2548e6caa343a8d7b4fe3373bdf) Importer(815301076,1909f56bfc062723c751e8b465ee728b)
Start importing Assets/Models/FBX format/Textures/net.png using Guid(b56ca2548e6caa343a8d7b4fe3373bdf) Importer(815301076,1909f56bfc062723c751e8b465ee728b)  -> (artifact id: '93e4321b269b0a441c07146aa78a979f') in 0.012101 seconds 
Editor requested this worker to shutdown with reason: Scaling down because of idle timeout
AssetImportWorker is now disconnected from the server
Process exiting
Exiting without the bug reporter. Application will terminate with return code 0