Using pre-set license
Built from '2021.3/staging' branch; Version is '2021.3.1f1 (3b70a0754835) revision 3895456'; Using compiler version '192829333'; Build Type 'Release'
OS: 'Windows 10  (10.0.19044) 64bit Professional' Language: 'es' Physical Memory: 16334 MB
BatchMode: 1, IsHumanControllingUs: 0, StartBugReporterOnCrash: 0, Is64bit: 1, IsPro: 1

COMMAND LINE ARGUMENTS:
C:\Program Files\Unity\Hub\Editor\2021.3.1f1\Editor\Unity.exe
-adb2
-batchMode
-noUpm
-name
AssetImportWorker2
-projectPath
E:/StreamChaosRaces/StreamChaosRaces
-logFile
Logs/AssetImportWorker2.log
-srvPort
64860
Successfully changed project path to: E:/StreamChaosRaces/StreamChaosRaces
E:/StreamChaosRaces/StreamChaosRaces
[UnityMemory] Configuration Parameters - Can be set up in boot.config
    "memorysetup-bucket-allocator-granularity=16"
    "memorysetup-bucket-allocator-bucket-count=8"
    "memorysetup-bucket-allocator-block-size=33554432"
    "memorysetup-bucket-allocator-block-count=8"
    "memorysetup-main-allocator-block-size=16777216"
    "memorysetup-thread-allocator-block-size=16777216"
    "memorysetup-gfx-main-allocator-block-size=16777216"
    "memorysetup-gfx-thread-allocator-block-size=16777216"
    "memorysetup-cache-allocator-block-size=4194304"
    "memorysetup-typetree-allocator-block-size=2097152"
    "memorysetup-profiler-bucket-allocator-granularity=16"
    "memorysetup-profiler-bucket-allocator-bucket-count=8"
    "memorysetup-profiler-bucket-allocator-block-size=33554432"
    "memorysetup-profiler-bucket-allocator-block-count=8"
    "memorysetup-profiler-allocator-block-size=16777216"
    "memorysetup-profiler-editor-allocator-block-size=1048576"
    "memorysetup-temp-allocator-size-main=16777216"
    "memorysetup-job-temp-allocator-block-size=2097152"
    "memorysetup-job-temp-allocator-block-size-background=1048576"
    "memorysetup-job-temp-allocator-reduction-small-platforms=262144"
    "memorysetup-temp-allocator-size-background-worker=32768"
    "memorysetup-temp-allocator-size-job-worker=262144"
    "memorysetup-temp-allocator-size-preload-manager=33554432"
    "memorysetup-temp-allocator-size-nav-mesh-worker=65536"
    "memorysetup-temp-allocator-size-audio-worker=65536"
    "memorysetup-temp-allocator-size-cloud-worker=32768"
    "memorysetup-temp-allocator-size-gi-baking-worker=262144"
    "memorysetup-temp-allocator-size-gfx=262144"
Refreshing native plugins compatible for Editor in 132.23 ms, found 4 plugins.
Preloading 0 native plugins for Editor in 0.00 ms.
Initialize engine version: 2021.3.1f1 (3b70a0754835)
[Subsystems] Discovering subsystems at path C:/Program Files/Unity/Hub/Editor/2021.3.1f1/Editor/Data/Resources/UnitySubsystems
[Subsystems] Discovering subsystems at path E:/StreamChaosRaces/StreamChaosRaces/Assets
GfxDevice: creating device client; threaded=0; jobified=0
Direct3D:
    Version:  Direct3D 11.0 [level 11.1]
    Renderer: NVIDIA GeForce RTX 3060 (ID=0x2487)
    Vendor:   NVIDIA
    VRAM:     12137 MB
    Driver:   30.0.15.1295
Initialize mono
Mono path[0] = 'C:/Program Files/Unity/Hub/Editor/2021.3.1f1/Editor/Data/Managed'
Mono path[1] = 'C:/Program Files/Unity/Hub/Editor/2021.3.1f1/Editor/Data/MonoBleedingEdge/lib/mono/unityjit-win32'
Mono config path = 'C:/Program Files/Unity/Hub/Editor/2021.3.1f1/Editor/Data/MonoBleedingEdge/etc'
Using monoOptions --debugger-agent=transport=dt_socket,embedding=1,server=y,suspend=n,address=127.0.0.1:56032
Begin MonoManager ReloadAssembly
Registering precompiled unity dll's ...
Register platform support module: C:/Program Files/Unity/Hub/Editor/2021.3.1f1/Editor/Data/PlaybackEngines/WebGLSupport/UnityEditor.WebGL.Extensions.dll
Register platform support module: C:/Program Files/Unity/Hub/Editor/2021.3.1f1/Editor/Data/PlaybackEngines/WindowsStandaloneSupport/UnityEditor.WindowsStandalone.Extensions.dll
Registered in 0.008444 seconds.
Native extension for WindowsStandalone target not found
Native extension for WebGL target not found
Refreshing native plugins compatible for Editor in 136.67 ms, found 4 plugins.
Preloading 0 native plugins for Editor in 0.00 ms.
Mono: successfully reloaded assembly
- Completed reload, in  0.636 seconds
Domain Reload Profiling:
	ReloadAssembly (636ms)
		BeginReloadAssembly (66ms)
			ExecutionOrderSort (0ms)
			DisableScriptedObjects (0ms)
			BackupInstance (0ms)
			ReleaseScriptingObjects (0ms)
			CreateAndSetChildDomain (1ms)
		EndReloadAssembly (459ms)
			LoadAssemblies (64ms)
			RebuildTransferFunctionScriptingTraits (0ms)
			SetupTypeCache (92ms)
			ReleaseScriptCaches (0ms)
			RebuildScriptCaches (23ms)
			SetupLoadedEditorAssemblies (299ms)
				LogAssemblyErrors (0ms)
				InitializePlatformSupportModulesInManaged (9ms)
				SetLoadedEditorAssemblies (0ms)
				RefreshPlugins (137ms)
				BeforeProcessingInitializeOnLoad (1ms)
				ProcessInitializeOnLoadAttributes (115ms)
				ProcessInitializeOnLoadMethodAttributes (37ms)
				AfterProcessingInitializeOnLoad (0ms)
				EditorAssembliesLoaded (0ms)
			ExecutionOrderSort2 (0ms)
			AwakeInstancesAfterBackupRestoration (0ms)
Platform modules already initialized, skipping
Registering precompiled user dll's ...
Registered in 0.009187 seconds.
Begin MonoManager ReloadAssembly
Symbol file LoadedFromMemory doesn't match image E:\StreamChaosRaces\StreamChaosRaces\Library\PackageCache\com.unity.visualscripting@1.7.8\Editor\VisualScripting.Core\Dependencies\YamlDotNet\Unity.VisualScripting.YamlDotNet.dll
Symbol file LoadedFromMemory doesn't match image E:\StreamChaosRaces\StreamChaosRaces\Library\PackageCache\com.unity.visualscripting@1.7.8\Editor\VisualScripting.Core\Dependencies\DotNetZip\Unity.VisualScripting.IonicZip.dll
Native extension for WindowsStandalone target not found
Native extension for WebGL target not found
Refreshing native plugins compatible for Editor in 124.89 ms, found 4 plugins.
Preloading 0 native plugins for Editor in 0.00 ms.
Mono: successfully reloaded assembly
- Completed reload, in  1.260 seconds
Domain Reload Profiling:
	ReloadAssembly (1261ms)
		BeginReloadAssembly (97ms)
			ExecutionOrderSort (0ms)
			DisableScriptedObjects (5ms)
			BackupInstance (0ms)
			ReleaseScriptingObjects (0ms)
			CreateAndSetChildDomain (17ms)
		EndReloadAssembly (1074ms)
			LoadAssemblies (90ms)
			RebuildTransferFunctionScriptingTraits (0ms)
			SetupTypeCache (287ms)
			ReleaseScriptCaches (1ms)
			RebuildScriptCaches (60ms)
			SetupLoadedEditorAssemblies (604ms)
				LogAssemblyErrors (0ms)
				InitializePlatformSupportModulesInManaged (11ms)
				SetLoadedEditorAssemblies (0ms)
				RefreshPlugins (125ms)
				BeforeProcessingInitializeOnLoad (125ms)
				ProcessInitializeOnLoadAttributes (270ms)
				ProcessInitializeOnLoadMethodAttributes (64ms)
				AfterProcessingInitializeOnLoad (9ms)
				EditorAssembliesLoaded (0ms)
			ExecutionOrderSort2 (0ms)
			AwakeInstancesAfterBackupRestoration (5ms)
Platform modules already initialized, skipping
========================================================================
Worker process is ready to serve import requests
Launched and connected shader compiler UnityShaderCompiler.exe after 0.05 seconds
Refreshing native plugins compatible for Editor in 1.09 ms, found 4 plugins.
Preloading 0 native plugins for Editor in 0.00 ms.
Unloading 6106 Unused Serialized files (Serialized files now loaded: 0)
Unloading 85 unused Assets / (21.8 MB). Loaded Objects now: 6526.
Memory consumption went from 270.2 MB to 248.3 MB.
Total: 6.736400 ms (FindLiveObjects: 0.460200 ms CreateObjectMapping: 0.148700 ms MarkObjects: 2.699700 ms  DeleteObjects: 3.426800 ms)

AssetImportParameters requested are different than current active one (requested -> active):
  custom:video-decoder-ogg-theora: a1e56fd34408186e4bbccfd4996cb3dc -> 
  custom:container-muxer-webm: aa71ff27fc2769a1b78a27578f13a17b -> 
  custom:container-demuxer-webm: 4f35f7cbe854078d1ac9338744f61a02 -> 
  custom:video-encoder-webm-vp8: eb34c28f22e8b96e1ab97ce403110664 -> 
  custom:audio-encoder-webm-vorbis: bf7c407c2cedff20999df2af8eb42d56 -> 
  custom:framework-win-MediaFoundation: 216162199b28c13a410421893ffa2e32 -> 
  custom:container-demuxer-ogg: 62fdf1f143b41e24485cea50d1cbac27 -> 
  custom:video-decoder-webm-vp8: 9c59270c3fd7afecdb556c50c9e8de78 -> 
  custom:audio-decoder-ogg-vorbis: bf7c407c2cedff20999df2af8eb42d56 -> 
========================================================================
Received Import Request.
  Time since last request: 26508.370087 seconds.
  path: Assets/ModAssets/Prefabs/BounceEffectPrefabs
  artifactKey: Guid(d1895644baebc9c409279fdafb01f1f3) Importer(815301076,1909f56bfc062723c751e8b465ee728b)
Start importing Assets/ModAssets/Prefabs/BounceEffectPrefabs using Guid(d1895644baebc9c409279fdafb01f1f3) Importer(815301076,1909f56bfc062723c751e8b465ee728b)  -> (artifact id: '1f3e2e59dec0f4746298f15960456453') in 0.013596 seconds 
========================================================================
Received Import Request.
  Time since last request: 0.039765 seconds.
  path: Assets/ModAssets/Prefabs/BounceEffectPrefabs/BouncyFireworks.prefab
  artifactKey: Guid(5fec8cefa05b84bd4891a0e9bca47a8d) Importer(815301076,1909f56bfc062723c751e8b465ee728b)
Start importing Assets/ModAssets/Prefabs/BounceEffectPrefabs/BouncyFireworks.prefab using Guid(5fec8cefa05b84bd4891a0e9bca47a8d) Importer(815301076,1909f56bfc062723c751e8b465ee728b)  -> (artifact id: '419aebeb375386c271f7eb334d2f3e6a') in 0.258237 seconds 
========================================================================
Received Import Request.
  Time since last request: 4.732443 seconds.
  path: Assets/ModAssets/Prefabs/Trail Prefabs
  artifactKey: Guid(ce0f2cb471a046f4c9ebdcdfe8454f0e) Importer(815301076,1909f56bfc062723c751e8b465ee728b)
Start importing Assets/ModAssets/Prefabs/Trail Prefabs using Guid(ce0f2cb471a046f4c9ebdcdfe8454f0e) Importer(815301076,1909f56bfc062723c751e8b465ee728b)  -> (artifact id: 'c7bd4619a7b324b751eae4c7193be988') in 0.006118 seconds 
========================================================================
Received Import Request.
  Time since last request: 0.057041 seconds.
  path: Assets/ModAssets/Prefabs/Trail Prefabs/FireTrail.prefab
  artifactKey: Guid(dfa71f3ca0c2e408c855c56585bfbaad) Importer(815301076,1909f56bfc062723c751e8b465ee728b)
Start importing Assets/ModAssets/Prefabs/Trail Prefabs/FireTrail.prefab using Guid(dfa71f3ca0c2e408c855c56585bfbaad) Importer(815301076,1909f56bfc062723c751e8b465ee728b)  -> (artifact id: '814ff37d7e8eea687243d689e1c7977e') in 0.044873 seconds 
========================================================================
Received Import Request.
  Time since last request: 2.085241 seconds.
  path: Assets/ModAssets/Prefabs/Particle Prefabs
  artifactKey: Guid(1d071bf9a3d1143aaa8f131551854798) Importer(815301076,1909f56bfc062723c751e8b465ee728b)
Start importing Assets/ModAssets/Prefabs/Particle Prefabs using Guid(1d071bf9a3d1143aaa8f131551854798) Importer(815301076,1909f56bfc062723c751e8b465ee728b)  -> (artifact id: '0e5d7de57b4c0493c48e7f9095fa0fb5') in 0.024868 seconds 
========================================================================
Received Import Request.
  Time since last request: 0.042755 seconds.
  path: Assets/ModAssets/Prefabs/Particle Prefabs/ConfettiCelebration.prefab
  artifactKey: Guid(2f5d313409ec64adc9647e645f3fd9f2) Importer(815301076,1909f56bfc062723c751e8b465ee728b)
Start importing Assets/ModAssets/Prefabs/Particle Prefabs/ConfettiCelebration.prefab using Guid(2f5d313409ec64adc9647e645f3fd9f2) Importer(815301076,1909f56bfc062723c751e8b465ee728b)  -> (artifact id: '83aa9ce66f7b576bb16eb972c4dbb689') in 0.047548 seconds 
========================================================================
Received Import Request.
  Time since last request: 7.626753 seconds.
  path: Assets/ModAssets/Prefabs/BillboardPrefabs
  artifactKey: Guid(de900649be672ce429c3c4bf02a266a6) Importer(815301076,1909f56bfc062723c751e8b465ee728b)
Start importing Assets/ModAssets/Prefabs/BillboardPrefabs using Guid(de900649be672ce429c3c4bf02a266a6) Importer(815301076,1909f56bfc062723c751e8b465ee728b)  -> (artifact id: 'c6cc96591fd6bb085b57971ddcefe80d') in 0.004743 seconds 
========================================================================
Received Import Request.
  Time since last request: 0.028119 seconds.
  path: Assets/ModAssets/Prefabs/BillboardPrefabs/BillboardBasic.prefab
  artifactKey: Guid(441945e8a4aa644b3ac6600c6712f79c) Importer(815301076,1909f56bfc062723c751e8b465ee728b)
Start importing Assets/ModAssets/Prefabs/BillboardPrefabs/BillboardBasic.prefab using Guid(441945e8a4aa644b3ac6600c6712f79c) Importer(815301076,1909f56bfc062723c751e8b465ee728b)  -> (artifact id: '241a3c5daf7718017315e8d1c4e28b30') in 0.075339 seconds 
========================================================================
Received Import Request.
  Time since last request: 9.053399 seconds.
  path: Assets/ModAssets/Models
  artifactKey: Guid(b51a13b01eced4f61acf776dd58f9ef7) Importer(815301076,1909f56bfc062723c751e8b465ee728b)
Start importing Assets/ModAssets/Models using Guid(b51a13b01eced4f61acf776dd58f9ef7) Importer(815301076,1909f56bfc062723c751e8b465ee728b)  -> (artifact id: '0094f6856eb124c2b91721f0b9f00bf0') in 0.006550 seconds 
========================================================================
Received Import Request.
  Time since last request: 1.423040 seconds.
  path: Assets/ModAssets/Models/AncientProps
  artifactKey: Guid(d01cec72238b70b468f8effa63226ebf) Importer(815301076,1909f56bfc062723c751e8b465ee728b)
Start importing Assets/ModAssets/Models/AncientProps using Guid(d01cec72238b70b468f8effa63226ebf) Importer(815301076,1909f56bfc062723c751e8b465ee728b)  -> (artifact id: 'a52756a7f4156e5be1eaea8e5a6f158b') in 0.005372 seconds 
========================================================================
Received Import Request.
  Time since last request: 0.921961 seconds.
  path: Assets/ModAssets/Models/BillboardMeshes
  artifactKey: Guid(f3a8704d8a6066a41bd6161731c3ef47) Importer(815301076,1909f56bfc062723c751e8b465ee728b)
Start importing Assets/ModAssets/Models/BillboardMeshes using Guid(f3a8704d8a6066a41bd6161731c3ef47) Importer(815301076,1909f56bfc062723c751e8b465ee728b)  -> (artifact id: 'be1de7da57d9f07f62802b0deca85dba') in 0.019171 seconds 
========================================================================
Received Import Request.
  Time since last request: 1.297740 seconds.
  path: Assets/ModAssets/Models/FoodProps
  artifactKey: Guid(ad4084aee88fd459f97cbe795fbd3dc0) Importer(815301076,1909f56bfc062723c751e8b465ee728b)
Start importing Assets/ModAssets/Models/FoodProps using Guid(ad4084aee88fd459f97cbe795fbd3dc0) Importer(815301076,1909f56bfc062723c751e8b465ee728b)  -> (artifact id: 'c7efbddf28a977ada432c1d0cdd49bb8') in 0.008051 seconds 
========================================================================
Received Import Request.
  Time since last request: 1.211337 seconds.
  path: Assets/ModAssets/Models/FoodProps/Cookie.fbx
  artifactKey: Guid(a8f127f4a0a19407db2b784d5ae1b637) Importer(815301076,1909f56bfc062723c751e8b465ee728b)
Start importing Assets/ModAssets/Models/FoodProps/Cookie.fbx using Guid(a8f127f4a0a19407db2b784d5ae1b637) Importer(815301076,1909f56bfc062723c751e8b465ee728b)  -> (artifact id: '48e379729477315e007618cb710ecc56') in 0.205961 seconds 
========================================================================
Received Import Request.
  Time since last request: 0.000023 seconds.
  path: Assets/ModAssets/Models/FoodProps/Lollipop.fbx
  artifactKey: Guid(4ae0a8e21fe944960ae7238feeda49f1) Importer(815301076,1909f56bfc062723c751e8b465ee728b)
Start importing Assets/ModAssets/Models/FoodProps/Lollipop.fbx using Guid(4ae0a8e21fe944960ae7238feeda49f1) Importer(815301076,1909f56bfc062723c751e8b465ee728b)  -> (artifact id: 'a6cd936bd3f2c7d2bce33579ec2865ed') in 0.093506 seconds 
========================================================================
Received Import Request.
  Time since last request: 2.238157 seconds.
  path: Assets/ModAssets/Models/HatMeshes
  artifactKey: Guid(27fb7e293d846ba4cab02db104ed6c1d) Importer(815301076,1909f56bfc062723c751e8b465ee728b)
Start importing Assets/ModAssets/Models/HatMeshes using Guid(27fb7e293d846ba4cab02db104ed6c1d) Importer(815301076,1909f56bfc062723c751e8b465ee728b)  -> (artifact id: '535be34bd1156fd606bed4142e8e0fe8') in 0.005310 seconds 
========================================================================
Received Import Request.
  Time since last request: 0.082785 seconds.
  path: Assets/ModAssets/Models/HatMeshes/GlassesMesh.fbx
  artifactKey: Guid(be949c77dc28c459280b4981f6495d99) Importer(815301076,1909f56bfc062723c751e8b465ee728b)
Start importing Assets/ModAssets/Models/HatMeshes/GlassesMesh.fbx using Guid(be949c77dc28c459280b4981f6495d99) Importer(815301076,1909f56bfc062723c751e8b465ee728b)  -> (artifact id: '5bb60c6e479165f089cbe0e09d42f16e') in 0.043564 seconds 
========================================================================
Received Import Request.
  Time since last request: 2.003312 seconds.
  path: Assets/ModAssets/Models/NatureProps
  artifactKey: Guid(c007a1097e167724aa0292167ff2d3b1) Importer(815301076,1909f56bfc062723c751e8b465ee728b)
Start importing Assets/ModAssets/Models/NatureProps using Guid(c007a1097e167724aa0292167ff2d3b1) Importer(815301076,1909f56bfc062723c751e8b465ee728b)  -> (artifact id: '05b4d414ddc281d776c2005c667d6425') in 0.005216 seconds 
========================================================================
Received Import Request.
  Time since last request: 0.065544 seconds.
  path: Assets/ModAssets/Models/NatureProps/Cactus.fbx
  artifactKey: Guid(abd8d6df37cf14c4485291b3d13cd460) Importer(815301076,1909f56bfc062723c751e8b465ee728b)
Start importing Assets/ModAssets/Models/NatureProps/Cactus.fbx using Guid(abd8d6df37cf14c4485291b3d13cd460) Importer(815301076,1909f56bfc062723c751e8b465ee728b)  -> (artifact id: '22b8ba38ff4e6397c1d4f88c57fc24c7') in 0.032535 seconds 
========================================================================
Received Import Request.
  Time since last request: 0.000029 seconds.
  path: Assets/ModAssets/Models/NatureProps/PalmTree.fbx
  artifactKey: Guid(ae36130ee9b994114b35ece84c158fdc) Importer(815301076,1909f56bfc062723c751e8b465ee728b)
Start importing Assets/ModAssets/Models/NatureProps/PalmTree.fbx using Guid(ae36130ee9b994114b35ece84c158fdc) Importer(815301076,1909f56bfc062723c751e8b465ee728b)  -> (artifact id: '0a3c266175d632fa14cff9788b99f9e4') in 0.080860 seconds 
========================================================================
Received Import Request.
  Time since last request: 2.303085 seconds.
  path: Assets/ModAssets/Models/SpaceProps
  artifactKey: Guid(510ffa4914065df4694023cbc922b37e) Importer(815301076,1909f56bfc062723c751e8b465ee728b)
Start importing Assets/ModAssets/Models/SpaceProps using Guid(510ffa4914065df4694023cbc922b37e) Importer(815301076,1909f56bfc062723c751e8b465ee728b)  -> (artifact id: 'b888e2e6edcaa92a63e0b4732d69308e') in 0.005763 seconds 
========================================================================
Received Import Request.
  Time since last request: 0.063051 seconds.
  path: Assets/ModAssets/Models/SpaceProps/Asteroid.fbx
  artifactKey: Guid(738cfb63efae84af7b2446470711e751) Importer(815301076,1909f56bfc062723c751e8b465ee728b)
Start importing Assets/ModAssets/Models/SpaceProps/Asteroid.fbx using Guid(738cfb63efae84af7b2446470711e751) Importer(815301076,1909f56bfc062723c751e8b465ee728b)  -> (artifact id: '6946597b99328533e1756068d0510f41') in 0.038697 seconds 
========================================================================
Received Import Request.
  Time since last request: 5.667574 seconds.
  path: Assets/ModAssets/UIImages
  artifactKey: Guid(434ac66743ff94a8e9eadd201bcb5d82) Importer(815301076,1909f56bfc062723c751e8b465ee728b)
Start importing Assets/ModAssets/UIImages using Guid(434ac66743ff94a8e9eadd201bcb5d82) Importer(815301076,1909f56bfc062723c751e8b465ee728b)  -> (artifact id: '8959c0c79be624ee4fcb33dcdcfe36dd') in 0.006000 seconds 
========================================================================
Received Import Request.
  Time since last request: 0.040579 seconds.
  path: Assets/ModAssets/UIImages/whiteCircle.png
  artifactKey: Guid(9a25f905d041b46a7837db8a10bb8581) Importer(815301076,1909f56bfc062723c751e8b465ee728b)
Start importing Assets/ModAssets/UIImages/whiteCircle.png using Guid(9a25f905d041b46a7837db8a10bb8581) Importer(815301076,1909f56bfc062723c751e8b465ee728b)  -> (artifact id: '84fadebf40c96e5d67b9ecb882198b03') in 0.053304 seconds 
========================================================================
Received Import Request.
  Time since last request: 733.096126 seconds.
  path: Assets/Scripts/GameManager.cs
  artifactKey: Guid(29299e82c7bce1441beebc40e5e0a215) Importer(815301076,1909f56bfc062723c751e8b465ee728b)
Start importing Assets/Scripts/GameManager.cs using Guid(29299e82c7bce1441beebc40e5e0a215) Importer(815301076,1909f56bfc062723c751e8b465ee728b)  -> (artifact id: '2d846e0a1165d4f657be9fe1eb11563a') in 0.038637 seconds 
========================================================================
Received Prepare
Registering precompiled user dll's ...
Registered in 0.009368 seconds.
Begin MonoManager ReloadAssembly
Symbol file LoadedFromMemory doesn't match image E:\StreamChaosRaces\StreamChaosRaces\Library\PackageCache\com.unity.visualscripting@1.7.8\Editor\VisualScripting.Core\Dependencies\YamlDotNet\Unity.VisualScripting.YamlDotNet.dll
Symbol file LoadedFromMemory doesn't match image E:\StreamChaosRaces\StreamChaosRaces\Library\PackageCache\com.unity.visualscripting@1.7.8\Editor\VisualScripting.Core\Dependencies\DotNetZip\Unity.VisualScripting.IonicZip.dll
Native extension for WindowsStandalone target not found
Native extension for WebGL target not found
Refreshing native plugins compatible for Editor in 1.62 ms, found 4 plugins.
Preloading 0 native plugins for Editor in 0.00 ms.
Error loading file Library/StateCache/LayerSettings/9e/9ecc5c3c162a7aba29bafa64c8b94b7c.json. Error: System.IO.IOException: Sharing violation on path E:\StreamChaosRaces\StreamChaosRaces\Library\StateCache\LayerSettings\9e\9ecc5c3c162a7aba29bafa64c8b94b7c.json
  at System.IO.FileStream..ctor (System.String path, System.IO.FileMode mode, System.IO.FileAccess access, System.IO.FileShare share, System.Int32 bufferSize, System.Boolean anonymous, System.IO.FileOptions options) [0x0019e] in <6073cf49ed704e958b8a66d540dea948>:0 
  at System.IO.FileStream..ctor (System.String path, System.IO.FileMode mode, System.IO.FileAccess access, System.IO.FileShare share, System.Int32 bufferSize, System.IO.FileOptions options) [0x00000] in <6073cf49ed704e958b8a66d540dea948>:0 
  at (wrapper remoting-invoke-with-check) System.IO.FileStream..ctor(string,System.IO.FileMode,System.IO.FileAccess,System.IO.FileShare,int,System.IO.FileOptions)
  at System.IO.StreamReader..ctor (System.String path, System.Text.Encoding encoding, System.Boolean detectEncodingFromByteOrderMarks, System.Int32 bufferSize) [0x00055] in <6073cf49ed704e958b8a66d540dea948>:0 
  at System.IO.StreamReader..ctor (System.String path, System.Text.Encoding encoding, System.Boolean detectEncodingFromByteOrderMarks) [0x00000] in <6073cf49ed704e958b8a66d540dea948>:0 
  at (wrapper remoting-invoke-with-check) System.IO.StreamReader..ctor(string,System.Text.Encoding,bool)
  at System.IO.File.InternalReadAllText (System.String path, System.Text.Encoding encoding) [0x00000] in <6073cf49ed704e958b8a66d540dea948>:0 
  at System.IO.File.ReadAllText (System.String path, System.Text.Encoding encoding) [0x00034] in <6073cf49ed704e958b8a66d540dea948>:0 
  at UnityEditor.StateCache`1[T].GetState (UnityEngine.Hash128 key, T defaultValue) [0x00041] in <1135c66e5f4c41a7831fa5798849d8b6>:0 
UnityEngine.StackTraceUtility:ExtractStackTrace ()
UnityEngine.DebugLogHandler:LogFormat (UnityEngine.LogType,UnityEngine.Object,string,object[])
UnityEngine.Logger:Log (UnityEngine.LogType,object)
UnityEngine.Debug:LogError (object)
UnityEditor.StateCache`1<UnityEditor.Tools/LayerSettings>:GetState (UnityEngine.Hash128,UnityEditor.Tools/LayerSettings)
UnityEditor.Tools:OnEnable ()
UnityEngine.ScriptableObject:CreateInstance (System.Type)
UnityEngine.ScriptableObject:CreateInstance<UnityEditor.Tools> ()
UnityEditor.Tools:get_get ()
UnityEditor.Tools:get_lockedLayers ()
AutoLockUILayer:SetUILayerIsLocked (bool) (at Assets/Karting/Scripts/Editor/AutoLockUILayer.cs:36)
AutoLockUILayer:.cctor () (at Assets/Karting/Scripts/Editor/AutoLockUILayer.cs:16)
System.Runtime.CompilerServices.RuntimeHelpers:RunClassConstructor (System.RuntimeTypeHandle)
UnityEditor.EditorAssemblies:ProcessInitializeOnLoadAttributes (System.Type[])

(Filename: Assets/Karting/Scripts/Editor/AutoLockUILayer.cs Line: 36)

Mono: successfully reloaded assembly
- Completed reload, in  1.199 seconds
Domain Reload Profiling:
	ReloadAssembly (1200ms)
		BeginReloadAssembly (160ms)
			ExecutionOrderSort (0ms)
			DisableScriptedObjects (7ms)
			BackupInstance (0ms)
			ReleaseScriptingObjects (0ms)
			CreateAndSetChildDomain (63ms)
		EndReloadAssembly (944ms)
			LoadAssemblies (96ms)
			RebuildTransferFunctionScriptingTraits (0ms)
			SetupTypeCache (304ms)
			ReleaseScriptCaches (2ms)
			RebuildScriptCaches (50ms)
			SetupLoadedEditorAssemblies (426ms)
				LogAssemblyErrors (0ms)
				InitializePlatformSupportModulesInManaged (15ms)
				SetLoadedEditorAssemblies (0ms)
				RefreshPlugins (2ms)
				BeforeProcessingInitializeOnLoad (89ms)
				ProcessInitializeOnLoadAttributes (246ms)
				ProcessInitializeOnLoadMethodAttributes (65ms)
				AfterProcessingInitializeOnLoad (9ms)
				EditorAssembliesLoaded (0ms)
			ExecutionOrderSort2 (0ms)
			AwakeInstancesAfterBackupRestoration (12ms)
Platform modules already initialized, skipping
Refreshing native plugins compatible for Editor in 3.02 ms, found 4 plugins.
Preloading 0 native plugins for Editor in 0.00 ms.
Unloading 6005 Unused Serialized files (Serialized files now loaded: 0)
Unloading 67 unused Assets / (21.8 MB). Loaded Objects now: 6634.
Memory consumption went from 268.2 MB to 246.4 MB.
Total: 6.525300 ms (FindLiveObjects: 0.443900 ms CreateObjectMapping: 0.132600 ms MarkObjects: 2.636500 ms  DeleteObjects: 3.311100 ms)

AssetImportParameters requested are different than current active one (requested -> active):
  custom:video-decoder-ogg-theora: a1e56fd34408186e4bbccfd4996cb3dc -> 
  custom:container-muxer-webm: aa71ff27fc2769a1b78a27578f13a17b -> 
  custom:container-demuxer-webm: 4f35f7cbe854078d1ac9338744f61a02 -> 
  custom:video-encoder-webm-vp8: eb34c28f22e8b96e1ab97ce403110664 -> 
  custom:audio-encoder-webm-vorbis: bf7c407c2cedff20999df2af8eb42d56 -> 
  custom:framework-win-MediaFoundation: 216162199b28c13a410421893ffa2e32 -> 
  custom:container-demuxer-ogg: 62fdf1f143b41e24485cea50d1cbac27 -> 
  custom:video-decoder-webm-vp8: 9c59270c3fd7afecdb556c50c9e8de78 -> 
  custom:audio-decoder-ogg-vorbis: bf7c407c2cedff20999df2af8eb42d56 -> 
========================================================================
Received Import Request.
  Time since last request: 1538.388021 seconds.
  path: Assets/Karting/Prefabs/GameModes
  artifactKey: Guid(6aeeac7638c1ee041b1c584323754a54) Importer(815301076,1909f56bfc062723c751e8b465ee728b)
Start importing Assets/Karting/Prefabs/GameModes using Guid(6aeeac7638c1ee041b1c584323754a54) Importer(815301076,1909f56bfc062723c751e8b465ee728b)  -> (artifact id: '902eb6530bf2770598d6a7a82d901582') in 0.030975 seconds 
========================================================================
Received Import Request.
  Time since last request: 0.061729 seconds.
  path: Assets/Karting/Prefabs/GameModes/ObjectiveCrashMode.prefab
  artifactKey: Guid(0cfd46575c9fef94e94a772755910886) Importer(815301076,1909f56bfc062723c751e8b465ee728b)
Start importing Assets/Karting/Prefabs/GameModes/ObjectiveCrashMode.prefab using Guid(0cfd46575c9fef94e94a772755910886) Importer(815301076,1909f56bfc062723c751e8b465ee728b)  -> (artifact id: '380fe01daa30fbd0ce8bb8849df91152') in 0.196174 seconds 
========================================================================
Received Import Request.
  Time since last request: 12.781244 seconds.
  path: Assets/Karting/Prefabs/KartClassic/KartClassic_MLAgent.prefab
  artifactKey: Guid(5f7c5784d4776074089b56351be94b74) Importer(815301076,1909f56bfc062723c751e8b465ee728b)
Start importing Assets/Karting/Prefabs/KartClassic/KartClassic_MLAgent.prefab using Guid(5f7c5784d4776074089b56351be94b74) Importer(815301076,1909f56bfc062723c751e8b465ee728b)  -> (artifact id: 'dc1672231544ca5b7f0d3e4dcdaf7716') in 0.456105 seconds 
========================================================================
Received Import Request.
  Time since last request: 8.022790 seconds.
  path: Assets/Karting/Prefabs/KartClassic/KartClassic_MLAgent.prefab
  artifactKey: Guid(5f7c5784d4776074089b56351be94b74) Importer(815301076,1909f56bfc062723c751e8b465ee728b)
Start importing Assets/Karting/Prefabs/KartClassic/KartClassic_MLAgent.prefab using Guid(5f7c5784d4776074089b56351be94b74) Importer(815301076,1909f56bfc062723c751e8b465ee728b)  -> (artifact id: 'e82ab11bf8bd7bcd59f88f98fe962e93') in 0.055884 seconds 
========================================================================
Received Import Request.
  Time since last request: 8.614850 seconds.
  path: Assets/Karting/Prefabs/KartClassic/KartClassic_MLAgent.prefab
  artifactKey: Guid(5f7c5784d4776074089b56351be94b74) Importer(815301076,1909f56bfc062723c751e8b465ee728b)
Start importing Assets/Karting/Prefabs/KartClassic/KartClassic_MLAgent.prefab using Guid(5f7c5784d4776074089b56351be94b74) Importer(815301076,1909f56bfc062723c751e8b465ee728b)  -> (artifact id: 'd20c4cb7f097df56caa0449653f5e695') in 0.061860 seconds 
========================================================================
Received Import Request.
  Time since last request: 2.550243 seconds.
  path: Assets/Karting/Prefabs/KartClassic/KartClassic_MLAgent.prefab
  artifactKey: Guid(5f7c5784d4776074089b56351be94b74) Importer(815301076,1909f56bfc062723c751e8b465ee728b)
Start importing Assets/Karting/Prefabs/KartClassic/KartClassic_MLAgent.prefab using Guid(5f7c5784d4776074089b56351be94b74) Importer(815301076,1909f56bfc062723c751e8b465ee728b)  -> (artifact id: 'd88fee9a80db63352c11641bea04dcf1') in 0.052573 seconds 
========================================================================
Received Import Request.
  Time since last request: 14.836939 seconds.
  path: Assets/Karting/Prefabs/KartClassic/KartClassic_MLAgent.prefab
  artifactKey: Guid(5f7c5784d4776074089b56351be94b74) Importer(815301076,1909f56bfc062723c751e8b465ee728b)
Start importing Assets/Karting/Prefabs/KartClassic/KartClassic_MLAgent.prefab using Guid(5f7c5784d4776074089b56351be94b74) Importer(815301076,1909f56bfc062723c751e8b465ee728b)  -> (artifact id: '314ca9a67771440a27db83966a48d3d8') in 0.053388 seconds 
========================================================================
Received Import Request.
  Time since last request: 3.184880 seconds.
  path: Assets/Karting/Prefabs/KartClassic/KartClassic_MLAgent.prefab
  artifactKey: Guid(5f7c5784d4776074089b56351be94b74) Importer(815301076,1909f56bfc062723c751e8b465ee728b)
Start importing Assets/Karting/Prefabs/KartClassic/KartClassic_MLAgent.prefab using Guid(5f7c5784d4776074089b56351be94b74) Importer(815301076,1909f56bfc062723c751e8b465ee728b)  -> (artifact id: '1fd51b9d20b8c7a64290e05d1edf1d17') in 0.054573 seconds 
========================================================================
Received Import Request.
  Time since last request: 2.135242 seconds.
  path: Assets/Karting/Prefabs/KartClassic/KartClassic_MLAgent.prefab
  artifactKey: Guid(5f7c5784d4776074089b56351be94b74) Importer(815301076,1909f56bfc062723c751e8b465ee728b)
Start importing Assets/Karting/Prefabs/KartClassic/KartClassic_MLAgent.prefab using Guid(5f7c5784d4776074089b56351be94b74) Importer(815301076,1909f56bfc062723c751e8b465ee728b)  -> (artifact id: '5259338820c3716dd4332542bb62e466') in 0.054783 seconds 
========================================================================
Received Import Request.
  Time since last request: 2.518695 seconds.
  path: Assets/Karting/Prefabs/KartClassic/KartClassic_MLAgent.prefab
  artifactKey: Guid(5f7c5784d4776074089b56351be94b74) Importer(815301076,1909f56bfc062723c751e8b465ee728b)
Start importing Assets/Karting/Prefabs/KartClassic/KartClassic_MLAgent.prefab using Guid(5f7c5784d4776074089b56351be94b74) Importer(815301076,1909f56bfc062723c751e8b465ee728b)  -> (artifact id: '3c0f85e757623d42103c3e93c7626cc4') in 0.054325 seconds 
========================================================================
Received Import Request.
  Time since last request: 1.938759 seconds.
  path: Assets/Karting/Prefabs/KartClassic/KartClassic_MLAgent.prefab
  artifactKey: Guid(5f7c5784d4776074089b56351be94b74) Importer(815301076,1909f56bfc062723c751e8b465ee728b)
Start importing Assets/Karting/Prefabs/KartClassic/KartClassic_MLAgent.prefab using Guid(5f7c5784d4776074089b56351be94b74) Importer(815301076,1909f56bfc062723c751e8b465ee728b)  -> (artifact id: '1e8f1023d8f01263357fd1b84883100a') in 0.055422 seconds 
========================================================================
Received Import Request.
  Time since last request: 1.889948 seconds.
  path: Assets/Karting/Prefabs/KartClassic/KartClassic_MLAgent.prefab
  artifactKey: Guid(5f7c5784d4776074089b56351be94b74) Importer(815301076,1909f56bfc062723c751e8b465ee728b)
Start importing Assets/Karting/Prefabs/KartClassic/KartClassic_MLAgent.prefab using Guid(5f7c5784d4776074089b56351be94b74) Importer(815301076,1909f56bfc062723c751e8b465ee728b)  -> (artifact id: '2ed9f99cae48b7bc4aeae216982cdbd7') in 0.055737 seconds 
========================================================================
Received Import Request.
  Time since last request: 23.737433 seconds.
  path: Assets/Karting/Prefabs/KartClassic/KartClassic_MLAgent.prefab
  artifactKey: Guid(5f7c5784d4776074089b56351be94b74) Importer(815301076,1909f56bfc062723c751e8b465ee728b)
Start importing Assets/Karting/Prefabs/KartClassic/KartClassic_MLAgent.prefab using Guid(5f7c5784d4776074089b56351be94b74) Importer(815301076,1909f56bfc062723c751e8b465ee728b)  -> (artifact id: '696f194bcee030f5dd534e7850e9b6fe') in 0.090340 seconds 
========================================================================
Received Import Request.
  Time since last request: 7.172970 seconds.
  path: Assets/Karting/Prefabs/KartClassic/KartClassic_MLAgent.prefab
  artifactKey: Guid(5f7c5784d4776074089b56351be94b74) Importer(815301076,1909f56bfc062723c751e8b465ee728b)
Start importing Assets/Karting/Prefabs/KartClassic/KartClassic_MLAgent.prefab using Guid(5f7c5784d4776074089b56351be94b74) Importer(815301076,1909f56bfc062723c751e8b465ee728b)  -> (artifact id: '6bf66f7c5938fbc0226af71ce4befd8e') in 0.053609 seconds 
========================================================================
Received Import Request.
  Time since last request: 3.532429 seconds.
  path: Assets/Karting/Prefabs/KartClassic/KartClassic_MLAgent.prefab
  artifactKey: Guid(5f7c5784d4776074089b56351be94b74) Importer(815301076,1909f56bfc062723c751e8b465ee728b)
Start importing Assets/Karting/Prefabs/KartClassic/KartClassic_MLAgent.prefab using Guid(5f7c5784d4776074089b56351be94b74) Importer(815301076,1909f56bfc062723c751e8b465ee728b)  -> (artifact id: '1a1dcbd55bfaaeb8991fc12ece693f1f') in 0.049583 seconds 
========================================================================
Received Import Request.
  Time since last request: 5.588008 seconds.
  path: Assets/Karting/Prefabs/KartClassic/KartClassic_MLAgent.prefab
  artifactKey: Guid(5f7c5784d4776074089b56351be94b74) Importer(815301076,1909f56bfc062723c751e8b465ee728b)
Start importing Assets/Karting/Prefabs/KartClassic/KartClassic_MLAgent.prefab using Guid(5f7c5784d4776074089b56351be94b74) Importer(815301076,1909f56bfc062723c751e8b465ee728b)  -> (artifact id: '7a1532510c3c80b73283d26878189ce9') in 0.037750 seconds 
========================================================================
Received Import Request.
  Time since last request: 77.208346 seconds.
  path: Assets/Karting/Prefabs/KartClassic/KartClassic_MLAgent.prefab
  artifactKey: Guid(5f7c5784d4776074089b56351be94b74) Importer(815301076,1909f56bfc062723c751e8b465ee728b)
Start importing Assets/Karting/Prefabs/KartClassic/KartClassic_MLAgent.prefab using Guid(5f7c5784d4776074089b56351be94b74) Importer(815301076,1909f56bfc062723c751e8b465ee728b)  -> (artifact id: '956570c87f7324a6dd529a720d6b7ecf') in 0.068223 seconds 
========================================================================
Received Import Request.
  Time since last request: 12.397950 seconds.
  path: Assets/Karting/Prefabs/KartClassic/KartClassic_MLAgent.prefab
  artifactKey: Guid(5f7c5784d4776074089b56351be94b74) Importer(815301076,1909f56bfc062723c751e8b465ee728b)
Start importing Assets/Karting/Prefabs/KartClassic/KartClassic_MLAgent.prefab using Guid(5f7c5784d4776074089b56351be94b74) Importer(815301076,1909f56bfc062723c751e8b465ee728b)  -> (artifact id: 'e03551fa2fd23fcf3fa2ef7d3a94b110') in 0.059045 seconds 
========================================================================
Received Import Request.
  Time since last request: 7.168132 seconds.
  path: Assets/Karting/Prefabs/KartClassic/KartClassic_MLAgent.prefab
  artifactKey: Guid(5f7c5784d4776074089b56351be94b74) Importer(815301076,1909f56bfc062723c751e8b465ee728b)
Start importing Assets/Karting/Prefabs/KartClassic/KartClassic_MLAgent.prefab using Guid(5f7c5784d4776074089b56351be94b74) Importer(815301076,1909f56bfc062723c751e8b465ee728b)  -> (artifact id: '60f64817b42439e37875fce58837ee6a') in 0.053892 seconds 
========================================================================
Received Import Request.
  Time since last request: 3.723336 seconds.
  path: Assets/Karting/Prefabs/KartClassic/KartClassic_MLAgent.prefab
  artifactKey: Guid(5f7c5784d4776074089b56351be94b74) Importer(815301076,1909f56bfc062723c751e8b465ee728b)
Start importing Assets/Karting/Prefabs/KartClassic/KartClassic_MLAgent.prefab using Guid(5f7c5784d4776074089b56351be94b74) Importer(815301076,1909f56bfc062723c751e8b465ee728b)  -> (artifact id: '74dcfa67572c57901333ea6e41b09f0b') in 0.056623 seconds 
========================================================================
Received Import Request.
  Time since last request: 3.778031 seconds.
  path: Assets/Karting/Prefabs/KartClassic/KartClassic_MLAgent.prefab
  artifactKey: Guid(5f7c5784d4776074089b56351be94b74) Importer(815301076,1909f56bfc062723c751e8b465ee728b)
Start importing Assets/Karting/Prefabs/KartClassic/KartClassic_MLAgent.prefab using Guid(5f7c5784d4776074089b56351be94b74) Importer(815301076,1909f56bfc062723c751e8b465ee728b)  -> (artifact id: 'ca9c833a70f3bda9ddfdc1fb409351e4') in 0.051617 seconds 
========================================================================
Received Import Request.
  Time since last request: 4.782061 seconds.
  path: Assets/Karting/Prefabs/KartClassic/KartClassic_MLAgent.prefab
  artifactKey: Guid(5f7c5784d4776074089b56351be94b74) Importer(815301076,1909f56bfc062723c751e8b465ee728b)
Start importing Assets/Karting/Prefabs/KartClassic/KartClassic_MLAgent.prefab using Guid(5f7c5784d4776074089b56351be94b74) Importer(815301076,1909f56bfc062723c751e8b465ee728b)  -> (artifact id: '14185d7d90a67936c8d841d09e7cae2e') in 0.060629 seconds 
========================================================================
Received Import Request.
  Time since last request: 14.218684 seconds.
  path: Assets/Karting/Prefabs/KartClassic/KartClassic_MLAgent.prefab
  artifactKey: Guid(5f7c5784d4776074089b56351be94b74) Importer(815301076,1909f56bfc062723c751e8b465ee728b)
Start importing Assets/Karting/Prefabs/KartClassic/KartClassic_MLAgent.prefab using Guid(5f7c5784d4776074089b56351be94b74) Importer(815301076,1909f56bfc062723c751e8b465ee728b)  -> (artifact id: '0df2665daa25c2592615410c745045bf') in 0.051758 seconds 
========================================================================
Received Import Request.
  Time since last request: 2.929286 seconds.
  path: Assets/Karting/Prefabs/KartClassic/KartClassic_MLAgent.prefab
  artifactKey: Guid(5f7c5784d4776074089b56351be94b74) Importer(815301076,1909f56bfc062723c751e8b465ee728b)
Start importing Assets/Karting/Prefabs/KartClassic/KartClassic_MLAgent.prefab using Guid(5f7c5784d4776074089b56351be94b74) Importer(815301076,1909f56bfc062723c751e8b465ee728b)  -> (artifact id: '1b9b966c09aa6b479e3b0c8ee74cd011') in 0.052993 seconds 
========================================================================
Received Import Request.
  Time since last request: 2.727901 seconds.
  path: Assets/Karting/Prefabs/KartClassic/KartClassic_MLAgent.prefab
  artifactKey: Guid(5f7c5784d4776074089b56351be94b74) Importer(815301076,1909f56bfc062723c751e8b465ee728b)
Start importing Assets/Karting/Prefabs/KartClassic/KartClassic_MLAgent.prefab using Guid(5f7c5784d4776074089b56351be94b74) Importer(815301076,1909f56bfc062723c751e8b465ee728b)  -> (artifact id: 'a4282eb12939fbd011d420e25bdc61fb') in 0.057307 seconds 
========================================================================
Received Import Request.
  Time since last request: 12.249550 seconds.
  path: Assets/Karting/Prefabs/KartClassic/KartClassic_MLAgent.prefab
  artifactKey: Guid(5f7c5784d4776074089b56351be94b74) Importer(815301076,1909f56bfc062723c751e8b465ee728b)
Start importing Assets/Karting/Prefabs/KartClassic/KartClassic_MLAgent.prefab using Guid(5f7c5784d4776074089b56351be94b74) Importer(815301076,1909f56bfc062723c751e8b465ee728b)  -> (artifact id: '85af78ad987d3441c01ff064fdb3716c') in 0.051561 seconds 
========================================================================
Received Import Request.
  Time since last request: 4.146612 seconds.
  path: Assets/Karting/Prefabs/KartClassic/KartClassic_MLAgent.prefab
  artifactKey: Guid(5f7c5784d4776074089b56351be94b74) Importer(815301076,1909f56bfc062723c751e8b465ee728b)
Start importing Assets/Karting/Prefabs/KartClassic/KartClassic_MLAgent.prefab using Guid(5f7c5784d4776074089b56351be94b74) Importer(815301076,1909f56bfc062723c751e8b465ee728b)  -> (artifact id: 'd2ac86531fc72775fd53886ea94f9a8c') in 0.051887 seconds 
========================================================================
Received Import Request.
  Time since last request: 2.938280 seconds.
  path: Assets/Karting/Prefabs/KartClassic/KartClassic_MLAgent.prefab
  artifactKey: Guid(5f7c5784d4776074089b56351be94b74) Importer(815301076,1909f56bfc062723c751e8b465ee728b)
Start importing Assets/Karting/Prefabs/KartClassic/KartClassic_MLAgent.prefab using Guid(5f7c5784d4776074089b56351be94b74) Importer(815301076,1909f56bfc062723c751e8b465ee728b)  -> (artifact id: 'fe7ea13db29b273ff3afd94a41cf8ad0') in 0.057977 seconds 
========================================================================
Received Import Request.
  Time since last request: 13.331308 seconds.
  path: Assets/Karting/Prefabs/KartClassic/KartClassic_MLAgent.prefab
  artifactKey: Guid(5f7c5784d4776074089b56351be94b74) Importer(815301076,1909f56bfc062723c751e8b465ee728b)
Start importing Assets/Karting/Prefabs/KartClassic/KartClassic_MLAgent.prefab using Guid(5f7c5784d4776074089b56351be94b74) Importer(815301076,1909f56bfc062723c751e8b465ee728b)  -> (artifact id: 'a8fd955fc610bf4d524fb0a1826ce977') in 0.055514 seconds 
========================================================================
Received Import Request.
  Time since last request: 1.910606 seconds.
  path: Assets/Karting/Prefabs/KartClassic/KartClassic_MLAgent.prefab
  artifactKey: Guid(5f7c5784d4776074089b56351be94b74) Importer(815301076,1909f56bfc062723c751e8b465ee728b)
Start importing Assets/Karting/Prefabs/KartClassic/KartClassic_MLAgent.prefab using Guid(5f7c5784d4776074089b56351be94b74) Importer(815301076,1909f56bfc062723c751e8b465ee728b)  -> (artifact id: '1caba06ac94d4f12eee2cfbcf485dcd5') in 0.054673 seconds 
========================================================================
Received Import Request.
  Time since last request: 10.222346 seconds.
  path: Assets/Karting/Prefabs/KartClassic/KartClassic_MLAgent.prefab
  artifactKey: Guid(5f7c5784d4776074089b56351be94b74) Importer(815301076,1909f56bfc062723c751e8b465ee728b)
Start importing Assets/Karting/Prefabs/KartClassic/KartClassic_MLAgent.prefab using Guid(5f7c5784d4776074089b56351be94b74) Importer(815301076,1909f56bfc062723c751e8b465ee728b)  -> (artifact id: 'edc685f82ce2a243f595d5ddadc5af11') in 0.051984 seconds 
========================================================================
Received Import Request.
  Time since last request: 12.021159 seconds.
  path: Assets/Karting/Prefabs/KartClassic/KartClassic_MLAgent.prefab
  artifactKey: Guid(5f7c5784d4776074089b56351be94b74) Importer(815301076,1909f56bfc062723c751e8b465ee728b)
Start importing Assets/Karting/Prefabs/KartClassic/KartClassic_MLAgent.prefab using Guid(5f7c5784d4776074089b56351be94b74) Importer(815301076,1909f56bfc062723c751e8b465ee728b)  -> (artifact id: '380c873c77a6732e181c657d6598c88a') in 0.059416 seconds 
========================================================================
Received Import Request.
  Time since last request: 1.155531 seconds.
  path: Assets/Karting/Prefabs/KartClassic/KartClassic_MLAgent.prefab
  artifactKey: Guid(5f7c5784d4776074089b56351be94b74) Importer(815301076,1909f56bfc062723c751e8b465ee728b)
Start importing Assets/Karting/Prefabs/KartClassic/KartClassic_MLAgent.prefab using Guid(5f7c5784d4776074089b56351be94b74) Importer(815301076,1909f56bfc062723c751e8b465ee728b)  -> (artifact id: '30847558861263321593e281142777a0') in 0.052057 seconds 
========================================================================
Received Prepare
Registering precompiled user dll's ...
Registered in 0.008599 seconds.
Begin MonoManager ReloadAssembly
Symbol file LoadedFromMemory doesn't match image E:\StreamChaosRaces\StreamChaosRaces\Library\PackageCache\com.unity.visualscripting@1.7.8\Editor\VisualScripting.Core\Dependencies\YamlDotNet\Unity.VisualScripting.YamlDotNet.dll
Symbol file LoadedFromMemory doesn't match image E:\StreamChaosRaces\StreamChaosRaces\Library\PackageCache\com.unity.visualscripting@1.7.8\Editor\VisualScripting.Core\Dependencies\DotNetZip\Unity.VisualScripting.IonicZip.dll
Native extension for WindowsStandalone target not found
Native extension for WebGL target not found
Refreshing native plugins compatible for Editor in 1.27 ms, found 4 plugins.
Preloading 0 native plugins for Editor in 0.00 ms.
Mono: successfully reloaded assembly
- Completed reload, in  1.181 seconds
Domain Reload Profiling:
	ReloadAssembly (1182ms)
		BeginReloadAssembly (144ms)
			ExecutionOrderSort (0ms)
			DisableScriptedObjects (6ms)
			BackupInstance (0ms)
			ReleaseScriptingObjects (0ms)
			CreateAndSetChildDomain (47ms)
		EndReloadAssembly (941ms)
			LoadAssemblies (98ms)
			RebuildTransferFunctionScriptingTraits (0ms)
			SetupTypeCache (296ms)
			ReleaseScriptCaches (2ms)
			RebuildScriptCaches (47ms)
			SetupLoadedEditorAssemblies (431ms)
				LogAssemblyErrors (0ms)
				InitializePlatformSupportModulesInManaged (13ms)
				SetLoadedEditorAssemblies (0ms)
				RefreshPlugins (1ms)
				BeforeProcessingInitializeOnLoad (96ms)
				ProcessInitializeOnLoadAttributes (246ms)
				ProcessInitializeOnLoadMethodAttributes (64ms)
				AfterProcessingInitializeOnLoad (10ms)
				EditorAssembliesLoaded (0ms)
			ExecutionOrderSort2 (0ms)
			AwakeInstancesAfterBackupRestoration (12ms)
Platform modules already initialized, skipping
Refreshing native plugins compatible for Editor in 3.28 ms, found 4 plugins.
Preloading 0 native plugins for Editor in 0.00 ms.
Unloading 6005 Unused Serialized files (Serialized files now loaded: 0)
Unloading 66 unused Assets / (21.8 MB). Loaded Objects now: 6689.
Memory consumption went from 268.9 MB to 247.1 MB.
Total: 7.023700 ms (FindLiveObjects: 0.506000 ms CreateObjectMapping: 0.136900 ms MarkObjects: 2.807600 ms  DeleteObjects: 3.572100 ms)

AssetImportParameters requested are different than current active one (requested -> active):
  custom:video-decoder-ogg-theora: a1e56fd34408186e4bbccfd4996cb3dc -> 
  custom:container-muxer-webm: aa71ff27fc2769a1b78a27578f13a17b -> 
  custom:container-demuxer-webm: 4f35f7cbe854078d1ac9338744f61a02 -> 
  custom:video-encoder-webm-vp8: eb34c28f22e8b96e1ab97ce403110664 -> 
  custom:audio-encoder-webm-vorbis: bf7c407c2cedff20999df2af8eb42d56 -> 
  custom:framework-win-MediaFoundation: 216162199b28c13a410421893ffa2e32 -> 
  custom:container-demuxer-ogg: 62fdf1f143b41e24485cea50d1cbac27 -> 
  custom:video-decoder-webm-vp8: 9c59270c3fd7afecdb556c50c9e8de78 -> 
  custom:audio-decoder-ogg-vorbis: bf7c407c2cedff20999df2af8eb42d56 -> 
========================================================================
Received Prepare
Registering precompiled user dll's ...
Registered in 0.009047 seconds.
Begin MonoManager ReloadAssembly
Symbol file LoadedFromMemory doesn't match image E:\StreamChaosRaces\StreamChaosRaces\Library\PackageCache\com.unity.visualscripting@1.7.8\Editor\VisualScripting.Core\Dependencies\YamlDotNet\Unity.VisualScripting.YamlDotNet.dll
Symbol file LoadedFromMemory doesn't match image E:\StreamChaosRaces\StreamChaosRaces\Library\PackageCache\com.unity.visualscripting@1.7.8\Editor\VisualScripting.Core\Dependencies\DotNetZip\Unity.VisualScripting.IonicZip.dll
Native extension for WindowsStandalone target not found
Native extension for WebGL target not found
Refreshing native plugins compatible for Editor in 1.58 ms, found 4 plugins.
Preloading 0 native plugins for Editor in 0.00 ms.
Mono: successfully reloaded assembly
- Completed reload, in  1.482 seconds
Domain Reload Profiling:
	ReloadAssembly (1482ms)
		BeginReloadAssembly (173ms)
			ExecutionOrderSort (0ms)
			DisableScriptedObjects (6ms)
			BackupInstance (0ms)
			ReleaseScriptingObjects (0ms)
			CreateAndSetChildDomain (59ms)
		EndReloadAssembly (1182ms)
			LoadAssemblies (119ms)
			RebuildTransferFunctionScriptingTraits (0ms)
			SetupTypeCache (366ms)
			ReleaseScriptCaches (2ms)
			RebuildScriptCaches (56ms)
			SetupLoadedEditorAssemblies (549ms)
				LogAssemblyErrors (0ms)
				InitializePlatformSupportModulesInManaged (21ms)
				SetLoadedEditorAssemblies (1ms)
				RefreshPlugins (2ms)
				BeforeProcessingInitializeOnLoad (114ms)
				ProcessInitializeOnLoadAttributes (311ms)
				ProcessInitializeOnLoadMethodAttributes (88ms)
				AfterProcessingInitializeOnLoad (13ms)
				EditorAssembliesLoaded (0ms)
			ExecutionOrderSort2 (0ms)
			AwakeInstancesAfterBackupRestoration (16ms)
Platform modules already initialized, skipping
Refreshing native plugins compatible for Editor in 5.04 ms, found 4 plugins.
Preloading 0 native plugins for Editor in 0.00 ms.
Unloading 6006 Unused Serialized files (Serialized files now loaded: 0)
Unloading 65 unused Assets / (21.8 MB). Loaded Objects now: 6706.
Memory consumption went from 269.0 MB to 247.2 MB.
Total: 10.218200 ms (FindLiveObjects: 0.506500 ms CreateObjectMapping: 0.156600 ms MarkObjects: 3.892600 ms  DeleteObjects: 5.660600 ms)

AssetImportParameters requested are different than current active one (requested -> active):
  custom:video-decoder-ogg-theora: a1e56fd34408186e4bbccfd4996cb3dc -> 
  custom:container-muxer-webm: aa71ff27fc2769a1b78a27578f13a17b -> 
  custom:container-demuxer-webm: 4f35f7cbe854078d1ac9338744f61a02 -> 
  custom:video-encoder-webm-vp8: eb34c28f22e8b96e1ab97ce403110664 -> 
  custom:audio-encoder-webm-vorbis: bf7c407c2cedff20999df2af8eb42d56 -> 
  custom:framework-win-MediaFoundation: 216162199b28c13a410421893ffa2e32 -> 
  custom:container-demuxer-ogg: 62fdf1f143b41e24485cea50d1cbac27 -> 
  custom:video-decoder-webm-vp8: 9c59270c3fd7afecdb556c50c9e8de78 -> 
  custom:audio-decoder-ogg-vorbis: bf7c407c2cedff20999df2af8eb42d56 -> 
========================================================================
Received Prepare
Registering precompiled user dll's ...
Registered in 0.015494 seconds.
Begin MonoManager ReloadAssembly
Symbol file LoadedFromMemory doesn't match image E:\StreamChaosRaces\StreamChaosRaces\Library\PackageCache\com.unity.visualscripting@1.7.8\Editor\VisualScripting.Core\Dependencies\YamlDotNet\Unity.VisualScripting.YamlDotNet.dll
Symbol file LoadedFromMemory doesn't match image E:\StreamChaosRaces\StreamChaosRaces\Library\PackageCache\com.unity.visualscripting@1.7.8\Editor\VisualScripting.Core\Dependencies\DotNetZip\Unity.VisualScripting.IonicZip.dll
Native extension for WindowsStandalone target not found
Native extension for WebGL target not found
Refreshing native plugins compatible for Editor in 1.12 ms, found 4 plugins.
Preloading 0 native plugins for Editor in 0.00 ms.
Mono: successfully reloaded assembly
- Completed reload, in  1.254 seconds
Domain Reload Profiling:
	ReloadAssembly (1254ms)
		BeginReloadAssembly (136ms)
			ExecutionOrderSort (0ms)
			DisableScriptedObjects (5ms)
			BackupInstance (0ms)
			ReleaseScriptingObjects (0ms)
			CreateAndSetChildDomain (43ms)
		EndReloadAssembly (1020ms)
			LoadAssemblies (104ms)
			RebuildTransferFunctionScriptingTraits (0ms)
			SetupTypeCache (316ms)
			ReleaseScriptCaches (2ms)
			RebuildScriptCaches (49ms)
			SetupLoadedEditorAssemblies (474ms)
				LogAssemblyErrors (0ms)
				InitializePlatformSupportModulesInManaged (13ms)
				SetLoadedEditorAssemblies (0ms)
				RefreshPlugins (1ms)
				BeforeProcessingInitializeOnLoad (98ms)
				ProcessInitializeOnLoadAttributes (275ms)
				ProcessInitializeOnLoadMethodAttributes (75ms)
				AfterProcessingInitializeOnLoad (11ms)
				EditorAssembliesLoaded (0ms)
			ExecutionOrderSort2 (0ms)
			AwakeInstancesAfterBackupRestoration (14ms)
Platform modules already initialized, skipping
Refreshing native plugins compatible for Editor in 3.74 ms, found 4 plugins.
Preloading 0 native plugins for Editor in 0.00 ms.
Unloading 6006 Unused Serialized files (Serialized files now loaded: 0)
Unloading 65 unused Assets / (21.8 MB). Loaded Objects now: 6723.
Memory consumption went from 269.0 MB to 247.2 MB.
Total: 7.879500 ms (FindLiveObjects: 0.477100 ms CreateObjectMapping: 0.136400 ms MarkObjects: 2.757000 ms  DeleteObjects: 4.507300 ms)

AssetImportParameters requested are different than current active one (requested -> active):
  custom:video-decoder-ogg-theora: a1e56fd34408186e4bbccfd4996cb3dc -> 
  custom:container-muxer-webm: aa71ff27fc2769a1b78a27578f13a17b -> 
  custom:container-demuxer-webm: 4f35f7cbe854078d1ac9338744f61a02 -> 
  custom:video-encoder-webm-vp8: eb34c28f22e8b96e1ab97ce403110664 -> 
  custom:audio-encoder-webm-vorbis: bf7c407c2cedff20999df2af8eb42d56 -> 
  custom:framework-win-MediaFoundation: 216162199b28c13a410421893ffa2e32 -> 
  custom:container-demuxer-ogg: 62fdf1f143b41e24485cea50d1cbac27 -> 
  custom:video-decoder-webm-vp8: 9c59270c3fd7afecdb556c50c9e8de78 -> 
  custom:audio-decoder-ogg-vorbis: bf7c407c2cedff20999df2af8eb42d56 -> 
========================================================================
Received Prepare
Registering precompiled user dll's ...
Registered in 0.008651 seconds.
Begin MonoManager ReloadAssembly
Symbol file LoadedFromMemory doesn't match image E:\StreamChaosRaces\StreamChaosRaces\Library\PackageCache\com.unity.visualscripting@1.7.8\Editor\VisualScripting.Core\Dependencies\YamlDotNet\Unity.VisualScripting.YamlDotNet.dll
Symbol file LoadedFromMemory doesn't match image E:\StreamChaosRaces\StreamChaosRaces\Library\PackageCache\com.unity.visualscripting@1.7.8\Editor\VisualScripting.Core\Dependencies\DotNetZip\Unity.VisualScripting.IonicZip.dll
Native extension for WindowsStandalone target not found
Native extension for WebGL target not found
Refreshing native plugins compatible for Editor in 1.79 ms, found 4 plugins.
Preloading 0 native plugins for Editor in 0.00 ms.
Mono: successfully reloaded assembly
- Completed reload, in  1.345 seconds
Domain Reload Profiling:
	ReloadAssembly (1346ms)
		BeginReloadAssembly (146ms)
			ExecutionOrderSort (0ms)
			DisableScriptedObjects (5ms)
			BackupInstance (0ms)
			ReleaseScriptingObjects (0ms)
			CreateAndSetChildDomain (45ms)
		EndReloadAssembly (1094ms)
			LoadAssemblies (107ms)
			RebuildTransferFunctionScriptingTraits (0ms)
			SetupTypeCache (323ms)
			ReleaseScriptCaches (2ms)
			RebuildScriptCaches (57ms)
			SetupLoadedEditorAssemblies (529ms)
				LogAssemblyErrors (0ms)
				InitializePlatformSupportModulesInManaged (14ms)
				SetLoadedEditorAssemblies (0ms)
				RefreshPlugins (2ms)
				BeforeProcessingInitializeOnLoad (106ms)
				ProcessInitializeOnLoadAttributes (315ms)
				ProcessInitializeOnLoadMethodAttributes (80ms)
				AfterProcessingInitializeOnLoad (11ms)
				EditorAssembliesLoaded (0ms)
			ExecutionOrderSort2 (0ms)
			AwakeInstancesAfterBackupRestoration (16ms)
Platform modules already initialized, skipping
Refreshing native plugins compatible for Editor in 3.71 ms, found 4 plugins.
Preloading 0 native plugins for Editor in 0.00 ms.
Unloading 6006 Unused Serialized files (Serialized files now loaded: 0)
Unloading 65 unused Assets / (21.8 MB). Loaded Objects now: 6740.
Memory consumption went from 269.0 MB to 247.3 MB.
Total: 7.768800 ms (FindLiveObjects: 0.611400 ms CreateObjectMapping: 0.137800 ms MarkObjects: 2.628700 ms  DeleteObjects: 4.389600 ms)

AssetImportParameters requested are different than current active one (requested -> active):
  custom:video-decoder-ogg-theora: a1e56fd34408186e4bbccfd4996cb3dc -> 
  custom:container-muxer-webm: aa71ff27fc2769a1b78a27578f13a17b -> 
  custom:container-demuxer-webm: 4f35f7cbe854078d1ac9338744f61a02 -> 
  custom:video-encoder-webm-vp8: eb34c28f22e8b96e1ab97ce403110664 -> 
  custom:audio-encoder-webm-vorbis: bf7c407c2cedff20999df2af8eb42d56 -> 
  custom:framework-win-MediaFoundation: 216162199b28c13a410421893ffa2e32 -> 
  custom:container-demuxer-ogg: 62fdf1f143b41e24485cea50d1cbac27 -> 
  custom:video-decoder-webm-vp8: 9c59270c3fd7afecdb556c50c9e8de78 -> 
  custom:audio-decoder-ogg-vorbis: bf7c407c2cedff20999df2af8eb42d56 -> 
========================================================================
Received Prepare
Registering precompiled user dll's ...
Registered in 0.010123 seconds.
Begin MonoManager ReloadAssembly
Symbol file LoadedFromMemory doesn't match image E:\StreamChaosRaces\StreamChaosRaces\Library\PackageCache\com.unity.visualscripting@1.7.8\Editor\VisualScripting.Core\Dependencies\YamlDotNet\Unity.VisualScripting.YamlDotNet.dll
Symbol file LoadedFromMemory doesn't match image E:\StreamChaosRaces\StreamChaosRaces\Library\PackageCache\com.unity.visualscripting@1.7.8\Editor\VisualScripting.Core\Dependencies\DotNetZip\Unity.VisualScripting.IonicZip.dll
Native extension for WindowsStandalone target not found
Native extension for WebGL target not found
Refreshing native plugins compatible for Editor in 1.23 ms, found 4 plugins.
Preloading 0 native plugins for Editor in 0.00 ms.
Mono: successfully reloaded assembly
- Completed reload, in  1.425 seconds
Domain Reload Profiling:
	ReloadAssembly (1425ms)
		BeginReloadAssembly (167ms)
			ExecutionOrderSort (0ms)
			DisableScriptedObjects (4ms)
			BackupInstance (0ms)
			ReleaseScriptingObjects (0ms)
			CreateAndSetChildDomain (50ms)
		EndReloadAssembly (1141ms)
			LoadAssemblies (126ms)
			RebuildTransferFunctionScriptingTraits (0ms)
			SetupTypeCache (338ms)
			ReleaseScriptCaches (3ms)
			RebuildScriptCaches (61ms)
			SetupLoadedEditorAssemblies (546ms)
				LogAssemblyErrors (0ms)
				InitializePlatformSupportModulesInManaged (16ms)
				SetLoadedEditorAssemblies (0ms)
				RefreshPlugins (1ms)
				BeforeProcessingInitializeOnLoad (109ms)
				ProcessInitializeOnLoadAttributes (297ms)
				ProcessInitializeOnLoadMethodAttributes (107ms)
				AfterProcessingInitializeOnLoad (15ms)
				EditorAssembliesLoaded (0ms)
			ExecutionOrderSort2 (0ms)
			AwakeInstancesAfterBackupRestoration (19ms)
Platform modules already initialized, skipping
Refreshing native plugins compatible for Editor in 4.11 ms, found 4 plugins.
Preloading 0 native plugins for Editor in 0.00 ms.
Unloading 6006 Unused Serialized files (Serialized files now loaded: 0)
Unloading 65 unused Assets / (21.8 MB). Loaded Objects now: 6757.
Memory consumption went from 269.1 MB to 247.3 MB.
Total: 41.453300 ms (FindLiveObjects: 0.499900 ms CreateObjectMapping: 0.140000 ms MarkObjects: 3.680500 ms  DeleteObjects: 37.131100 ms)

AssetImportParameters requested are different than current active one (requested -> active):
  custom:video-decoder-ogg-theora: a1e56fd34408186e4bbccfd4996cb3dc -> 
  custom:container-muxer-webm: aa71ff27fc2769a1b78a27578f13a17b -> 
  custom:container-demuxer-webm: 4f35f7cbe854078d1ac9338744f61a02 -> 
  custom:video-encoder-webm-vp8: eb34c28f22e8b96e1ab97ce403110664 -> 
  custom:audio-encoder-webm-vorbis: bf7c407c2cedff20999df2af8eb42d56 -> 
  custom:framework-win-MediaFoundation: 216162199b28c13a410421893ffa2e32 -> 
  custom:container-demuxer-ogg: 62fdf1f143b41e24485cea50d1cbac27 -> 
  custom:video-decoder-webm-vp8: 9c59270c3fd7afecdb556c50c9e8de78 -> 
  custom:audio-decoder-ogg-vorbis: bf7c407c2cedff20999df2af8eb42d56 -> 
========================================================================
Received Prepare
Registering precompiled user dll's ...
Registered in 0.009258 seconds.
Begin MonoManager ReloadAssembly
Symbol file LoadedFromMemory doesn't match image E:\StreamChaosRaces\StreamChaosRaces\Library\PackageCache\com.unity.visualscripting@1.7.8\Editor\VisualScripting.Core\Dependencies\YamlDotNet\Unity.VisualScripting.YamlDotNet.dll
Symbol file LoadedFromMemory doesn't match image E:\StreamChaosRaces\StreamChaosRaces\Library\PackageCache\com.unity.visualscripting@1.7.8\Editor\VisualScripting.Core\Dependencies\DotNetZip\Unity.VisualScripting.IonicZip.dll
Native extension for WindowsStandalone target not found
Native extension for WebGL target not found
Refreshing native plugins compatible for Editor in 1.17 ms, found 4 plugins.
Preloading 0 native plugins for Editor in 0.00 ms.
Mono: successfully reloaded assembly
- Completed reload, in  1.301 seconds
Domain Reload Profiling:
	ReloadAssembly (1301ms)
		BeginReloadAssembly (152ms)
			ExecutionOrderSort (0ms)
			DisableScriptedObjects (6ms)
			BackupInstance (0ms)
			ReleaseScriptingObjects (0ms)
			CreateAndSetChildDomain (45ms)
		EndReloadAssembly (1034ms)
			LoadAssemblies (115ms)
			RebuildTransferFunctionScriptingTraits (0ms)
			SetupTypeCache (342ms)
			ReleaseScriptCaches (3ms)
			RebuildScriptCaches (56ms)
			SetupLoadedEditorAssemblies (455ms)
				LogAssemblyErrors (0ms)
				InitializePlatformSupportModulesInManaged (13ms)
				SetLoadedEditorAssemblies (0ms)
				RefreshPlugins (1ms)
				BeforeProcessingInitializeOnLoad (97ms)
				ProcessInitializeOnLoadAttributes (262ms)
				ProcessInitializeOnLoadMethodAttributes (70ms)
				AfterProcessingInitializeOnLoad (10ms)
				EditorAssembliesLoaded (0ms)
			ExecutionOrderSort2 (0ms)
			AwakeInstancesAfterBackupRestoration (14ms)
Platform modules already initialized, skipping
Refreshing native plugins compatible for Editor in 3.24 ms, found 4 plugins.
Preloading 0 native plugins for Editor in 0.00 ms.
Unloading 6006 Unused Serialized files (Serialized files now loaded: 0)
Unloading 65 unused Assets / (21.8 MB). Loaded Objects now: 6774.
Memory consumption went from 269.1 MB to 247.3 MB.
Total: 8.222300 ms (FindLiveObjects: 0.718800 ms CreateObjectMapping: 0.154500 ms MarkObjects: 2.841800 ms  DeleteObjects: 4.505300 ms)

AssetImportParameters requested are different than current active one (requested -> active):
  custom:video-decoder-ogg-theora: a1e56fd34408186e4bbccfd4996cb3dc -> 
  custom:container-muxer-webm: aa71ff27fc2769a1b78a27578f13a17b -> 
  custom:container-demuxer-webm: 4f35f7cbe854078d1ac9338744f61a02 -> 
  custom:video-encoder-webm-vp8: eb34c28f22e8b96e1ab97ce403110664 -> 
  custom:audio-encoder-webm-vorbis: bf7c407c2cedff20999df2af8eb42d56 -> 
  custom:framework-win-MediaFoundation: 216162199b28c13a410421893ffa2e32 -> 
  custom:container-demuxer-ogg: 62fdf1f143b41e24485cea50d1cbac27 -> 
  custom:video-decoder-webm-vp8: 9c59270c3fd7afecdb556c50c9e8de78 -> 
  custom:audio-decoder-ogg-vorbis: bf7c407c2cedff20999df2af8eb42d56 -> 
========================================================================
Received Prepare
Registering precompiled user dll's ...
Registered in 0.010408 seconds.
Begin MonoManager ReloadAssembly
Symbol file LoadedFromMemory doesn't match image E:\StreamChaosRaces\StreamChaosRaces\Library\PackageCache\com.unity.visualscripting@1.7.8\Editor\VisualScripting.Core\Dependencies\YamlDotNet\Unity.VisualScripting.YamlDotNet.dll
Symbol file LoadedFromMemory doesn't match image E:\StreamChaosRaces\StreamChaosRaces\Library\PackageCache\com.unity.visualscripting@1.7.8\Editor\VisualScripting.Core\Dependencies\DotNetZip\Unity.VisualScripting.IonicZip.dll
Native extension for WindowsStandalone target not found
Native extension for WebGL target not found
Refreshing native plugins compatible for Editor in 1.28 ms, found 4 plugins.
Preloading 0 native plugins for Editor in 0.00 ms.
Mono: successfully reloaded assembly
- Completed reload, in  1.354 seconds
Domain Reload Profiling:
	ReloadAssembly (1355ms)
		BeginReloadAssembly (147ms)
			ExecutionOrderSort (0ms)
			DisableScriptedObjects (5ms)
			BackupInstance (0ms)
			ReleaseScriptingObjects (0ms)
			CreateAndSetChildDomain (45ms)
		EndReloadAssembly (1103ms)
			LoadAssemblies (113ms)
			RebuildTransferFunctionScriptingTraits (0ms)
			SetupTypeCache (332ms)
			ReleaseScriptCaches (2ms)
			RebuildScriptCaches (56ms)
			SetupLoadedEditorAssemblies (525ms)
				LogAssemblyErrors (0ms)
				InitializePlatformSupportModulesInManaged (17ms)
				SetLoadedEditorAssemblies (0ms)
				RefreshPlugins (1ms)
				BeforeProcessingInitializeOnLoad (112ms)
				ProcessInitializeOnLoadAttributes (300ms)
				ProcessInitializeOnLoadMethodAttributes (82ms)
				AfterProcessingInitializeOnLoad (12ms)
				EditorAssembliesLoaded (0ms)
			ExecutionOrderSort2 (0ms)
			AwakeInstancesAfterBackupRestoration (17ms)
Platform modules already initialized, skipping
Refreshing native plugins compatible for Editor in 4.10 ms, found 4 plugins.
Preloading 0 native plugins for Editor in 0.00 ms.
Unloading 6006 Unused Serialized files (Serialized files now loaded: 0)
Unloading 65 unused Assets / (21.8 MB). Loaded Objects now: 6791.
Memory consumption went from 269.1 MB to 247.3 MB.
Total: 8.890900 ms (FindLiveObjects: 0.540400 ms CreateObjectMapping: 0.138800 ms MarkObjects: 3.808200 ms  DeleteObjects: 4.401400 ms)

AssetImportParameters requested are different than current active one (requested -> active):
  custom:video-decoder-ogg-theora: a1e56fd34408186e4bbccfd4996cb3dc -> 
  custom:container-muxer-webm: aa71ff27fc2769a1b78a27578f13a17b -> 
  custom:container-demuxer-webm: 4f35f7cbe854078d1ac9338744f61a02 -> 
  custom:video-encoder-webm-vp8: eb34c28f22e8b96e1ab97ce403110664 -> 
  custom:audio-encoder-webm-vorbis: bf7c407c2cedff20999df2af8eb42d56 -> 
  custom:framework-win-MediaFoundation: 216162199b28c13a410421893ffa2e32 -> 
  custom:container-demuxer-ogg: 62fdf1f143b41e24485cea50d1cbac27 -> 
  custom:video-decoder-webm-vp8: 9c59270c3fd7afecdb556c50c9e8de78 -> 
  custom:audio-decoder-ogg-vorbis: bf7c407c2cedff20999df2af8eb42d56 -> 
