Using pre-set license
Built from '2021.3/staging' branch; Version is '2021.3.1f1 (3b70a0754835) revision 3895456'; Using compiler version '192829333'; Build Type 'Release'
OS: 'Windows 10  (10.0.19044) 64bit Professional' Language: 'es' Physical Memory: 16334 MB
BatchMode: 1, IsHumanControllingUs: 0, StartBugReporterOnCrash: 0, Is64bit: 1, IsPro: 1

COMMAND LINE ARGUMENTS:
C:\Program Files\Unity\Hub\Editor\2021.3.1f1\Editor\Unity.exe
-adb2
-batchMode
-noUpm
-name
AssetImportWorker5
-projectPath
E:/StreamChaosRaces/StreamChaosRaces
-logFile
Logs/AssetImportWorker5.log
-srvPort
61784
Successfully changed project path to: E:/StreamChaosRaces/StreamChaosRaces
E:/StreamChaosRaces/StreamChaosRaces
[UnityMemory] Configuration Parameters - Can be set up in boot.config
    "memorysetup-bucket-allocator-granularity=16"
    "memorysetup-bucket-allocator-bucket-count=8"
    "memorysetup-bucket-allocator-block-size=33554432"
    "memorysetup-bucket-allocator-block-count=8"
    "memorysetup-main-allocator-block-size=16777216"
    "memorysetup-thread-allocator-block-size=16777216"
    "memorysetup-gfx-main-allocator-block-size=16777216"
    "memorysetup-gfx-thread-allocator-block-size=16777216"
    "memorysetup-cache-allocator-block-size=4194304"
    "memorysetup-typetree-allocator-block-size=2097152"
    "memorysetup-profiler-bucket-allocator-granularity=16"
    "memorysetup-profiler-bucket-allocator-bucket-count=8"
    "memorysetup-profiler-bucket-allocator-block-size=33554432"
    "memorysetup-profiler-bucket-allocator-block-count=8"
    "memorysetup-profiler-allocator-block-size=16777216"
    "memorysetup-profiler-editor-allocator-block-size=1048576"
    "memorysetup-temp-allocator-size-main=16777216"
    "memorysetup-job-temp-allocator-block-size=2097152"
    "memorysetup-job-temp-allocator-block-size-background=1048576"
    "memorysetup-job-temp-allocator-reduction-small-platforms=262144"
    "memorysetup-temp-allocator-size-background-worker=32768"
    "memorysetup-temp-allocator-size-job-worker=262144"
    "memorysetup-temp-allocator-size-preload-manager=33554432"
    "memorysetup-temp-allocator-size-nav-mesh-worker=65536"
    "memorysetup-temp-allocator-size-audio-worker=65536"
    "memorysetup-temp-allocator-size-cloud-worker=32768"
    "memorysetup-temp-allocator-size-gi-baking-worker=262144"
    "memorysetup-temp-allocator-size-gfx=262144"
Refreshing native plugins compatible for Editor in 156.22 ms, found 4 plugins.
Preloading 0 native plugins for Editor in 0.00 ms.
Initialize engine version: 2021.3.1f1 (3b70a0754835)
[Subsystems] Discovering subsystems at path C:/Program Files/Unity/Hub/Editor/2021.3.1f1/Editor/Data/Resources/UnitySubsystems
[Subsystems] Discovering subsystems at path E:/StreamChaosRaces/StreamChaosRaces/Assets
GfxDevice: creating device client; threaded=0; jobified=0
Direct3D:
    Version:  Direct3D 11.0 [level 11.1]
    Renderer: NVIDIA GeForce RTX 3060 (ID=0x2487)
    Vendor:   NVIDIA
    VRAM:     12137 MB
    Driver:   30.0.15.1295
Initialize mono
Mono path[0] = 'C:/Program Files/Unity/Hub/Editor/2021.3.1f1/Editor/Data/Managed'
Mono path[1] = 'C:/Program Files/Unity/Hub/Editor/2021.3.1f1/Editor/Data/MonoBleedingEdge/lib/mono/unityjit-win32'
Mono config path = 'C:/Program Files/Unity/Hub/Editor/2021.3.1f1/Editor/Data/MonoBleedingEdge/etc'
Using monoOptions --debugger-agent=transport=dt_socket,embedding=1,server=y,suspend=n,address=127.0.0.1:56132
Begin MonoManager ReloadAssembly
Registering precompiled unity dll's ...
Register platform support module: C:/Program Files/Unity/Hub/Editor/2021.3.1f1/Editor/Data/PlaybackEngines/WebGLSupport/UnityEditor.WebGL.Extensions.dll
Register platform support module: C:/Program Files/Unity/Hub/Editor/2021.3.1f1/Editor/Data/PlaybackEngines/WindowsStandaloneSupport/UnityEditor.WindowsStandalone.Extensions.dll
Registered in 0.008357 seconds.
Native extension for WindowsStandalone target not found
Native extension for WebGL target not found
Refreshing native plugins compatible for Editor in 131.48 ms, found 4 plugins.
Preloading 0 native plugins for Editor in 0.00 ms.
Mono: successfully reloaded assembly
- Completed reload, in  0.600 seconds
Domain Reload Profiling:
	ReloadAssembly (600ms)
		BeginReloadAssembly (61ms)
			ExecutionOrderSort (0ms)
			DisableScriptedObjects (0ms)
			BackupInstance (0ms)
			ReleaseScriptingObjects (0ms)
			CreateAndSetChildDomain (1ms)
		EndReloadAssembly (437ms)
			LoadAssemblies (58ms)
			RebuildTransferFunctionScriptingTraits (0ms)
			SetupTypeCache (85ms)
			ReleaseScriptCaches (0ms)
			RebuildScriptCaches (22ms)
			SetupLoadedEditorAssemblies (286ms)
				LogAssemblyErrors (0ms)
				InitializePlatformSupportModulesInManaged (8ms)
				SetLoadedEditorAssemblies (0ms)
				RefreshPlugins (132ms)
				BeforeProcessingInitializeOnLoad (1ms)
				ProcessInitializeOnLoadAttributes (110ms)
				ProcessInitializeOnLoadMethodAttributes (35ms)
				AfterProcessingInitializeOnLoad (0ms)
				EditorAssembliesLoaded (0ms)
			ExecutionOrderSort2 (0ms)
			AwakeInstancesAfterBackupRestoration (0ms)
Platform modules already initialized, skipping
Registering precompiled user dll's ...
Registered in 0.008691 seconds.
Begin MonoManager ReloadAssembly
Symbol file LoadedFromMemory doesn't match image E:\StreamChaosRaces\StreamChaosRaces\Library\PackageCache\com.unity.visualscripting@1.7.8\Editor\VisualScripting.Core\Dependencies\YamlDotNet\Unity.VisualScripting.YamlDotNet.dll
Symbol file LoadedFromMemory doesn't match image E:\StreamChaosRaces\StreamChaosRaces\Library\PackageCache\com.unity.visualscripting@1.7.8\Editor\VisualScripting.Core\Dependencies\DotNetZip\Unity.VisualScripting.IonicZip.dll
Native extension for WindowsStandalone target not found
Native extension for WebGL target not found
Refreshing native plugins compatible for Editor in 133.56 ms, found 4 plugins.
Preloading 0 native plugins for Editor in 0.00 ms.
Mono: successfully reloaded assembly
- Completed reload, in  1.237 seconds
Domain Reload Profiling:
	ReloadAssembly (1238ms)
		BeginReloadAssembly (93ms)
			ExecutionOrderSort (0ms)
			DisableScriptedObjects (4ms)
			BackupInstance (0ms)
			ReleaseScriptingObjects (0ms)
			CreateAndSetChildDomain (17ms)
		EndReloadAssembly (1056ms)
			LoadAssemblies (84ms)
			RebuildTransferFunctionScriptingTraits (0ms)
			SetupTypeCache (277ms)
			ReleaseScriptCaches (1ms)
			RebuildScriptCaches (58ms)
			SetupLoadedEditorAssemblies (602ms)
				LogAssemblyErrors (0ms)
				InitializePlatformSupportModulesInManaged (11ms)
				SetLoadedEditorAssemblies (0ms)
				RefreshPlugins (134ms)
				BeforeProcessingInitializeOnLoad (117ms)
				ProcessInitializeOnLoadAttributes (267ms)
				ProcessInitializeOnLoadMethodAttributes (64ms)
				AfterProcessingInitializeOnLoad (9ms)
				EditorAssembliesLoaded (0ms)
			ExecutionOrderSort2 (0ms)
			AwakeInstancesAfterBackupRestoration (5ms)
Platform modules already initialized, skipping
========================================================================
Worker process is ready to serve import requests
Launched and connected shader compiler UnityShaderCompiler.exe after 0.05 seconds
Refreshing native plugins compatible for Editor in 1.17 ms, found 4 plugins.
Preloading 0 native plugins for Editor in 0.00 ms.
Unloading 6070 Unused Serialized files (Serialized files now loaded: 0)
Unloading 85 unused Assets / (21.8 MB). Loaded Objects now: 6490.
Memory consumption went from 274.2 MB to 252.4 MB.
Total: 6.690500 ms (FindLiveObjects: 0.488200 ms CreateObjectMapping: 0.153900 ms MarkObjects: 2.636200 ms  DeleteObjects: 3.411300 ms)

AssetImportParameters requested are different than current active one (requested -> active):
  custom:video-decoder-ogg-theora: a1e56fd34408186e4bbccfd4996cb3dc -> 
  custom:container-muxer-webm: aa71ff27fc2769a1b78a27578f13a17b -> 
  custom:container-demuxer-webm: 4f35f7cbe854078d1ac9338744f61a02 -> 
  custom:video-encoder-webm-vp8: eb34c28f22e8b96e1ab97ce403110664 -> 
  custom:audio-encoder-webm-vorbis: bf7c407c2cedff20999df2af8eb42d56 -> 
  custom:framework-win-MediaFoundation: 216162199b28c13a410421893ffa2e32 -> 
  custom:container-demuxer-ogg: 62fdf1f143b41e24485cea50d1cbac27 -> 
  custom:video-decoder-webm-vp8: 9c59270c3fd7afecdb556c50c9e8de78 -> 
  custom:audio-decoder-ogg-vorbis: bf7c407c2cedff20999df2af8eb42d56 -> 
========================================================================
Received Import Request.
  Time since last request: 34404.180859 seconds.
  path: Assets/kenney_racingkit2/Models/FBX format/barrierRed.fbx
  artifactKey: Guid(6a9da56486806ee498d7f8f16b749499) Importer(815301076,1909f56bfc062723c751e8b465ee728b)
Start importing Assets/kenney_racingkit2/Models/FBX format/barrierRed.fbx using Guid(6a9da56486806ee498d7f8f16b749499) Importer(815301076,1909f56bfc062723c751e8b465ee728b)  -> (artifact id: 'c6441ce1276a706bf62165de1481a39a') in 0.310148 seconds 
========================================================================
Received Import Request.
  Time since last request: 0.000030 seconds.
  path: Assets/kenney_racingkit2/Models/FBX format/raceCarOrange.fbx
  artifactKey: Guid(8ae6fcba9d578574097fa3d2d3c8ad0a) Importer(815301076,1909f56bfc062723c751e8b465ee728b)
Start importing Assets/kenney_racingkit2/Models/FBX format/raceCarOrange.fbx using Guid(8ae6fcba9d578574097fa3d2d3c8ad0a) Importer(815301076,1909f56bfc062723c751e8b465ee728b)  -> (artifact id: 'a0a6b657cec9ecc4f85642b4d62b973b') in 0.104975 seconds 
========================================================================
Received Import Request.
  Time since last request: 0.000030 seconds.
  path: Assets/kenney_racingkit2/Models/FBX format/lightColored.fbx
  artifactKey: Guid(77c85c0f8a3135346803c63a3a0c42fc) Importer(815301076,1909f56bfc062723c751e8b465ee728b)
Start importing Assets/kenney_racingkit2/Models/FBX format/lightColored.fbx using Guid(77c85c0f8a3135346803c63a3a0c42fc) Importer(815301076,1909f56bfc062723c751e8b465ee728b)  -> (artifact id: '8bc9c11e3cee69c8ea73b0e8c2c8a270') in 0.056434 seconds 
========================================================================
Received Import Request.
  Time since last request: 0.000022 seconds.
  path: Assets/kenney_racingkit2/Models/FBX format/fenceStraight.fbx
  artifactKey: Guid(0c9e501120fe37c43bea693fd42ecbfa) Importer(815301076,1909f56bfc062723c751e8b465ee728b)
Start importing Assets/kenney_racingkit2/Models/FBX format/fenceStraight.fbx using Guid(0c9e501120fe37c43bea693fd42ecbfa) Importer(815301076,1909f56bfc062723c751e8b465ee728b)  -> (artifact id: '8d5e4136ec748643f502b6768ef094b4') in 0.030897 seconds 
========================================================================
Received Import Request.
  Time since last request: 0.000034 seconds.
  path: Assets/kenney_racingkit2/Models/FBX format/barrierWall.fbx
  artifactKey: Guid(450165207f6742444833697f8b0ca4ca) Importer(815301076,1909f56bfc062723c751e8b465ee728b)
Start importing Assets/kenney_racingkit2/Models/FBX format/barrierWall.fbx using Guid(450165207f6742444833697f8b0ca4ca) Importer(815301076,1909f56bfc062723c751e8b465ee728b)  -> (artifact id: '0bb072909bf55a9af6f415a13e8ce680') in 0.029015 seconds 
========================================================================
Received Import Request.
  Time since last request: 0.000034 seconds.
  path: Assets/kenney_racingkit2/Models/FBX format/camera_exclusive.fbx
  artifactKey: Guid(96205bf3482f0f141ba2dabcb571ac40) Importer(815301076,1909f56bfc062723c751e8b465ee728b)
Start importing Assets/kenney_racingkit2/Models/FBX format/camera_exclusive.fbx using Guid(96205bf3482f0f141ba2dabcb571ac40) Importer(815301076,1909f56bfc062723c751e8b465ee728b)  -> (artifact id: '21892477b4893e357f1098ee250b06d0') in 0.040735 seconds 
========================================================================
Received Import Request.
  Time since last request: 0.000027 seconds.
  path: Assets/kenney_racingkit2/Models/FBX format/grandStandCovered.fbx
  artifactKey: Guid(65e56e55f3a92cc4ca5f278c705bdca5) Importer(815301076,1909f56bfc062723c751e8b465ee728b)
Start importing Assets/kenney_racingkit2/Models/FBX format/grandStandCovered.fbx using Guid(65e56e55f3a92cc4ca5f278c705bdca5) Importer(815301076,1909f56bfc062723c751e8b465ee728b)  -> (artifact id: 'b51c34a959d624d8e4b86eed9eaa44af') in 0.050804 seconds 
========================================================================
Received Import Request.
  Time since last request: 0.000034 seconds.
  path: Assets/kenney_racingkit2/Models/FBX format/flagCheckersSmall.fbx
  artifactKey: Guid(b683c36183174424c8260ce182b68817) Importer(815301076,1909f56bfc062723c751e8b465ee728b)
Start importing Assets/kenney_racingkit2/Models/FBX format/flagCheckersSmall.fbx using Guid(b683c36183174424c8260ce182b68817) Importer(815301076,1909f56bfc062723c751e8b465ee728b)  -> (artifact id: '4146357df9379415476b6034bf350763') in 0.041120 seconds 
========================================================================
Received Import Request.
  Time since last request: 0.000031 seconds.
  path: Assets/kenney_racingkit2/Models/FBX format/flagTankco.fbx
  artifactKey: Guid(7043cd10ab23549458d0d4468ae7c99f) Importer(815301076,1909f56bfc062723c751e8b465ee728b)
Start importing Assets/kenney_racingkit2/Models/FBX format/flagTankco.fbx using Guid(7043cd10ab23549458d0d4468ae7c99f) Importer(815301076,1909f56bfc062723c751e8b465ee728b)  -> (artifact id: 'ba73c70cee6fb05a868df4f6cff2bb1c') in 0.055795 seconds 
========================================================================
Received Import Request.
  Time since last request: 0.000026 seconds.
  path: Assets/kenney_racingkit2/Models/FBX format/raceCarGreen.fbx
  artifactKey: Guid(ffa947081a33f314d831491b857fcfb0) Importer(815301076,1909f56bfc062723c751e8b465ee728b)
Start importing Assets/kenney_racingkit2/Models/FBX format/raceCarGreen.fbx using Guid(ffa947081a33f314d831491b857fcfb0) Importer(815301076,1909f56bfc062723c751e8b465ee728b)  -> (artifact id: '00b1144a13b4e5f50c49b7424356a1b2') in 0.095499 seconds 
========================================================================
Received Import Request.
  Time since last request: 0.000033 seconds.
  path: Assets/kenney_racingkit2/Models/FBX format/barrierWhite.fbx
  artifactKey: Guid(71d07fd87dfe3184a951465fb36dc71c) Importer(815301076,1909f56bfc062723c751e8b465ee728b)
Start importing Assets/kenney_racingkit2/Models/FBX format/barrierWhite.fbx using Guid(71d07fd87dfe3184a951465fb36dc71c) Importer(815301076,1909f56bfc062723c751e8b465ee728b)  -> (artifact id: '8eacdd6547fddd29a1246010bc51c40e') in 0.026352 seconds 
========================================================================
Received Import Request.
  Time since last request: 0.489681 seconds.
  path: Assets/kenney_racingkit2/Models/FBX format/ramp.fbx
  artifactKey: Guid(a16a6a6f9ea462c40a5933d3e72379b2) Importer(815301076,1909f56bfc062723c751e8b465ee728b)
Start importing Assets/kenney_racingkit2/Models/FBX format/ramp.fbx using Guid(a16a6a6f9ea462c40a5933d3e72379b2) Importer(815301076,1909f56bfc062723c751e8b465ee728b)  -> (artifact id: 'f2b0981f190f8cedabe8fd4e400f9459') in 0.031073 seconds 
========================================================================
Received Import Request.
  Time since last request: 0.000028 seconds.
  path: Assets/kenney_racingkit2/Models/FBX format/roadCornerBridgeSmall.fbx
  artifactKey: Guid(42fe223e492d334438e4a457d37aaf70) Importer(815301076,1909f56bfc062723c751e8b465ee728b)
Start importing Assets/kenney_racingkit2/Models/FBX format/roadCornerBridgeSmall.fbx using Guid(42fe223e492d334438e4a457d37aaf70) Importer(815301076,1909f56bfc062723c751e8b465ee728b)  -> (artifact id: 'fb80a814af95e51bc9470994c9a4ec0d') in 0.038805 seconds 
========================================================================
Received Import Request.
  Time since last request: 0.000028 seconds.
  path: Assets/kenney_racingkit2/Models/FBX format/roadPitGarage.fbx
  artifactKey: Guid(d206eebe5f1b25a4089c23f683ac4353) Importer(815301076,1909f56bfc062723c751e8b465ee728b)
Start importing Assets/kenney_racingkit2/Models/FBX format/roadPitGarage.fbx using Guid(d206eebe5f1b25a4089c23f683ac4353) Importer(815301076,1909f56bfc062723c751e8b465ee728b)  -> (artifact id: '22d13af0a2811b7bfc88ec2200625dc8') in 0.036056 seconds 
========================================================================
Received Import Request.
  Time since last request: 0.000079 seconds.
  path: Assets/kenney_racingkit2/Models/FBX format/roadEnd.fbx
  artifactKey: Guid(78a5d8afa87d9c445ba9d0df879d774f) Importer(815301076,1909f56bfc062723c751e8b465ee728b)
Start importing Assets/kenney_racingkit2/Models/FBX format/roadEnd.fbx using Guid(78a5d8afa87d9c445ba9d0df879d774f) Importer(815301076,1909f56bfc062723c751e8b465ee728b)  -> (artifact id: '77e339aa2665fd8f746e6175c92df0ef') in 0.036376 seconds 
========================================================================
Received Import Request.
  Time since last request: 0.000034 seconds.
  path: Assets/kenney_racingkit2/Models/FBX format/roadCornerSmallSquare.fbx
  artifactKey: Guid(b0ea9282083e5fe4fac3f051ea4ac10e) Importer(815301076,1909f56bfc062723c751e8b465ee728b)
Start importing Assets/kenney_racingkit2/Models/FBX format/roadCornerSmallSquare.fbx using Guid(b0ea9282083e5fe4fac3f051ea4ac10e) Importer(815301076,1909f56bfc062723c751e8b465ee728b)  -> (artifact id: '4154d796e4cfbe26257098b151b08bd8') in 0.037247 seconds 
========================================================================
Received Import Request.
  Time since last request: 0.000037 seconds.
  path: Assets/kenney_racingkit2/Models/FBX format/roadCornerLargeSandInner.fbx
  artifactKey: Guid(cd5f68432a6ce6b4bbfa0adfb35f6c35) Importer(815301076,1909f56bfc062723c751e8b465ee728b)
Start importing Assets/kenney_racingkit2/Models/FBX format/roadCornerLargeSandInner.fbx using Guid(cd5f68432a6ce6b4bbfa0adfb35f6c35) Importer(815301076,1909f56bfc062723c751e8b465ee728b)  -> (artifact id: 'a239516018dd92bf087e99e52b8699de') in 0.026705 seconds 
========================================================================
Received Import Request.
  Time since last request: 0.000026 seconds.
  path: Assets/kenney_racingkit2/Models/FBX format/roadCornerSmall.fbx
  artifactKey: Guid(b29284ab62743a24888b25f6bd41194e) Importer(815301076,1909f56bfc062723c751e8b465ee728b)
Start importing Assets/kenney_racingkit2/Models/FBX format/roadCornerSmall.fbx using Guid(b29284ab62743a24888b25f6bd41194e) Importer(815301076,1909f56bfc062723c751e8b465ee728b)  -> (artifact id: '47403d8417fe63fafc6b3d30c72df921') in 0.036286 seconds 
========================================================================
Received Import Request.
  Time since last request: 0.000025 seconds.
  path: Assets/kenney_racingkit2/Models/FBX format/roadCornerBridgeLarger.fbx
  artifactKey: Guid(3d96690babc38884abfc3766fa732e3e) Importer(815301076,1909f56bfc062723c751e8b465ee728b)
Start importing Assets/kenney_racingkit2/Models/FBX format/roadCornerBridgeLarger.fbx using Guid(3d96690babc38884abfc3766fa732e3e) Importer(815301076,1909f56bfc062723c751e8b465ee728b)  -> (artifact id: '7bbdc01f894aeb30788386b4137b2862') in 0.037188 seconds 
========================================================================
Received Import Request.
  Time since last request: 0.000051 seconds.
  path: Assets/kenney_racingkit2/Models/FBX format/roadCornerLargerWallInner.fbx
  artifactKey: Guid(b1d0a138a8f8bd54d8706aa7e24e203c) Importer(815301076,1909f56bfc062723c751e8b465ee728b)
Start importing Assets/kenney_racingkit2/Models/FBX format/roadCornerLargerWallInner.fbx using Guid(b1d0a138a8f8bd54d8706aa7e24e203c) Importer(815301076,1909f56bfc062723c751e8b465ee728b)  -> (artifact id: '9ddb43e9e7f3127a08539d03767695a8') in 0.035247 seconds 
========================================================================
Received Import Request.
  Time since last request: 0.000028 seconds.
  path: Assets/kenney_racingkit2/Models/FBX format/roadStart.fbx
  artifactKey: Guid(922741cf218a12845a67f5a3a72ac48d) Importer(815301076,1909f56bfc062723c751e8b465ee728b)
Start importing Assets/kenney_racingkit2/Models/FBX format/roadStart.fbx using Guid(922741cf218a12845a67f5a3a72ac48d) Importer(815301076,1909f56bfc062723c751e8b465ee728b)  -> (artifact id: '83d21eca9cb7f5a2e08fc462d819a66e') in 0.038382 seconds 
========================================================================
Received Import Request.
  Time since last request: 0.000039 seconds.
  path: Assets/kenney_racingkit2/Models/FBX format/tentLong.fbx
  artifactKey: Guid(e7723f8d844a7d84296bec3152c39521) Importer(815301076,1909f56bfc062723c751e8b465ee728b)
Start importing Assets/kenney_racingkit2/Models/FBX format/tentLong.fbx using Guid(e7723f8d844a7d84296bec3152c39521) Importer(815301076,1909f56bfc062723c751e8b465ee728b)  -> (artifact id: 'b73acf7e68de13d022e1d76578fa8df2') in 0.031409 seconds 
========================================================================
Received Import Request.
  Time since last request: 0.000023 seconds.
  path: Assets/kenney_racingkit2/Models/FBX format/roadSplitSmall.fbx
  artifactKey: Guid(aaa490dd033ba0f49a696e9aebfc3b51) Importer(815301076,1909f56bfc062723c751e8b465ee728b)
Start importing Assets/kenney_racingkit2/Models/FBX format/roadSplitSmall.fbx using Guid(aaa490dd033ba0f49a696e9aebfc3b51) Importer(815301076,1909f56bfc062723c751e8b465ee728b)  -> (artifact id: '13a020fb1f0623fd797db2270b047b99') in 0.039434 seconds 
========================================================================
Received Import Request.
  Time since last request: 0.000023 seconds.
  path: Assets/kenney_racingkit2/Models/FBX format/treeSmall.fbx
  artifactKey: Guid(5d1c468547e9d594d9945cff9a939807) Importer(815301076,1909f56bfc062723c751e8b465ee728b)
Start importing Assets/kenney_racingkit2/Models/FBX format/treeSmall.fbx using Guid(5d1c468547e9d594d9945cff9a939807) Importer(815301076,1909f56bfc062723c751e8b465ee728b)  -> (artifact id: '3c8a2aa4cd801f5754863c66132fc940') in 0.033057 seconds 
========================================================================
Received Import Request.
  Time since last request: 0.000040 seconds.
  path: Assets/kenney_racingkit2/Models/FBX format/treeLarge.fbx
  artifactKey: Guid(ae84f4d226b2bf548a95f263feb9b1ec) Importer(815301076,1909f56bfc062723c751e8b465ee728b)
Start importing Assets/kenney_racingkit2/Models/FBX format/treeLarge.fbx using Guid(ae84f4d226b2bf548a95f263feb9b1ec) Importer(815301076,1909f56bfc062723c751e8b465ee728b)  -> (artifact id: '630d5883397143085765449d21961cf3') in 0.033067 seconds 
========================================================================
Received Import Request.
  Time since last request: 0.000025 seconds.
  path: Assets/kenney_racingkit2/Models/FBX format/roadSplitRoundLarge.fbx
  artifactKey: Guid(e4aec930b7c0bc848a087a12058ad47d) Importer(815301076,1909f56bfc062723c751e8b465ee728b)
Start importing Assets/kenney_racingkit2/Models/FBX format/roadSplitRoundLarge.fbx using Guid(e4aec930b7c0bc848a087a12058ad47d) Importer(815301076,1909f56bfc062723c751e8b465ee728b)  -> (artifact id: '901ae4dcdcebe7468b2841a34b566831') in 0.039750 seconds 
========================================================================
Received Import Request.
  Time since last request: 0.000033 seconds.
  path: Assets/kenney_racingkit2/Models/FBX format/tentClosedLong.fbx
  artifactKey: Guid(55aea66fb5231bc4d969a3b29477e078) Importer(815301076,1909f56bfc062723c751e8b465ee728b)
Start importing Assets/kenney_racingkit2/Models/FBX format/tentClosedLong.fbx using Guid(55aea66fb5231bc4d969a3b29477e078) Importer(815301076,1909f56bfc062723c751e8b465ee728b)  -> (artifact id: 'acff28ae5cb0a00ad45ff133c128db4a') in 0.124341 seconds 
========================================================================
Received Import Request.
  Time since last request: 0.000030 seconds.
  path: Assets/kenney_racingkit2/Models/FBX format/roadCornerLargerBorderInner.fbx
  artifactKey: Guid(c958ff95f9ec4f3458a691f872e2aa26) Importer(815301076,1909f56bfc062723c751e8b465ee728b)
Start importing Assets/kenney_racingkit2/Models/FBX format/roadCornerLargerBorderInner.fbx using Guid(c958ff95f9ec4f3458a691f872e2aa26) Importer(815301076,1909f56bfc062723c751e8b465ee728b)  -> (artifact id: '25cb6ad44bca379c9980d4b9461ddc6e') in 0.032010 seconds 
========================================================================
Received Import Request.
  Time since last request: 0.000026 seconds.
  path: Assets/kenney_racingkit2/Models/FBX format/roadCornerLarger.fbx
  artifactKey: Guid(394a399b64310e245b1b88b5a89dfe04) Importer(815301076,1909f56bfc062723c751e8b465ee728b)
Start importing Assets/kenney_racingkit2/Models/FBX format/roadCornerLarger.fbx using Guid(394a399b64310e245b1b88b5a89dfe04) Importer(815301076,1909f56bfc062723c751e8b465ee728b)  -> (artifact id: '94aa5d6884e0d46c050d80708a432620') in 0.037256 seconds 
========================================================================
Received Import Request.
  Time since last request: 0.000031 seconds.
  path: Assets/kenney_racingkit2/Models/FBX format/roadSplitLarge.fbx
  artifactKey: Guid(4d5c304c44c1084448040c59e2485d04) Importer(815301076,1909f56bfc062723c751e8b465ee728b)
Start importing Assets/kenney_racingkit2/Models/FBX format/roadSplitLarge.fbx using Guid(4d5c304c44c1084448040c59e2485d04) Importer(815301076,1909f56bfc062723c751e8b465ee728b)  -> (artifact id: 'cfc0ba4b75093927c252c34d2a588abd') in 0.036450 seconds 
========================================================================
Received Import Request.
  Time since last request: 0.000020 seconds.
  path: Assets/kenney_racingkit2/Models/FBX format/roadCornerLargeSand.fbx
  artifactKey: Guid(d14eb670817d91e488565a64b170d791) Importer(815301076,1909f56bfc062723c751e8b465ee728b)
Start importing Assets/kenney_racingkit2/Models/FBX format/roadCornerLargeSand.fbx using Guid(d14eb670817d91e488565a64b170d791) Importer(815301076,1909f56bfc062723c751e8b465ee728b)  -> (artifact id: '9b97e9737f2902bbfdb8ce4d6e9f757f') in 0.024580 seconds 
========================================================================
Received Import Request.
  Time since last request: 0.000020 seconds.
  path: Assets/kenney_racingkit2/Models/FBX format/roadCornerLargerBorder.fbx
  artifactKey: Guid(516f014413074d742b2cd319c56d5e73) Importer(815301076,1909f56bfc062723c751e8b465ee728b)
Start importing Assets/kenney_racingkit2/Models/FBX format/roadCornerLargerBorder.fbx using Guid(516f014413074d742b2cd319c56d5e73) Importer(815301076,1909f56bfc062723c751e8b465ee728b)  -> (artifact id: '4066b33556b1e3030956bd3ec43fac18') in 0.033583 seconds 
========================================================================
Received Import Request.
  Time since last request: 0.000024 seconds.
  path: Assets/kenney_racingkit2/Models/FBX format/roadBump.fbx
  artifactKey: Guid(0325caf00812b694ba77d315bb7a9afd) Importer(815301076,1909f56bfc062723c751e8b465ee728b)
Start importing Assets/kenney_racingkit2/Models/FBX format/roadBump.fbx using Guid(0325caf00812b694ba77d315bb7a9afd) Importer(815301076,1909f56bfc062723c751e8b465ee728b)  -> (artifact id: 'd4ec3b733b6f3c22ac8e6f62d68aaeb5') in 0.038768 seconds 
========================================================================
Received Import Request.
  Time since last request: 26.107181 seconds.
  path: Assets/kenney_racingkit2/billboardLow.fbx
  artifactKey: Guid(9e86c94f2555cc94faae08c9055a533c) Importer(815301076,1909f56bfc062723c751e8b465ee728b)
Start importing Assets/kenney_racingkit2/billboardLow.fbx using Guid(9e86c94f2555cc94faae08c9055a533c) Importer(815301076,1909f56bfc062723c751e8b465ee728b)  -> (artifact id: 'eabd0389723ae2dde50a082cc7bb7152') in 0.097196 seconds 
========================================================================
Received Import Request.
  Time since last request: 0.000023 seconds.
  path: Assets/kenney_racingkit2/billboard.fbx
  artifactKey: Guid(85ae7fdea3194c74ca47b3380a1683f1) Importer(815301076,1909f56bfc062723c751e8b465ee728b)
Start importing Assets/kenney_racingkit2/billboard.fbx using Guid(85ae7fdea3194c74ca47b3380a1683f1) Importer(815301076,1909f56bfc062723c751e8b465ee728b)  -> (artifact id: '33110edc5a9b0fc7a25aeca9ffe29a96') in 0.074769 seconds 
========================================================================
Received Import Request.
  Time since last request: 0.000029 seconds.
  path: Assets/kenney_racingkit2/flagCheckers.fbx
  artifactKey: Guid(a491dec63ee009f4d815ded5550cdc70) Importer(815301076,1909f56bfc062723c751e8b465ee728b)
Start importing Assets/kenney_racingkit2/flagCheckers.fbx using Guid(a491dec63ee009f4d815ded5550cdc70) Importer(815301076,1909f56bfc062723c751e8b465ee728b)  -> (artifact id: '637df94ed703c494d736c9737bff606e') in 0.079372 seconds 
========================================================================
Received Import Request.
  Time since last request: 35.245918 seconds.
  path: Assets/Prefabs/roadCornerLargeBorder 1.prefab
  artifactKey: Guid(454ba0ea0b7192141b72ea8d06d32a08) Importer(815301076,1909f56bfc062723c751e8b465ee728b)
Start importing Assets/Prefabs/roadCornerLargeBorder 1.prefab using Guid(454ba0ea0b7192141b72ea8d06d32a08) Importer(815301076,1909f56bfc062723c751e8b465ee728b)  -> (artifact id: 'a8c80227a2311bc45411835eb7838853') in 0.014774 seconds 
========================================================================
Received Import Request.
  Time since last request: 0.000047 seconds.
  path: Assets/Prefabs/roadCornerSmall.prefab
  artifactKey: Guid(652df67edf384284ca050f9b9ac2a960) Importer(815301076,1909f56bfc062723c751e8b465ee728b)
Start importing Assets/Prefabs/roadCornerSmall.prefab using Guid(652df67edf384284ca050f9b9ac2a960) Importer(815301076,1909f56bfc062723c751e8b465ee728b)  -> (artifact id: 'e2d84e13ae0c686078312fb3870a98d2') in 0.006434 seconds 
========================================================================
Received Import Request.
  Time since last request: 0.000019 seconds.
  path: Assets/Prefabs/roadStraightLong.prefab
  artifactKey: Guid(935a600b1223a4847bfbe5c31e193a9d) Importer(815301076,1909f56bfc062723c751e8b465ee728b)
Start importing Assets/Prefabs/roadStraightLong.prefab using Guid(935a600b1223a4847bfbe5c31e193a9d) Importer(815301076,1909f56bfc062723c751e8b465ee728b)  -> (artifact id: '4dca23795b33609bc40169f7c3825f13') in 0.007069 seconds 
========================================================================
Received Import Request.
  Time since last request: 45.386471 seconds.
  path: Assets/Models/FBX format/Textures/tankco.png
  artifactKey: Guid(9df29946a834f804f9be778ea27116ae) Importer(815301076,1909f56bfc062723c751e8b465ee728b)
Start importing Assets/Models/FBX format/Textures/tankco.png using Guid(9df29946a834f804f9be778ea27116ae) Importer(815301076,1909f56bfc062723c751e8b465ee728b)  -> (artifact id: '2901ccc87203bd6ea03ba3679b0dfe9e') in 0.029308 seconds 
