Using pre-set license
Built from '2021.3/staging' branch; Version is '2021.3.1f1 (3b70a0754835) revision 3895456'; Using compiler version '192829333'; Build Type 'Release'
OS: 'Windows 10  (10.0.19044) 64bit Professional' Language: 'es' Physical Memory: 16334 MB
BatchMode: 1, IsHumanControllingUs: 0, StartBugReporterOnCrash: 0, Is64bit: 1, IsPro: 1

COMMAND LINE ARGUMENTS:
C:\Program Files\Unity\Hub\Editor\2021.3.1f1\Editor\Unity.exe
-adb2
-batchMode
-noUpm
-name
AssetImportWorker4
-projectPath
E:/StreamChaosRaces/StreamChaosRaces
-logFile
Logs/AssetImportWorker4.log
-srvPort
61784
Successfully changed project path to: E:/StreamChaosRaces/StreamChaosRaces
E:/StreamChaosRaces/StreamChaosRaces
[UnityMemory] Configuration Parameters - Can be set up in boot.config
    "memorysetup-bucket-allocator-granularity=16"
    "memorysetup-bucket-allocator-bucket-count=8"
    "memorysetup-bucket-allocator-block-size=33554432"
    "memorysetup-bucket-allocator-block-count=8"
    "memorysetup-main-allocator-block-size=16777216"
    "memorysetup-thread-allocator-block-size=16777216"
    "memorysetup-gfx-main-allocator-block-size=16777216"
    "memorysetup-gfx-thread-allocator-block-size=16777216"
    "memorysetup-cache-allocator-block-size=4194304"
    "memorysetup-typetree-allocator-block-size=2097152"
    "memorysetup-profiler-bucket-allocator-granularity=16"
    "memorysetup-profiler-bucket-allocator-bucket-count=8"
    "memorysetup-profiler-bucket-allocator-block-size=33554432"
    "memorysetup-profiler-bucket-allocator-block-count=8"
    "memorysetup-profiler-allocator-block-size=16777216"
    "memorysetup-profiler-editor-allocator-block-size=1048576"
    "memorysetup-temp-allocator-size-main=16777216"
    "memorysetup-job-temp-allocator-block-size=2097152"
    "memorysetup-job-temp-allocator-block-size-background=1048576"
    "memorysetup-job-temp-allocator-reduction-small-platforms=262144"
    "memorysetup-temp-allocator-size-background-worker=32768"
    "memorysetup-temp-allocator-size-job-worker=262144"
    "memorysetup-temp-allocator-size-preload-manager=33554432"
    "memorysetup-temp-allocator-size-nav-mesh-worker=65536"
    "memorysetup-temp-allocator-size-audio-worker=65536"
    "memorysetup-temp-allocator-size-cloud-worker=32768"
    "memorysetup-temp-allocator-size-gi-baking-worker=262144"
    "memorysetup-temp-allocator-size-gfx=262144"
Refreshing native plugins compatible for Editor in 137.38 ms, found 4 plugins.
Preloading 0 native plugins for Editor in 0.00 ms.
Initialize engine version: 2021.3.1f1 (3b70a0754835)
[Subsystems] Discovering subsystems at path C:/Program Files/Unity/Hub/Editor/2021.3.1f1/Editor/Data/Resources/UnitySubsystems
[Subsystems] Discovering subsystems at path E:/StreamChaosRaces/StreamChaosRaces/Assets
GfxDevice: creating device client; threaded=0; jobified=0
Direct3D:
    Version:  Direct3D 11.0 [level 11.1]
    Renderer: NVIDIA GeForce RTX 3060 (ID=0x2487)
    Vendor:   NVIDIA
    VRAM:     12137 MB
    Driver:   30.0.15.1295
Initialize mono
Mono path[0] = 'C:/Program Files/Unity/Hub/Editor/2021.3.1f1/Editor/Data/Managed'
Mono path[1] = 'C:/Program Files/Unity/Hub/Editor/2021.3.1f1/Editor/Data/MonoBleedingEdge/lib/mono/unityjit-win32'
Mono config path = 'C:/Program Files/Unity/Hub/Editor/2021.3.1f1/Editor/Data/MonoBleedingEdge/etc'
Using monoOptions --debugger-agent=transport=dt_socket,embedding=1,server=y,suspend=n,address=127.0.0.1:56156
Begin MonoManager ReloadAssembly
Registering precompiled unity dll's ...
Register platform support module: C:/Program Files/Unity/Hub/Editor/2021.3.1f1/Editor/Data/PlaybackEngines/WebGLSupport/UnityEditor.WebGL.Extensions.dll
Register platform support module: C:/Program Files/Unity/Hub/Editor/2021.3.1f1/Editor/Data/PlaybackEngines/WindowsStandaloneSupport/UnityEditor.WindowsStandalone.Extensions.dll
Registered in 0.008091 seconds.
Native extension for WindowsStandalone target not found
Native extension for WebGL target not found
Refreshing native plugins compatible for Editor in 123.36 ms, found 4 plugins.
Preloading 0 native plugins for Editor in 0.00 ms.
Mono: successfully reloaded assembly
- Completed reload, in  0.597 seconds
Domain Reload Profiling:
	ReloadAssembly (597ms)
		BeginReloadAssembly (63ms)
			ExecutionOrderSort (0ms)
			DisableScriptedObjects (0ms)
			BackupInstance (0ms)
			ReleaseScriptingObjects (0ms)
			CreateAndSetChildDomain (1ms)
		EndReloadAssembly (431ms)
			LoadAssemblies (61ms)
			RebuildTransferFunctionScriptingTraits (0ms)
			SetupTypeCache (86ms)
			ReleaseScriptCaches (0ms)
			RebuildScriptCaches (22ms)
			SetupLoadedEditorAssemblies (280ms)
				LogAssemblyErrors (0ms)
				InitializePlatformSupportModulesInManaged (8ms)
				SetLoadedEditorAssemblies (0ms)
				RefreshPlugins (123ms)
				BeforeProcessingInitializeOnLoad (1ms)
				ProcessInitializeOnLoadAttributes (111ms)
				ProcessInitializeOnLoadMethodAttributes (36ms)
				AfterProcessingInitializeOnLoad (0ms)
				EditorAssembliesLoaded (0ms)
			ExecutionOrderSort2 (0ms)
			AwakeInstancesAfterBackupRestoration (0ms)
Platform modules already initialized, skipping
Registering precompiled user dll's ...
Registered in 0.008649 seconds.
Begin MonoManager ReloadAssembly
Symbol file LoadedFromMemory doesn't match image E:\StreamChaosRaces\StreamChaosRaces\Library\PackageCache\com.unity.visualscripting@1.7.8\Editor\VisualScripting.Core\Dependencies\YamlDotNet\Unity.VisualScripting.YamlDotNet.dll
Symbol file LoadedFromMemory doesn't match image E:\StreamChaosRaces\StreamChaosRaces\Library\PackageCache\com.unity.visualscripting@1.7.8\Editor\VisualScripting.Core\Dependencies\DotNetZip\Unity.VisualScripting.IonicZip.dll
Native extension for WindowsStandalone target not found
Native extension for WebGL target not found
Refreshing native plugins compatible for Editor in 123.12 ms, found 4 plugins.
Preloading 0 native plugins for Editor in 0.00 ms.
Mono: successfully reloaded assembly
- Completed reload, in  1.226 seconds
Domain Reload Profiling:
	ReloadAssembly (1227ms)
		BeginReloadAssembly (95ms)
			ExecutionOrderSort (0ms)
			DisableScriptedObjects (5ms)
			BackupInstance (0ms)
			ReleaseScriptingObjects (0ms)
			CreateAndSetChildDomain (18ms)
		EndReloadAssembly (1043ms)
			LoadAssemblies (85ms)
			RebuildTransferFunctionScriptingTraits (0ms)
			SetupTypeCache (282ms)
			ReleaseScriptCaches (1ms)
			RebuildScriptCaches (57ms)
			SetupLoadedEditorAssemblies (585ms)
				LogAssemblyErrors (0ms)
				InitializePlatformSupportModulesInManaged (11ms)
				SetLoadedEditorAssemblies (0ms)
				RefreshPlugins (123ms)
				BeforeProcessingInitializeOnLoad (118ms)
				ProcessInitializeOnLoadAttributes (260ms)
				ProcessInitializeOnLoadMethodAttributes (63ms)
				AfterProcessingInitializeOnLoad (9ms)
				EditorAssembliesLoaded (0ms)
			ExecutionOrderSort2 (0ms)
			AwakeInstancesAfterBackupRestoration (5ms)
Platform modules already initialized, skipping
========================================================================
Worker process is ready to serve import requests
Launched and connected shader compiler UnityShaderCompiler.exe after 0.05 seconds
Refreshing native plugins compatible for Editor in 1.08 ms, found 4 plugins.
Preloading 0 native plugins for Editor in 0.00 ms.
Unloading 6070 Unused Serialized files (Serialized files now loaded: 0)
Unloading 85 unused Assets / (21.8 MB). Loaded Objects now: 6490.
Memory consumption went from 269.2 MB to 247.4 MB.
Total: 6.541500 ms (FindLiveObjects: 0.467600 ms CreateObjectMapping: 0.145500 ms MarkObjects: 2.619400 ms  DeleteObjects: 3.307900 ms)

AssetImportParameters requested are different than current active one (requested -> active):
  custom:video-decoder-ogg-theora: a1e56fd34408186e4bbccfd4996cb3dc -> 
  custom:container-muxer-webm: aa71ff27fc2769a1b78a27578f13a17b -> 
  custom:container-demuxer-webm: 4f35f7cbe854078d1ac9338744f61a02 -> 
  custom:video-encoder-webm-vp8: eb34c28f22e8b96e1ab97ce403110664 -> 
  custom:audio-encoder-webm-vorbis: bf7c407c2cedff20999df2af8eb42d56 -> 
  custom:framework-win-MediaFoundation: 216162199b28c13a410421893ffa2e32 -> 
  custom:container-demuxer-ogg: 62fdf1f143b41e24485cea50d1cbac27 -> 
  custom:video-decoder-webm-vp8: 9c59270c3fd7afecdb556c50c9e8de78 -> 
  custom:audio-decoder-ogg-vorbis: bf7c407c2cedff20999df2af8eb42d56 -> 
========================================================================
Received Import Request.
  Time since last request: 34292.494228 seconds.
  path: Assets/Models
  artifactKey: Guid(85f9af6fed1327c4ab79e40ff7fd4389) Importer(815301076,1909f56bfc062723c751e8b465ee728b)
Start importing Assets/Models using Guid(85f9af6fed1327c4ab79e40ff7fd4389) Importer(815301076,1909f56bfc062723c751e8b465ee728b)  -> (artifact id: '757d96811dd9369d434be1840ef3f363') in 0.014319 seconds 
========================================================================
Received Import Request.
  Time since last request: 0.872686 seconds.
  path: Assets/Models/FBX format
  artifactKey: Guid(10860c1abecfde047a67a249f1def3c5) Importer(815301076,1909f56bfc062723c751e8b465ee728b)
Start importing Assets/Models/FBX format using Guid(10860c1abecfde047a67a249f1def3c5) Importer(815301076,1909f56bfc062723c751e8b465ee728b)  -> (artifact id: '464646cf272843463cd5b3fe8c94116d') in 0.005207 seconds 
========================================================================
Received Import Request.
  Time since last request: 0.053661 seconds.
  path: Assets/Models/FBX format/bannerTowerGreen.fbx
  artifactKey: Guid(e77ca91f25ed7d24582149ec1d115976) Importer(815301076,1909f56bfc062723c751e8b465ee728b)
Start importing Assets/Models/FBX format/bannerTowerGreen.fbx using Guid(e77ca91f25ed7d24582149ec1d115976) Importer(815301076,1909f56bfc062723c751e8b465ee728b)  -> (artifact id: '9e7abcaf6e0ee181b2e4b67ab5b8e072') in 0.321084 seconds 
========================================================================
Received Import Request.
  Time since last request: 0.000022 seconds.
  path: Assets/Models/FBX format/flagGreen.fbx
  artifactKey: Guid(0e5ad07ec4ce7284f93a07150ce5b795) Importer(815301076,1909f56bfc062723c751e8b465ee728b)
Start importing Assets/Models/FBX format/flagGreen.fbx using Guid(0e5ad07ec4ce7284f93a07150ce5b795) Importer(815301076,1909f56bfc062723c751e8b465ee728b)  -> (artifact id: '6d6a83139e03c74d95d8ea859393b8b8') in 0.055446 seconds 
========================================================================
Received Import Request.
  Time since last request: 0.000028 seconds.
  path: Assets/Models/FBX format/grass.mat
  artifactKey: Guid(1134c46c0434c6842ad972e119edd252) Importer(815301076,1909f56bfc062723c751e8b465ee728b)
Start importing Assets/Models/FBX format/grass.mat using Guid(1134c46c0434c6842ad972e119edd252) Importer(815301076,1909f56bfc062723c751e8b465ee728b)  -> (artifact id: '25f94a2393a5e5490c50d49d842e2ed4') in 0.014847 seconds 
========================================================================
Received Import Request.
  Time since last request: 0.000023 seconds.
  path: Assets/Models/FBX format/barrierWall.fbx
  artifactKey: Guid(9cd8d674c58c28547b53567bfc0de083) Importer(815301076,1909f56bfc062723c751e8b465ee728b)
Start importing Assets/Models/FBX format/barrierWall.fbx using Guid(9cd8d674c58c28547b53567bfc0de083) Importer(815301076,1909f56bfc062723c751e8b465ee728b)  -> (artifact id: '3ed5c9ecfda5b80237a4c7b9d98cea10') in 0.036046 seconds 
========================================================================
Received Import Request.
  Time since last request: 0.000029 seconds.
  path: Assets/Models/FBX format/roadCornerSmall.fbx
  artifactKey: Guid(25417b7a6fc2ebe4bac67533bf27d4fb) Importer(815301076,1909f56bfc062723c751e8b465ee728b)
Start importing Assets/Models/FBX format/roadCornerSmall.fbx using Guid(25417b7a6fc2ebe4bac67533bf27d4fb) Importer(815301076,1909f56bfc062723c751e8b465ee728b)  -> (artifact id: '5f6a5e5febac935cd57dee2af806e9dd') in 0.034270 seconds 
========================================================================
Received Import Request.
  Time since last request: 83.676818 seconds.
  path: Assets/kenney_racingkit2
  artifactKey: Guid(3a03472b3951c564db18ecc412a606f3) Importer(815301076,1909f56bfc062723c751e8b465ee728b)
Start importing Assets/kenney_racingkit2 using Guid(3a03472b3951c564db18ecc412a606f3) Importer(815301076,1909f56bfc062723c751e8b465ee728b)  -> (artifact id: '61f03ce530250a65693b86e062677d03') in 0.005672 seconds 
========================================================================
Received Import Request.
  Time since last request: 0.073554 seconds.
  path: Assets/kenney_racingkit2/Preview.png
  artifactKey: Guid(257ddcd2bcb81464681407870fdd0d45) Importer(815301076,1909f56bfc062723c751e8b465ee728b)
Start importing Assets/kenney_racingkit2/Preview.png using Guid(257ddcd2bcb81464681407870fdd0d45) Importer(815301076,1909f56bfc062723c751e8b465ee728b)  -> (artifact id: '2f9c9c2151ac657587f2ab9e94df63ae') in 0.034931 seconds 
========================================================================
Received Import Request.
  Time since last request: 7.420792 seconds.
  path: Assets/kenney_racingkit2/Side
  artifactKey: Guid(c46793721deaf1847891b31c5e526c31) Importer(815301076,1909f56bfc062723c751e8b465ee728b)
Start importing Assets/kenney_racingkit2/Side using Guid(c46793721deaf1847891b31c5e526c31) Importer(815301076,1909f56bfc062723c751e8b465ee728b)  -> (artifact id: '41160da6fbc7900aec09606cc0c76544') in 0.005938 seconds 
========================================================================
Received Import Request.
  Time since last request: 0.044734 seconds.
  path: Assets/kenney_racingkit2/Side/bannerTowerGreen.png
  artifactKey: Guid(42f352abf03422a46bf68fd1097767b6) Importer(815301076,1909f56bfc062723c751e8b465ee728b)
Start importing Assets/kenney_racingkit2/Side/bannerTowerGreen.png using Guid(42f352abf03422a46bf68fd1097767b6) Importer(815301076,1909f56bfc062723c751e8b465ee728b)  -> (artifact id: 'e48997acd3d4131e74369e9222287982') in 0.016042 seconds 
========================================================================
Received Import Request.
  Time since last request: 0.000032 seconds.
  path: Assets/kenney_racingkit2/Side/grandStandCoveredRound.png
  artifactKey: Guid(435555a1c62cbec4288259461787647a) Importer(815301076,1909f56bfc062723c751e8b465ee728b)
Start importing Assets/kenney_racingkit2/Side/grandStandCoveredRound.png using Guid(435555a1c62cbec4288259461787647a) Importer(815301076,1909f56bfc062723c751e8b465ee728b)  -> (artifact id: '1dbec612b09c3d85ed0040631d9729c2') in 0.024041 seconds 
========================================================================
Received Import Request.
  Time since last request: 0.000036 seconds.
  path: Assets/kenney_racingkit2/Side/billboardLow.png
  artifactKey: Guid(d039ee9d7fd27c64580929c73052f63b) Importer(815301076,1909f56bfc062723c751e8b465ee728b)
Start importing Assets/kenney_racingkit2/Side/billboardLow.png using Guid(d039ee9d7fd27c64580929c73052f63b) Importer(815301076,1909f56bfc062723c751e8b465ee728b)  -> (artifact id: '6fae402dce753d653480a01031789f84') in 0.040096 seconds 
========================================================================
Received Import Request.
  Time since last request: 0.000025 seconds.
  path: Assets/kenney_racingkit2/Side/pylon.png
  artifactKey: Guid(c15ce658e5041d049b167b1b21bc062d) Importer(815301076,1909f56bfc062723c751e8b465ee728b)
Start importing Assets/kenney_racingkit2/Side/pylon.png using Guid(c15ce658e5041d049b167b1b21bc062d) Importer(815301076,1909f56bfc062723c751e8b465ee728b)  -> (artifact id: '4ed1d4b4fde47f3b74f92c31396974d7') in 0.023522 seconds 
========================================================================
Received Import Request.
  Time since last request: 0.000032 seconds.
  path: Assets/kenney_racingkit2/Side/grandStandCovered.png
  artifactKey: Guid(e1c130acebd4e5343950f6d7433c89fe) Importer(815301076,1909f56bfc062723c751e8b465ee728b)
Start importing Assets/kenney_racingkit2/Side/grandStandCovered.png using Guid(e1c130acebd4e5343950f6d7433c89fe) Importer(815301076,1909f56bfc062723c751e8b465ee728b)  -> (artifact id: '5b2f86b2a0129832d63c938497774073') in 0.014142 seconds 
========================================================================
Received Import Request.
  Time since last request: 0.000046 seconds.
  path: Assets/kenney_racingkit2/Side/overheadRound.png
  artifactKey: Guid(79bb25f61c8020549b05cdb3d079f58d) Importer(815301076,1909f56bfc062723c751e8b465ee728b)
Start importing Assets/kenney_racingkit2/Side/overheadRound.png using Guid(79bb25f61c8020549b05cdb3d079f58d) Importer(815301076,1909f56bfc062723c751e8b465ee728b)  -> (artifact id: '9373282626785e63bc34f955d44e1635') in 0.013841 seconds 
========================================================================
Received Import Request.
  Time since last request: 0.000029 seconds.
  path: Assets/kenney_racingkit2/Side/lightPostLarge.png
  artifactKey: Guid(54223cb89d280814699d77e511d45ca7) Importer(815301076,1909f56bfc062723c751e8b465ee728b)
Start importing Assets/kenney_racingkit2/Side/lightPostLarge.png using Guid(54223cb89d280814699d77e511d45ca7) Importer(815301076,1909f56bfc062723c751e8b465ee728b)  -> (artifact id: 'bb4ae395d422f62432d5484700cf1669') in 0.011766 seconds 
========================================================================
Received Import Request.
  Time since last request: 0.000032 seconds.
  path: Assets/kenney_racingkit2/Side/flagCheckers.png
  artifactKey: Guid(22dd5d0612087354296a88fc51681d8b) Importer(815301076,1909f56bfc062723c751e8b465ee728b)
Start importing Assets/kenney_racingkit2/Side/flagCheckers.png using Guid(22dd5d0612087354296a88fc51681d8b) Importer(815301076,1909f56bfc062723c751e8b465ee728b)  -> (artifact id: 'c2f8eb0564b412520cac1bd824dd8c36') in 0.011205 seconds 
========================================================================
Received Import Request.
  Time since last request: 0.000024 seconds.
  path: Assets/kenney_racingkit2/Side/barrierWall.png
  artifactKey: Guid(27b13ae70a5d02c4b8df1c153cf5fd8b) Importer(815301076,1909f56bfc062723c751e8b465ee728b)
Start importing Assets/kenney_racingkit2/Side/barrierWall.png using Guid(27b13ae70a5d02c4b8df1c153cf5fd8b) Importer(815301076,1909f56bfc062723c751e8b465ee728b)  -> (artifact id: '0018b3be8d8725afe05947971d402d29') in 0.013239 seconds 
========================================================================
Received Import Request.
  Time since last request: 0.000033 seconds.
  path: Assets/kenney_racingkit2/Side/overheadLights.png
  artifactKey: Guid(02d62efc1e65ab042a3e753d130d9a4c) Importer(815301076,1909f56bfc062723c751e8b465ee728b)
Start importing Assets/kenney_racingkit2/Side/overheadLights.png using Guid(02d62efc1e65ab042a3e753d130d9a4c) Importer(815301076,1909f56bfc062723c751e8b465ee728b)  -> (artifact id: '92ec76efb2c1b62305e4f0296ea12bee') in 0.012434 seconds 
========================================================================
Received Import Request.
  Time since last request: 0.000034 seconds.
  path: Assets/kenney_racingkit2/Side/pitsOfficeRoof.png
  artifactKey: Guid(c3c57231392058a4aadc1d006094dc04) Importer(815301076,1909f56bfc062723c751e8b465ee728b)
Start importing Assets/kenney_racingkit2/Side/pitsOfficeRoof.png using Guid(c3c57231392058a4aadc1d006094dc04) Importer(815301076,1909f56bfc062723c751e8b465ee728b)  -> (artifact id: '849cf16e4d1cf27f9f3a251ed40f5091') in 0.010971 seconds 
========================================================================
Received Import Request.
  Time since last request: 0.000028 seconds.
  path: Assets/kenney_racingkit2/Side/flagRed.png
  artifactKey: Guid(e4a8c9753b23a7b49b044e8c952dc43d) Importer(815301076,1909f56bfc062723c751e8b465ee728b)
Start importing Assets/kenney_racingkit2/Side/flagRed.png using Guid(e4a8c9753b23a7b49b044e8c952dc43d) Importer(815301076,1909f56bfc062723c751e8b465ee728b)  -> (artifact id: '9b93810ef80d2315f7cd4c0035286df7') in 0.028824 seconds 
========================================================================
Received Import Request.
  Time since last request: 0.000024 seconds.
  path: Assets/kenney_racingkit2/Side/fenceStraight.png
  artifactKey: Guid(18970f2d1122b3347a732d7be2e5b29e) Importer(815301076,1909f56bfc062723c751e8b465ee728b)
Start importing Assets/kenney_racingkit2/Side/fenceStraight.png using Guid(18970f2d1122b3347a732d7be2e5b29e) Importer(815301076,1909f56bfc062723c751e8b465ee728b)  -> (artifact id: '724eadd637937bca5b972d159badf2ad') in 0.011104 seconds 
========================================================================
Received Import Request.
  Time since last request: 0.000025 seconds.
  path: Assets/kenney_racingkit2/Side/raceCarRed.png
  artifactKey: Guid(1ba8899cab440ed46880f1a884474e4e) Importer(815301076,1909f56bfc062723c751e8b465ee728b)
Start importing Assets/kenney_racingkit2/Side/raceCarRed.png using Guid(1ba8899cab440ed46880f1a884474e4e) Importer(815301076,1909f56bfc062723c751e8b465ee728b)  -> (artifact id: 'd7f1c4bb9809a6ed74459c97e70c973f') in 0.011211 seconds 
========================================================================
Received Import Request.
  Time since last request: 0.000036 seconds.
  path: Assets/kenney_racingkit2/Side/billboardDouble_exclusive.png
  artifactKey: Guid(ee7160cd176f41a44a69215b5cea2146) Importer(815301076,1909f56bfc062723c751e8b465ee728b)
Start importing Assets/kenney_racingkit2/Side/billboardDouble_exclusive.png using Guid(ee7160cd176f41a44a69215b5cea2146) Importer(815301076,1909f56bfc062723c751e8b465ee728b)  -> (artifact id: 'c42a20f6e889e1184345a6eb51ddd8c7') in 0.011450 seconds 
========================================================================
Received Import Request.
  Time since last request: 0.000030 seconds.
  path: Assets/kenney_racingkit2/Side/lightRedDouble.png
  artifactKey: Guid(1cd5a3b000abb3b43a2a75ebdd16371a) Importer(815301076,1909f56bfc062723c751e8b465ee728b)
Start importing Assets/kenney_racingkit2/Side/lightRedDouble.png using Guid(1cd5a3b000abb3b43a2a75ebdd16371a) Importer(815301076,1909f56bfc062723c751e8b465ee728b)  -> (artifact id: 'a72a19a39ab2e123af34a85f2edd4372') in 0.010960 seconds 
========================================================================
Received Import Request.
  Time since last request: 0.000025 seconds.
  path: Assets/kenney_racingkit2/Side/raceCarGreen.png
  artifactKey: Guid(847fbadd05c676e4da0758d42eb2a0f8) Importer(815301076,1909f56bfc062723c751e8b465ee728b)
Start importing Assets/kenney_racingkit2/Side/raceCarGreen.png using Guid(847fbadd05c676e4da0758d42eb2a0f8) Importer(815301076,1909f56bfc062723c751e8b465ee728b)  -> (artifact id: '240f21c6f9d143d3be7d991d5df87c09') in 0.013124 seconds 
========================================================================
Received Import Request.
  Time since last request: 0.000032 seconds.
  path: Assets/kenney_racingkit2/Side/camera_exclusive.png
  artifactKey: Guid(3481402a72f6c0a46b1f935a210bd384) Importer(815301076,1909f56bfc062723c751e8b465ee728b)
Start importing Assets/kenney_racingkit2/Side/camera_exclusive.png using Guid(3481402a72f6c0a46b1f935a210bd384) Importer(815301076,1909f56bfc062723c751e8b465ee728b)  -> (artifact id: '33c0c8eb1502e7662b47b963c6a027b1') in 0.013105 seconds 
========================================================================
Received Import Request.
  Time since last request: 0.000021 seconds.
  path: Assets/kenney_racingkit2/Side/grandStand.png
  artifactKey: Guid(4a44d35b7d2ee40478368aeb47ffe418) Importer(815301076,1909f56bfc062723c751e8b465ee728b)
Start importing Assets/kenney_racingkit2/Side/grandStand.png using Guid(4a44d35b7d2ee40478368aeb47ffe418) Importer(815301076,1909f56bfc062723c751e8b465ee728b)  -> (artifact id: '9a4c8d3229d9e48e310ce9062c562d60') in 0.012214 seconds 
========================================================================
Received Import Request.
  Time since last request: 0.000034 seconds.
  path: Assets/kenney_racingkit2/Side/pitsGarage.png
  artifactKey: Guid(50ed64d0960b1834fae3897edccd5952) Importer(815301076,1909f56bfc062723c751e8b465ee728b)
Start importing Assets/kenney_racingkit2/Side/pitsGarage.png using Guid(50ed64d0960b1834fae3897edccd5952) Importer(815301076,1909f56bfc062723c751e8b465ee728b)  -> (artifact id: '732908a8725d8e9cfc5089d11e61a5e9') in 0.010445 seconds 
========================================================================
Received Import Request.
  Time since last request: 0.000024 seconds.
  path: Assets/kenney_racingkit2/Side/grass.png
  artifactKey: Guid(989b923b5636cee4a98dce082f108a0f) Importer(815301076,1909f56bfc062723c751e8b465ee728b)
Start importing Assets/kenney_racingkit2/Side/grass.png using Guid(989b923b5636cee4a98dce082f108a0f) Importer(815301076,1909f56bfc062723c751e8b465ee728b)  -> (artifact id: 'c8cc49587ff9b166a8b58daf1f7bac35') in 0.014795 seconds 
========================================================================
Received Import Request.
  Time since last request: 0.000029 seconds.
  path: Assets/kenney_racingkit2/Side/fenceCurved.png
  artifactKey: Guid(922c7f07c319e5d44a5764bab17f2b61) Importer(815301076,1909f56bfc062723c751e8b465ee728b)
Start importing Assets/kenney_racingkit2/Side/fenceCurved.png using Guid(922c7f07c319e5d44a5764bab17f2b61) Importer(815301076,1909f56bfc062723c751e8b465ee728b)  -> (artifact id: 'ea52390ca338a3014380d48d614d1718') in 0.013454 seconds 
========================================================================
Received Import Request.
  Time since last request: 4.577833 seconds.
  path: Assets/kenney_racingkit2/Isometric
  artifactKey: Guid(03742947ebce52d438a78ac1296d5ae9) Importer(815301076,1909f56bfc062723c751e8b465ee728b)
Start importing Assets/kenney_racingkit2/Isometric using Guid(03742947ebce52d438a78ac1296d5ae9) Importer(815301076,1909f56bfc062723c751e8b465ee728b)  -> (artifact id: 'b3038b7d06a6fe4c302437f41ab951d4') in 0.005511 seconds 
========================================================================
Received Import Request.
  Time since last request: 2.362061 seconds.
  path: Assets/kenney_racingkit2/Models
  artifactKey: Guid(c060e90685af5b24cab53eebab41db34) Importer(815301076,1909f56bfc062723c751e8b465ee728b)
Start importing Assets/kenney_racingkit2/Models using Guid(c060e90685af5b24cab53eebab41db34) Importer(815301076,1909f56bfc062723c751e8b465ee728b)  -> (artifact id: '8b5a4ee9e418fa7fce1391e915c7dec2') in 0.005296 seconds 
========================================================================
Received Import Request.
  Time since last request: 1.833975 seconds.
  path: Assets/kenney_racingkit2/Models/DAE format
  artifactKey: Guid(2c5bc6b1de200b74992f4d5bedad5768) Importer(815301076,1909f56bfc062723c751e8b465ee728b)
Start importing Assets/kenney_racingkit2/Models/DAE format using Guid(2c5bc6b1de200b74992f4d5bedad5768) Importer(815301076,1909f56bfc062723c751e8b465ee728b)  -> (artifact id: 'bc392957a4a30c8a7017a38a1628d459') in 0.005542 seconds 
========================================================================
Received Import Request.
  Time since last request: 1.835241 seconds.
  path: Assets/kenney_racingkit2/Models/GLTF format
  artifactKey: Guid(ce2f26fb27963b34792672d190f9d92b) Importer(815301076,1909f56bfc062723c751e8b465ee728b)
Start importing Assets/kenney_racingkit2/Models/GLTF format using Guid(ce2f26fb27963b34792672d190f9d92b) Importer(815301076,1909f56bfc062723c751e8b465ee728b)  -> (artifact id: 'f86b2ee630f935584ed592d4d3d9b6ed') in 0.005947 seconds 
========================================================================
Received Import Request.
  Time since last request: 2.567617 seconds.
  path: Assets/kenney_racingkit2/Models/OBJ format
  artifactKey: Guid(6f40f3e549edfab4ab8d1c4789c9b7ba) Importer(815301076,1909f56bfc062723c751e8b465ee728b)
Start importing Assets/kenney_racingkit2/Models/OBJ format using Guid(6f40f3e549edfab4ab8d1c4789c9b7ba) Importer(815301076,1909f56bfc062723c751e8b465ee728b)  -> (artifact id: 'f04abe802398e336418ba17528d28926') in 0.005780 seconds 
========================================================================
Received Import Request.
  Time since last request: 1.937967 seconds.
  path: Assets/kenney_racingkit2/Models/STL format
  artifactKey: Guid(020a4052cf803104bb746670199af4d8) Importer(815301076,1909f56bfc062723c751e8b465ee728b)
Start importing Assets/kenney_racingkit2/Models/STL format using Guid(020a4052cf803104bb746670199af4d8) Importer(815301076,1909f56bfc062723c751e8b465ee728b)  -> (artifact id: '713591cc1d14cc0170f6c50e5ce88bf2') in 0.005262 seconds 
========================================================================
Received Import Request.
  Time since last request: 2.330042 seconds.
  path: Assets/kenney_racingkit2/Models/FBX format
  artifactKey: Guid(b7e40730deb1a7d40913325c5de49b0f) Importer(815301076,1909f56bfc062723c751e8b465ee728b)
Start importing Assets/kenney_racingkit2/Models/FBX format using Guid(b7e40730deb1a7d40913325c5de49b0f) Importer(815301076,1909f56bfc062723c751e8b465ee728b)  -> (artifact id: '032018e4ae62e8bb1ab3619d039a9acb') in 0.005096 seconds 
========================================================================
Received Import Request.
  Time since last request: 0.791904 seconds.
  path: Assets/kenney_racingkit2/Models/FBX format/bannerTowerGreen.fbx
  artifactKey: Guid(42e3490f481a21e4697dd0af10f4ebe4) Importer(815301076,1909f56bfc062723c751e8b465ee728b)
Start importing Assets/kenney_racingkit2/Models/FBX format/bannerTowerGreen.fbx using Guid(42e3490f481a21e4697dd0af10f4ebe4) Importer(815301076,1909f56bfc062723c751e8b465ee728b)  -> (artifact id: '01987e0e29f575a3e93a2f685514ac97') in 0.037888 seconds 
========================================================================
Received Import Request.
  Time since last request: 0.000019 seconds.
  path: Assets/kenney_racingkit2/Models/FBX format/grandStand.fbx
  artifactKey: Guid(f148af424b91dbc469943209968681a3) Importer(815301076,1909f56bfc062723c751e8b465ee728b)
Start importing Assets/kenney_racingkit2/Models/FBX format/grandStand.fbx using Guid(f148af424b91dbc469943209968681a3) Importer(815301076,1909f56bfc062723c751e8b465ee728b)  -> (artifact id: 'b4db5fbb52dad4280b510d64f82ad5c7') in 0.069572 seconds 
========================================================================
Received Import Request.
  Time since last request: 0.000027 seconds.
  path: Assets/kenney_racingkit2/Models/FBX format/pitsGarageCorner.fbx
  artifactKey: Guid(7e4bb377bbbd12f47b09848917ec4a68) Importer(815301076,1909f56bfc062723c751e8b465ee728b)
Start importing Assets/kenney_racingkit2/Models/FBX format/pitsGarageCorner.fbx using Guid(7e4bb377bbbd12f47b09848917ec4a68) Importer(815301076,1909f56bfc062723c751e8b465ee728b)  -> (artifact id: 'b237a2b362489cca387f40c13e68567b') in 0.049187 seconds 
========================================================================
Received Import Request.
  Time since last request: 0.000019 seconds.
  path: Assets/kenney_racingkit2/Models/FBX format/overheadLights.fbx
  artifactKey: Guid(b510ad57fd2262f48b6629cdcb4bc351) Importer(815301076,1909f56bfc062723c751e8b465ee728b)
Start importing Assets/kenney_racingkit2/Models/FBX format/overheadLights.fbx using Guid(b510ad57fd2262f48b6629cdcb4bc351) Importer(815301076,1909f56bfc062723c751e8b465ee728b)  -> (artifact id: '2f29931614c98b5b2156bb4734569824') in 0.038642 seconds 
========================================================================
Received Import Request.
  Time since last request: 0.000029 seconds.
  path: Assets/kenney_racingkit2/Models/FBX format/pitsOfficeCorner.fbx
  artifactKey: Guid(70f0ecefb9ed96446ab2e0b047c685a9) Importer(815301076,1909f56bfc062723c751e8b465ee728b)
Start importing Assets/kenney_racingkit2/Models/FBX format/pitsOfficeCorner.fbx using Guid(70f0ecefb9ed96446ab2e0b047c685a9) Importer(815301076,1909f56bfc062723c751e8b465ee728b)  -> (artifact id: 'fe6414cdd06a8b7fb9a4a22b3d06aea2') in 0.037504 seconds 
========================================================================
Received Import Request.
  Time since last request: 0.000034 seconds.
  path: Assets/kenney_racingkit2/Models/FBX format/pitsOffice.fbx
  artifactKey: Guid(7e48d9611d5359d47a339fb7dbab382c) Importer(815301076,1909f56bfc062723c751e8b465ee728b)
Start importing Assets/kenney_racingkit2/Models/FBX format/pitsOffice.fbx using Guid(7e48d9611d5359d47a339fb7dbab382c) Importer(815301076,1909f56bfc062723c751e8b465ee728b)  -> (artifact id: 'dcb78a9a313930a927c5d0571aeadc87') in 0.044558 seconds 
========================================================================
Received Import Request.
  Time since last request: 0.000027 seconds.
  path: Assets/kenney_racingkit2/Models/FBX format/lightRedDouble.fbx
  artifactKey: Guid(c08195a66c9ae094584ec98b9044d8b1) Importer(815301076,1909f56bfc062723c751e8b465ee728b)
Start importing Assets/kenney_racingkit2/Models/FBX format/lightRedDouble.fbx using Guid(c08195a66c9ae094584ec98b9044d8b1) Importer(815301076,1909f56bfc062723c751e8b465ee728b)  -> (artifact id: 'a6f23cf66c78c2663394baef79517da1') in 0.050142 seconds 
========================================================================
Received Import Request.
  Time since last request: 0.000030 seconds.
  path: Assets/kenney_racingkit2/Models/FBX format/billboardLow.fbx
  artifactKey: Guid(9e86c94f2555cc94faae08c9055a533c) Importer(815301076,1909f56bfc062723c751e8b465ee728b)
Start importing Assets/kenney_racingkit2/Models/FBX format/billboardLow.fbx using Guid(9e86c94f2555cc94faae08c9055a533c) Importer(815301076,1909f56bfc062723c751e8b465ee728b)  -> (artifact id: '954ad5aa2cb3dbcd1df94d3c9fd22a25') in 0.045203 seconds 
========================================================================
Received Import Request.
  Time since last request: 0.000036 seconds.
  path: Assets/kenney_racingkit2/Models/FBX format/billboard.fbx
  artifactKey: Guid(85ae7fdea3194c74ca47b3380a1683f1) Importer(815301076,1909f56bfc062723c751e8b465ee728b)
Start importing Assets/kenney_racingkit2/Models/FBX format/billboard.fbx using Guid(85ae7fdea3194c74ca47b3380a1683f1) Importer(815301076,1909f56bfc062723c751e8b465ee728b)  -> (artifact id: '5c4b1e5340cd6d91837cb85c4741c9e4') in 0.042229 seconds 
========================================================================
Received Import Request.
  Time since last request: 0.000033 seconds.
  path: Assets/kenney_racingkit2/Models/FBX format/raceCarWhite.fbx
  artifactKey: Guid(7af9e0c33a73cb34a97c67d975a80a7d) Importer(815301076,1909f56bfc062723c751e8b465ee728b)
Start importing Assets/kenney_racingkit2/Models/FBX format/raceCarWhite.fbx using Guid(7af9e0c33a73cb34a97c67d975a80a7d) Importer(815301076,1909f56bfc062723c751e8b465ee728b)  -> (artifact id: '5067622fa4e615bf23bd8c59cfdf0973') in 0.091002 seconds 
========================================================================
Received Import Request.
  Time since last request: 0.000037 seconds.
  path: Assets/kenney_racingkit2/Models/FBX format/overheadRound.fbx
  artifactKey: Guid(853b8033b8dea4b4da71a5d6b3f119e7) Importer(815301076,1909f56bfc062723c751e8b465ee728b)
Start importing Assets/kenney_racingkit2/Models/FBX format/overheadRound.fbx using Guid(853b8033b8dea4b4da71a5d6b3f119e7) Importer(815301076,1909f56bfc062723c751e8b465ee728b)  -> (artifact id: 'f056417be325a2481f948bc3569430c7') in 0.032534 seconds 
========================================================================
Received Import Request.
  Time since last request: 0.000033 seconds.
  path: Assets/kenney_racingkit2/Models/FBX format/radarEquipment.fbx
  artifactKey: Guid(efc009f5b8366be49afcbaf8efd5e0f1) Importer(815301076,1909f56bfc062723c751e8b465ee728b)
Start importing Assets/kenney_racingkit2/Models/FBX format/radarEquipment.fbx using Guid(efc009f5b8366be49afcbaf8efd5e0f1) Importer(815301076,1909f56bfc062723c751e8b465ee728b)  -> (artifact id: '99923f166230c95268204bd29d2c65f7') in 0.031378 seconds 
========================================================================
Received Import Request.
  Time since last request: 0.000033 seconds.
  path: Assets/kenney_racingkit2/Models/FBX format/pitsOfficeRoof.fbx
  artifactKey: Guid(c42412cbfd827374185bbf8646dcaead) Importer(815301076,1909f56bfc062723c751e8b465ee728b)
Start importing Assets/kenney_racingkit2/Models/FBX format/pitsOfficeRoof.fbx using Guid(c42412cbfd827374185bbf8646dcaead) Importer(815301076,1909f56bfc062723c751e8b465ee728b)  -> (artifact id: 'caf996f81024440de8b01b3934cfa2d4') in 0.042976 seconds 
========================================================================
Received Import Request.
  Time since last request: 0.000022 seconds.
  path: Assets/kenney_racingkit2/Models/FBX format/Textures
  artifactKey: Guid(b58a6b8e46e58894c97c266cd2ecc75c) Importer(815301076,1909f56bfc062723c751e8b465ee728b)
Start importing Assets/kenney_racingkit2/Models/FBX format/Textures using Guid(b58a6b8e46e58894c97c266cd2ecc75c) Importer(815301076,1909f56bfc062723c751e8b465ee728b)  -> (artifact id: '415f758d056d33653dd2c7097451262c') in 0.006192 seconds 
========================================================================
Received Import Request.
  Time since last request: 0.000029 seconds.
  path: Assets/kenney_racingkit2/Models/FBX format/fenceCurved.fbx
  artifactKey: Guid(f87adc40d632b494da9dc32d4aeec5b6) Importer(815301076,1909f56bfc062723c751e8b465ee728b)
Start importing Assets/kenney_racingkit2/Models/FBX format/fenceCurved.fbx using Guid(f87adc40d632b494da9dc32d4aeec5b6) Importer(815301076,1909f56bfc062723c751e8b465ee728b)  -> (artifact id: 'fc74c14197446c5abade1e9acbf49b57') in 0.033462 seconds 
========================================================================
Received Import Request.
  Time since last request: 0.000032 seconds.
  path: Assets/kenney_racingkit2/Models/FBX format/lightRed.fbx
  artifactKey: Guid(dff0a558caa128e438178bcd26142a5e) Importer(815301076,1909f56bfc062723c751e8b465ee728b)
Start importing Assets/kenney_racingkit2/Models/FBX format/lightRed.fbx using Guid(dff0a558caa128e438178bcd26142a5e) Importer(815301076,1909f56bfc062723c751e8b465ee728b)  -> (artifact id: '0068fc5e3e496ac06641c47abfb4ae6a') in 0.047827 seconds 
========================================================================
Received Import Request.
  Time since last request: 0.000041 seconds.
  path: Assets/kenney_racingkit2/Models/FBX format/lightPost_exclusive.fbx
  artifactKey: Guid(ac1ece26e1c5fef47966e90f1ec6c034) Importer(815301076,1909f56bfc062723c751e8b465ee728b)
Start importing Assets/kenney_racingkit2/Models/FBX format/lightPost_exclusive.fbx using Guid(ac1ece26e1c5fef47966e90f1ec6c034) Importer(815301076,1909f56bfc062723c751e8b465ee728b)  -> (artifact id: 'bfbe2a8337a1264eedc083e86e6ad11f') in 0.038844 seconds 
========================================================================
Received Import Request.
  Time since last request: 0.000032 seconds.
  path: Assets/kenney_racingkit2/Models/FBX format/lightPostLarge.fbx
  artifactKey: Guid(d32e822e5ea9e594e9a3e946f5c53792) Importer(815301076,1909f56bfc062723c751e8b465ee728b)
Start importing Assets/kenney_racingkit2/Models/FBX format/lightPostLarge.fbx using Guid(d32e822e5ea9e594e9a3e946f5c53792) Importer(815301076,1909f56bfc062723c751e8b465ee728b)  -> (artifact id: '243d9dd8091c0b26eddd0584f6f0a5b5') in 0.039956 seconds 
========================================================================
Received Import Request.
  Time since last request: 0.487530 seconds.
  path: Assets/kenney_racingkit2/Models/FBX format/rail.fbx
  artifactKey: Guid(674b44e7cc28d7046854e7a2321f4930) Importer(815301076,1909f56bfc062723c751e8b465ee728b)
Start importing Assets/kenney_racingkit2/Models/FBX format/rail.fbx using Guid(674b44e7cc28d7046854e7a2321f4930) Importer(815301076,1909f56bfc062723c751e8b465ee728b)  -> (artifact id: '1279d67e04c4edbbd18cbc41e7ca3997') in 0.026754 seconds 
========================================================================
Received Import Request.
  Time since last request: 0.000032 seconds.
  path: Assets/kenney_racingkit2/Models/FBX format/roadCornerLargeBorderInner.fbx
  artifactKey: Guid(bd7707fa9a3869343b23fd696171df7d) Importer(815301076,1909f56bfc062723c751e8b465ee728b)
Start importing Assets/kenney_racingkit2/Models/FBX format/roadCornerLargeBorderInner.fbx using Guid(bd7707fa9a3869343b23fd696171df7d) Importer(815301076,1909f56bfc062723c751e8b465ee728b)  -> (artifact id: '3eb74d24bef641b53f5cdd2fca1099b5') in 0.032365 seconds 
========================================================================
Received Import Request.
  Time since last request: 0.000019 seconds.
  path: Assets/kenney_racingkit2/Models/FBX format/roadCrossing.fbx
  artifactKey: Guid(63818b9eb001ee14283c062ff22afd70) Importer(815301076,1909f56bfc062723c751e8b465ee728b)
Start importing Assets/kenney_racingkit2/Models/FBX format/roadCrossing.fbx using Guid(63818b9eb001ee14283c062ff22afd70) Importer(815301076,1909f56bfc062723c751e8b465ee728b)  -> (artifact id: '5778e0d5daa426ad07fce865c66e71b3') in 0.038087 seconds 
========================================================================
Received Import Request.
  Time since last request: 0.000023 seconds.
  path: Assets/kenney_racingkit2/Models/FBX format/roadRampLongCurvedWall.fbx
  artifactKey: Guid(cca6a33476d9eb84babef6e5da84f23e) Importer(815301076,1909f56bfc062723c751e8b465ee728b)
Start importing Assets/kenney_racingkit2/Models/FBX format/roadRampLongCurvedWall.fbx using Guid(cca6a33476d9eb84babef6e5da84f23e) Importer(815301076,1909f56bfc062723c751e8b465ee728b)  -> (artifact id: 'b29607fe3b0745cbe80a3e1c37dd100a') in 0.036770 seconds 
========================================================================
Received Import Request.
  Time since last request: 0.000036 seconds.
  path: Assets/kenney_racingkit2/Models/FBX format/roadCornerSmallBorder.fbx
  artifactKey: Guid(2e9e8f6b3bea033498375803b36d8e28) Importer(815301076,1909f56bfc062723c751e8b465ee728b)
Start importing Assets/kenney_racingkit2/Models/FBX format/roadCornerSmallBorder.fbx using Guid(2e9e8f6b3bea033498375803b36d8e28) Importer(815301076,1909f56bfc062723c751e8b465ee728b)  -> (artifact id: '2ab9b5a4428f3a128dbcb176b75ddc84') in 0.032065 seconds 
========================================================================
Received Import Request.
  Time since last request: 0.000021 seconds.
  path: Assets/kenney_racingkit2/Models/FBX format/roadCornerLarge.fbx
  artifactKey: Guid(a83b5d8164a456943ae232914885d35b) Importer(815301076,1909f56bfc062723c751e8b465ee728b)
Start importing Assets/kenney_racingkit2/Models/FBX format/roadCornerLarge.fbx using Guid(a83b5d8164a456943ae232914885d35b) Importer(815301076,1909f56bfc062723c751e8b465ee728b)  -> (artifact id: '2fec88bfee6ae1d9b3cfe50da2125dbf') in 0.041590 seconds 
========================================================================
Received Import Request.
  Time since last request: 0.000027 seconds.
  path: Assets/kenney_racingkit2/Models/FBX format/roadSplitRound.fbx
  artifactKey: Guid(ea64bfc2bcef9364ab84f4f1a8077e46) Importer(815301076,1909f56bfc062723c751e8b465ee728b)
Start importing Assets/kenney_racingkit2/Models/FBX format/roadSplitRound.fbx using Guid(ea64bfc2bcef9364ab84f4f1a8077e46) Importer(815301076,1909f56bfc062723c751e8b465ee728b)  -> (artifact id: 'cf9ef2cc563d886fc8fdecc71c3849bd') in 0.036947 seconds 
========================================================================
Received Import Request.
  Time since last request: 0.000023 seconds.
  path: Assets/kenney_racingkit2/Models/FBX format/roadPitStraight.fbx
  artifactKey: Guid(90ed21b22a8d77b4289052820806a56d) Importer(815301076,1909f56bfc062723c751e8b465ee728b)
Start importing Assets/kenney_racingkit2/Models/FBX format/roadPitStraight.fbx using Guid(90ed21b22a8d77b4289052820806a56d) Importer(815301076,1909f56bfc062723c751e8b465ee728b)  -> (artifact id: '69d6c7fd415f07ac8e69928eb39b252f') in 0.041329 seconds 
========================================================================
Received Import Request.
  Time since last request: 0.000031 seconds.
  path: Assets/kenney_racingkit2/Models/FBX format/roadCornerLargeWall.fbx
  artifactKey: Guid(00b22f5ca2f61f64e9ae5a3f106ac323) Importer(815301076,1909f56bfc062723c751e8b465ee728b)
Start importing Assets/kenney_racingkit2/Models/FBX format/roadCornerLargeWall.fbx using Guid(00b22f5ca2f61f64e9ae5a3f106ac323) Importer(815301076,1909f56bfc062723c751e8b465ee728b)  -> (artifact id: 'fca6e0e0e49772ecc859f3b834d1f95e') in 0.035305 seconds 
========================================================================
Received Import Request.
  Time since last request: 0.000029 seconds.
  path: Assets/kenney_racingkit2/Models/FBX format/roadStraightBridge.fbx
  artifactKey: Guid(944106dd74f5a3441819a89ffe8e1b0e) Importer(815301076,1909f56bfc062723c751e8b465ee728b)
Start importing Assets/kenney_racingkit2/Models/FBX format/roadStraightBridge.fbx using Guid(944106dd74f5a3441819a89ffe8e1b0e) Importer(815301076,1909f56bfc062723c751e8b465ee728b)  -> (artifact id: 'cbed2abcb5089c2f8b3e556ffba75d83') in 0.043105 seconds 
========================================================================
Received Import Request.
  Time since last request: 0.000046 seconds.
  path: Assets/kenney_racingkit2/Models/FBX format/roadStraight.fbx
  artifactKey: Guid(fb20ac53ec9c36741b827b33de68c6b6) Importer(815301076,1909f56bfc062723c751e8b465ee728b)
Start importing Assets/kenney_racingkit2/Models/FBX format/roadStraight.fbx using Guid(fb20ac53ec9c36741b827b33de68c6b6) Importer(815301076,1909f56bfc062723c751e8b465ee728b)  -> (artifact id: 'b9541d7133942ce08acdd987ed1fe892') in 0.037775 seconds 
========================================================================
Received Import Request.
  Time since last request: 0.000031 seconds.
  path: Assets/kenney_racingkit2/Models/FBX format/roadStraightLong.fbx
  artifactKey: Guid(7d7c32130b77e804a846cfed3021eebe) Importer(815301076,1909f56bfc062723c751e8b465ee728b)
Start importing Assets/kenney_racingkit2/Models/FBX format/roadStraightLong.fbx using Guid(7d7c32130b77e804a846cfed3021eebe) Importer(815301076,1909f56bfc062723c751e8b465ee728b)  -> (artifact id: '994111dd8c2a708aa637bb1dcd2c3273') in 0.036483 seconds 
========================================================================
Received Import Request.
  Time since last request: 0.000026 seconds.
  path: Assets/kenney_racingkit2/Models/FBX format/roadStraightLongMid.fbx
  artifactKey: Guid(78990bf4ee938fa4fa482850f2d4eb71) Importer(815301076,1909f56bfc062723c751e8b465ee728b)
Start importing Assets/kenney_racingkit2/Models/FBX format/roadStraightLongMid.fbx using Guid(78990bf4ee938fa4fa482850f2d4eb71) Importer(815301076,1909f56bfc062723c751e8b465ee728b)  -> (artifact id: '23a57941c87fd1e831beeaac96a98a02') in 0.038270 seconds 
========================================================================
Received Import Request.
  Time since last request: 0.000032 seconds.
  path: Assets/kenney_racingkit2/Models/FBX format/roadStraightBridgeMid.fbx
  artifactKey: Guid(510d1c34768c36148ad894d8634841b5) Importer(815301076,1909f56bfc062723c751e8b465ee728b)
Start importing Assets/kenney_racingkit2/Models/FBX format/roadStraightBridgeMid.fbx using Guid(510d1c34768c36148ad894d8634841b5) Importer(815301076,1909f56bfc062723c751e8b465ee728b)  -> (artifact id: 'eff6de25a442b6ac30763a2636b241be') in 0.038790 seconds 
========================================================================
Received Import Request.
  Time since last request: 0.000027 seconds.
  path: Assets/kenney_racingkit2/Models/FBX format/roadStraightLongBumpRound.fbx
  artifactKey: Guid(22eb9eae6c1ab6849bd3ccce9d6c9f35) Importer(815301076,1909f56bfc062723c751e8b465ee728b)
Start importing Assets/kenney_racingkit2/Models/FBX format/roadStraightLongBumpRound.fbx using Guid(22eb9eae6c1ab6849bd3ccce9d6c9f35) Importer(815301076,1909f56bfc062723c751e8b465ee728b)  -> (artifact id: '90652b5f7b1bc4cd78515d939c0e5d39') in 0.039148 seconds 
========================================================================
Received Import Request.
  Time since last request: 0.000039 seconds.
  path: Assets/kenney_racingkit2/Models/FBX format/roadCornerSmallSand.fbx
  artifactKey: Guid(047ef4768c3feaf4bb74e10dece1ad47) Importer(815301076,1909f56bfc062723c751e8b465ee728b)
Start importing Assets/kenney_racingkit2/Models/FBX format/roadCornerSmallSand.fbx using Guid(047ef4768c3feaf4bb74e10dece1ad47) Importer(815301076,1909f56bfc062723c751e8b465ee728b)  -> (artifact id: '7853f19609264ff4eb50b3759ac0339d') in 0.112111 seconds 
========================================================================
Received Import Request.
  Time since last request: 0.000031 seconds.
  path: Assets/kenney_racingkit2/Models/FBX format/roadStraightLongBump.fbx
  artifactKey: Guid(7893d34592945e942aaccc992f65028d) Importer(815301076,1909f56bfc062723c751e8b465ee728b)
Start importing Assets/kenney_racingkit2/Models/FBX format/roadStraightLongBump.fbx using Guid(7893d34592945e942aaccc992f65028d) Importer(815301076,1909f56bfc062723c751e8b465ee728b)  -> (artifact id: 'fef2d7e4168589f2def04384691b36de') in 0.037353 seconds 
========================================================================
Received Import Request.
  Time since last request: 0.000025 seconds.
  path: Assets/kenney_racingkit2/Models/FBX format/tent.fbx
  artifactKey: Guid(0ac243086d8d1cc479686a9bb1ea330b) Importer(815301076,1909f56bfc062723c751e8b465ee728b)
Start importing Assets/kenney_racingkit2/Models/FBX format/tent.fbx using Guid(0ac243086d8d1cc479686a9bb1ea330b) Importer(815301076,1909f56bfc062723c751e8b465ee728b)  -> (artifact id: 'd4486e5c0f761586d6e174ec8e97d014') in 0.030634 seconds 
========================================================================
Received Import Request.
  Time since last request: 0.000021 seconds.
  path: Assets/kenney_racingkit2/Models/FBX format/roadSplitLarger.fbx
  artifactKey: Guid(9327c004ed152f34dbcf6d2c0484b164) Importer(815301076,1909f56bfc062723c751e8b465ee728b)
Start importing Assets/kenney_racingkit2/Models/FBX format/roadSplitLarger.fbx using Guid(9327c004ed152f34dbcf6d2c0484b164) Importer(815301076,1909f56bfc062723c751e8b465ee728b)  -> (artifact id: 'ce9cb7cffeb634ceb1ddc67814bcbc16') in 0.036815 seconds 
========================================================================
Received Import Request.
  Time since last request: 0.000026 seconds.
  path: Assets/kenney_racingkit2/Models/FBX format/roadPitStraightLong.fbx
  artifactKey: Guid(388e02184ba38f54296f8634bfd871be) Importer(815301076,1909f56bfc062723c751e8b465ee728b)
Start importing Assets/kenney_racingkit2/Models/FBX format/roadPitStraightLong.fbx using Guid(388e02184ba38f54296f8634bfd871be) Importer(815301076,1909f56bfc062723c751e8b465ee728b)  -> (artifact id: 'e9578879bb9a1ad429f6650394385258') in 0.041130 seconds 
========================================================================
Received Import Request.
  Time since last request: 0.000036 seconds.
  path: Assets/kenney_racingkit2/Models/FBX format/tentClosed.fbx
  artifactKey: Guid(2507f755e0e353149a5b554ecf2d3e78) Importer(815301076,1909f56bfc062723c751e8b465ee728b)
Start importing Assets/kenney_racingkit2/Models/FBX format/tentClosed.fbx using Guid(2507f755e0e353149a5b554ecf2d3e78) Importer(815301076,1909f56bfc062723c751e8b465ee728b)  -> (artifact id: 'd7e7372da6b127a6632714a73450701a') in 0.032911 seconds 
========================================================================
Received Import Request.
  Time since last request: 0.000029 seconds.
  path: Assets/kenney_racingkit2/Models/FBX format/roadCurved.fbx
  artifactKey: Guid(ae094fc49c4511e44a2a030f8a25aeaf) Importer(815301076,1909f56bfc062723c751e8b465ee728b)
Start importing Assets/kenney_racingkit2/Models/FBX format/roadCurved.fbx using Guid(ae094fc49c4511e44a2a030f8a25aeaf) Importer(815301076,1909f56bfc062723c751e8b465ee728b)  -> (artifact id: 'c07da438456d875998cd44ea85eabe19') in 0.037801 seconds 
========================================================================
Received Import Request.
  Time since last request: 25.758552 seconds.
  path: Assets/kenney_racingkit2/pitsGarageClosed.fbx
  artifactKey: Guid(47fc0747bedc3b741aba4259d2de3908) Importer(815301076,1909f56bfc062723c751e8b465ee728b)
Start importing Assets/kenney_racingkit2/pitsGarageClosed.fbx using Guid(47fc0747bedc3b741aba4259d2de3908) Importer(815301076,1909f56bfc062723c751e8b465ee728b)  -> (artifact id: 'c61683b04edd035f45adfe790915383c') in 0.047222 seconds 
========================================================================
Received Import Request.
  Time since last request: 0.256517 seconds.
  path: Assets/kenney_racingkit2/pitsGarage.fbx
  artifactKey: Guid(646d11f79ef1401439b5a730cf67ea95) Importer(815301076,1909f56bfc062723c751e8b465ee728b)
Start importing Assets/kenney_racingkit2/pitsGarage.fbx using Guid(646d11f79ef1401439b5a730cf67ea95) Importer(815301076,1909f56bfc062723c751e8b465ee728b)  -> (artifact id: '21011168f82b2bf5ca75a109c7bf5e09') in 0.071660 seconds 
========================================================================
Received Import Request.
  Time since last request: 0.000025 seconds.
  path: Assets/kenney_racingkit2/billboardDouble_exclusive.fbx
  artifactKey: Guid(c4cf45534742da641ad19401cfc4eb4a) Importer(815301076,1909f56bfc062723c751e8b465ee728b)
Start importing Assets/kenney_racingkit2/billboardDouble_exclusive.fbx using Guid(c4cf45534742da641ad19401cfc4eb4a) Importer(815301076,1909f56bfc062723c751e8b465ee728b)  -> (artifact id: 'bf7a8abbde04df0a0742217c25c16a01') in 0.085715 seconds 
========================================================================
Received Import Request.
  Time since last request: 0.000031 seconds.
  path: Assets/kenney_racingkit2/fenceStraight.fbx
  artifactKey: Guid(0c9e501120fe37c43bea693fd42ecbfa) Importer(815301076,1909f56bfc062723c751e8b465ee728b)
Start importing Assets/kenney_racingkit2/fenceStraight.fbx using Guid(0c9e501120fe37c43bea693fd42ecbfa) Importer(815301076,1909f56bfc062723c751e8b465ee728b)  -> (artifact id: '455e30f3072d04650707fa75d8fd360a') in 0.050636 seconds 
========================================================================
Received Import Request.
  Time since last request: 0.000028 seconds.
  path: Assets/kenney_racingkit2/fenceCurved.fbx
  artifactKey: Guid(f87adc40d632b494da9dc32d4aeec5b6) Importer(815301076,1909f56bfc062723c751e8b465ee728b)
Start importing Assets/kenney_racingkit2/fenceCurved.fbx using Guid(f87adc40d632b494da9dc32d4aeec5b6) Importer(815301076,1909f56bfc062723c751e8b465ee728b)  -> (artifact id: '7a1f212e314f5dde2c76ee57370cbfb7') in 0.044172 seconds 
========================================================================
Received Import Request.
  Time since last request: 35.261441 seconds.
  path: Assets/Prefabs/roadCornerLarge 1.prefab
  artifactKey: Guid(f8e7095019e1fa84e8c07d92c62e2958) Importer(815301076,1909f56bfc062723c751e8b465ee728b)
Start importing Assets/Prefabs/roadCornerLarge 1.prefab using Guid(f8e7095019e1fa84e8c07d92c62e2958) Importer(815301076,1909f56bfc062723c751e8b465ee728b)  -> (artifact id: '27511f4b512260c965e7b0bf011893b1') in 0.016309 seconds 
========================================================================
Received Import Request.
  Time since last request: 0.000027 seconds.
  path: Assets/Prefabs/roadCornerSmallBorder.prefab
  artifactKey: Guid(a821894a0f9fd9344a82b36ff8ee313b) Importer(815301076,1909f56bfc062723c751e8b465ee728b)
Start importing Assets/Prefabs/roadCornerSmallBorder.prefab using Guid(a821894a0f9fd9344a82b36ff8ee313b) Importer(815301076,1909f56bfc062723c751e8b465ee728b)  -> (artifact id: '49ffa3b134bca326e3f208f659472520') in 0.005857 seconds 
========================================================================
Received Import Request.
  Time since last request: 0.000021 seconds.
  path: Assets/Prefabs/roadStraight.prefab
  artifactKey: Guid(0d184975e9b87d449a6cded45987a806) Importer(815301076,1909f56bfc062723c751e8b465ee728b)
Start importing Assets/Prefabs/roadStraight.prefab using Guid(0d184975e9b87d449a6cded45987a806) Importer(815301076,1909f56bfc062723c751e8b465ee728b)  -> (artifact id: '9c827e4fca1678a3d774bbf4ebe2b4cd') in 0.006335 seconds 
========================================================================
Received Import Request.
  Time since last request: 45.303981 seconds.
  path: Assets/Models/FBX format/Textures
  artifactKey: Guid(2939fe4fd89c7d84dacfba56dfd902a2) Importer(815301076,1909f56bfc062723c751e8b465ee728b)
Start importing Assets/Models/FBX format/Textures using Guid(2939fe4fd89c7d84dacfba56dfd902a2) Importer(815301076,1909f56bfc062723c751e8b465ee728b)  -> (artifact id: '0286cf69b7c076853a48ba56268b7dac') in 0.002365 seconds 
========================================================================
Received Import Request.
  Time since last request: 0.070695 seconds.
  path: Assets/Models/FBX format/Textures/checkers.png
  artifactKey: Guid(6785569d92172704ebc68386993a184f) Importer(815301076,1909f56bfc062723c751e8b465ee728b)
Start importing Assets/Models/FBX format/Textures/checkers.png using Guid(6785569d92172704ebc68386993a184f) Importer(815301076,1909f56bfc062723c751e8b465ee728b)  -> (artifact id: '69df09beff504a598884a24729afdf95') in 0.012099 seconds 
========================================================================
Received Import Request.
  Time since last request: 8.791991 seconds.
  path: Assets/Rendering/Default_PipelineAsset_ForwardRenderer.asset
  artifactKey: Guid(f581090c5a8de124c977becdce9618e5) Importer(815301076,1909f56bfc062723c751e8b465ee728b)
Start importing Assets/Rendering/Default_PipelineAsset_ForwardRenderer.asset using Guid(f581090c5a8de124c977becdce9618e5) Importer(815301076,1909f56bfc062723c751e8b465ee728b)  -> (artifact id: '347138bd1cac0b952a7c92d9ac41792d') in 0.006618 seconds 
========================================================================
Received Import Request.
  Time since last request: 2.208563 seconds.
  path: Assets/ModAssets
  artifactKey: Guid(8c3a013ddfd8d4fd4951b4a01304c17c) Importer(815301076,1909f56bfc062723c751e8b465ee728b)
Start importing Assets/ModAssets using Guid(8c3a013ddfd8d4fd4951b4a01304c17c) Importer(815301076,1909f56bfc062723c751e8b465ee728b)  -> (artifact id: '5a496e2ed9879e217840160ad9eb327d') in 0.005697 seconds 
========================================================================
Received Import Request.
  Time since last request: 15.005446 seconds.
  path: Assets/Materials/New Material 1.mat
  artifactKey: Guid(df3f0320d23ec9d4abfd8525e54bd37c) Importer(815301076,1909f56bfc062723c751e8b465ee728b)
Start importing Assets/Materials/New Material 1.mat using Guid(df3f0320d23ec9d4abfd8525e54bd37c) Importer(815301076,1909f56bfc062723c751e8b465ee728b)  -> (artifact id: '4c02e171ba18a00ee6a861fcee45fea6') in 0.019534 seconds 
========================================================================
Received Import Request.
  Time since last request: 74.886506 seconds.
  path: Assets/Materials/Cristal.mat
  artifactKey: Guid(df3f0320d23ec9d4abfd8525e54bd37c) Importer(815301076,1909f56bfc062723c751e8b465ee728b)
Start importing Assets/Materials/Cristal.mat using Guid(df3f0320d23ec9d4abfd8525e54bd37c) Importer(815301076,1909f56bfc062723c751e8b465ee728b)  -> (artifact id: '5643de404cdfcc670a4b2014ce9844b5') in 0.890772 seconds 
========================================================================
Received Import Request.
  Time since last request: 53.236428 seconds.
  path: Assets/Scenes/Circuito1.unity
  artifactKey: Guid(b2d49b07ddda4944babce63a407f0107) Importer(815301076,1909f56bfc062723c751e8b465ee728b)
Start importing Assets/Scenes/Circuito1.unity using Guid(b2d49b07ddda4944babce63a407f0107) Importer(815301076,1909f56bfc062723c751e8b465ee728b)  -> (artifact id: '0784967a9162b5b7d3560886436f996b') in 0.012172 seconds 
========================================================================
Received Import Request.
  Time since last request: 25.639316 seconds.
  path: Assets/Scenes/Circuito2.unity
  artifactKey: Guid(2f798b8c03e067b4da19fb65e7b1fb17) Importer(815301076,1909f56bfc062723c751e8b465ee728b)
Start importing Assets/Scenes/Circuito2.unity using Guid(2f798b8c03e067b4da19fb65e7b1fb17) Importer(815301076,1909f56bfc062723c751e8b465ee728b)  -> (artifact id: 'dadad64cfa376532952c58d6d190e321') in 0.007445 seconds 
========================================================================
Received Import Request.
  Time since last request: 14.089591 seconds.
  path: Assets/Scenes/Circuito3.unity
  artifactKey: Guid(2f798b8c03e067b4da19fb65e7b1fb17) Importer(815301076,1909f56bfc062723c751e8b465ee728b)
Start importing Assets/Scenes/Circuito3.unity using Guid(2f798b8c03e067b4da19fb65e7b1fb17) Importer(815301076,1909f56bfc062723c751e8b465ee728b)  -> (artifact id: '770047bace85749b2d9f788707467fb7') in 0.005925 seconds 
========================================================================
Received Import Request.
  Time since last request: 10.405178 seconds.
  path: Assets/Prefabs/Track.prefab
  artifactKey: Guid(cc14a782c6a7ad54495e978df94923e9) Importer(815301076,1909f56bfc062723c751e8b465ee728b)
Start importing Assets/Prefabs/Track.prefab using Guid(cc14a782c6a7ad54495e978df94923e9) Importer(815301076,1909f56bfc062723c751e8b465ee728b)  -> (artifact id: 'dd991f7bc6a8ea13836739f793e02394') in 0.038267 seconds 
