Using pre-set license
Built from '2021.3/staging' branch; Version is '2021.3.1f1 (3b70a0754835) revision 3895456'; Using compiler version '192829333'; Build Type 'Release'
OS: 'Windows 10  (10.0.19044) 64bit Professional' Language: 'es' Physical Memory: 16334 MB
BatchMode: 1, IsHumanControllingUs: 0, StartBugReporterOnCrash: 0, Is64bit: 1, IsPro: 1

COMMAND LINE ARGUMENTS:
C:\Program Files\Unity\Hub\Editor\2021.3.1f1\Editor\Unity.exe
-adb2
-batchMode
-noUpm
-name
AssetImportWorker2
-projectPath
E:/StreamChaosRaces/Stream Chaos Races
-logFile
Logs/AssetImportWorker2.log
-srvPort
57984
Successfully changed project path to: E:/StreamChaosRaces/Stream Chaos Races
E:/StreamChaosRaces/Stream Chaos Races
[UnityMemory] Configuration Parameters - Can be set up in boot.config
    "memorysetup-bucket-allocator-granularity=16"
    "memorysetup-bucket-allocator-bucket-count=8"
    "memorysetup-bucket-allocator-block-size=33554432"
    "memorysetup-bucket-allocator-block-count=8"
    "memorysetup-main-allocator-block-size=16777216"
    "memorysetup-thread-allocator-block-size=16777216"
    "memorysetup-gfx-main-allocator-block-size=16777216"
    "memorysetup-gfx-thread-allocator-block-size=16777216"
    "memorysetup-cache-allocator-block-size=4194304"
    "memorysetup-typetree-allocator-block-size=2097152"
    "memorysetup-profiler-bucket-allocator-granularity=16"
    "memorysetup-profiler-bucket-allocator-bucket-count=8"
    "memorysetup-profiler-bucket-allocator-block-size=33554432"
    "memorysetup-profiler-bucket-allocator-block-count=8"
    "memorysetup-profiler-allocator-block-size=16777216"
    "memorysetup-profiler-editor-allocator-block-size=1048576"
    "memorysetup-temp-allocator-size-main=16777216"
    "memorysetup-job-temp-allocator-block-size=2097152"
    "memorysetup-job-temp-allocator-block-size-background=1048576"
    "memorysetup-job-temp-allocator-reduction-small-platforms=262144"
    "memorysetup-temp-allocator-size-background-worker=32768"
    "memorysetup-temp-allocator-size-job-worker=262144"
    "memorysetup-temp-allocator-size-preload-manager=33554432"
    "memorysetup-temp-allocator-size-nav-mesh-worker=65536"
    "memorysetup-temp-allocator-size-audio-worker=65536"
    "memorysetup-temp-allocator-size-cloud-worker=32768"
    "memorysetup-temp-allocator-size-gi-baking-worker=262144"
    "memorysetup-temp-allocator-size-gfx=262144"
Refreshing native plugins compatible for Editor in 95.78 ms, found 4 plugins.
Preloading 0 native plugins for Editor in 0.00 ms.
Initialize engine version: 2021.3.1f1 (3b70a0754835)
[Subsystems] Discovering subsystems at path C:/Program Files/Unity/Hub/Editor/2021.3.1f1/Editor/Data/Resources/UnitySubsystems
[Subsystems] Discovering subsystems at path E:/StreamChaosRaces/Stream Chaos Races/Assets
GfxDevice: creating device client; threaded=0; jobified=0
Direct3D:
    Version:  Direct3D 11.0 [level 11.1]
    Renderer: NVIDIA GeForce RTX 3060 (ID=0x2487)
    Vendor:   NVIDIA
    VRAM:     12137 MB
    Driver:   30.0.15.1259
Initialize mono
Mono path[0] = 'C:/Program Files/Unity/Hub/Editor/2021.3.1f1/Editor/Data/Managed'
Mono path[1] = 'C:/Program Files/Unity/Hub/Editor/2021.3.1f1/Editor/Data/MonoBleedingEdge/lib/mono/unityjit-win32'
Mono config path = 'C:/Program Files/Unity/Hub/Editor/2021.3.1f1/Editor/Data/MonoBleedingEdge/etc'
Using monoOptions --debugger-agent=transport=dt_socket,embedding=1,server=y,suspend=n,address=127.0.0.1:56280
Begin MonoManager ReloadAssembly
Registering precompiled unity dll's ...
Register platform support module: C:/Program Files/Unity/Hub/Editor/2021.3.1f1/Editor/Data/PlaybackEngines/WebGLSupport/UnityEditor.WebGL.Extensions.dll
Register platform support module: C:/Program Files/Unity/Hub/Editor/2021.3.1f1/Editor/Data/PlaybackEngines/WindowsStandaloneSupport/UnityEditor.WindowsStandalone.Extensions.dll
Registered in 0.009498 seconds.
Native extension for WindowsStandalone target not found
Native extension for WebGL target not found
Refreshing native plugins compatible for Editor in 99.33 ms, found 4 plugins.
Preloading 0 native plugins for Editor in 0.00 ms.
Mono: successfully reloaded assembly
- Completed reload, in  0.708 seconds
Domain Reload Profiling:
	ReloadAssembly (709ms)
		BeginReloadAssembly (75ms)
			ExecutionOrderSort (0ms)
			DisableScriptedObjects (0ms)
			BackupInstance (0ms)
			ReleaseScriptingObjects (0ms)
			CreateAndSetChildDomain (1ms)
		EndReloadAssembly (502ms)
			LoadAssemblies (73ms)
			RebuildTransferFunctionScriptingTraits (0ms)
			SetupTypeCache (109ms)
			ReleaseScriptCaches (0ms)
			RebuildScriptCaches (30ms)
			SetupLoadedEditorAssemblies (307ms)
				LogAssemblyErrors (0ms)
				InitializePlatformSupportModulesInManaged (11ms)
				SetLoadedEditorAssemblies (0ms)
				RefreshPlugins (100ms)
				BeforeProcessingInitializeOnLoad (1ms)
				ProcessInitializeOnLoadAttributes (144ms)
				ProcessInitializeOnLoadMethodAttributes (51ms)
				AfterProcessingInitializeOnLoad (0ms)
				EditorAssembliesLoaded (0ms)
			ExecutionOrderSort2 (0ms)
			AwakeInstancesAfterBackupRestoration (0ms)
Platform modules already initialized, skipping
Registering precompiled user dll's ...
Registered in 0.011239 seconds.
Begin MonoManager ReloadAssembly
Symbol file LoadedFromMemory doesn't match image E:\StreamChaosRaces\Stream Chaos Races\Library\PackageCache\com.unity.visualscripting@1.7.7\Editor\VisualScripting.Core\Dependencies\YamlDotNet\Unity.VisualScripting.YamlDotNet.dll
Symbol file LoadedFromMemory doesn't match image E:\StreamChaosRaces\Stream Chaos Races\Library\PackageCache\com.unity.visualscripting@1.7.7\Editor\VisualScripting.Core\Dependencies\DotNetZip\Unity.VisualScripting.IonicZip.dll
Native extension for WindowsStandalone target not found
Native extension for WebGL target not found
Refreshing native plugins compatible for Editor in 81.09 ms, found 4 plugins.
Preloading 0 native plugins for Editor in 0.00 ms.
Mono: successfully reloaded assembly
- Completed reload, in  0.999 seconds
Domain Reload Profiling:
	ReloadAssembly (1000ms)
		BeginReloadAssembly (97ms)
			ExecutionOrderSort (0ms)
			DisableScriptedObjects (5ms)
			BackupInstance (0ms)
			ReleaseScriptingObjects (0ms)
			CreateAndSetChildDomain (17ms)
		EndReloadAssembly (797ms)
			LoadAssemblies (76ms)
			RebuildTransferFunctionScriptingTraits (0ms)
			SetupTypeCache (256ms)
			ReleaseScriptCaches (1ms)
			RebuildScriptCaches (41ms)
			SetupLoadedEditorAssemblies (389ms)
				LogAssemblyErrors (0ms)
				InitializePlatformSupportModulesInManaged (6ms)
				SetLoadedEditorAssemblies (0ms)
				RefreshPlugins (81ms)
				BeforeProcessingInitializeOnLoad (85ms)
				ProcessInitializeOnLoadAttributes (191ms)
				ProcessInitializeOnLoadMethodAttributes (17ms)
				AfterProcessingInitializeOnLoad (8ms)
				EditorAssembliesLoaded (0ms)
			ExecutionOrderSort2 (0ms)
			AwakeInstancesAfterBackupRestoration (5ms)
Platform modules already initialized, skipping
========================================================================
Worker process is ready to serve import requests
Launched and connected shader compiler UnityShaderCompiler.exe after 0.06 seconds
Refreshing native plugins compatible for Editor in 1.12 ms, found 4 plugins.
Preloading 0 native plugins for Editor in 0.00 ms.
Unloading 3868 Unused Serialized files (Serialized files now loaded: 0)
Unloading 64 unused Assets / (21.1 MB). Loaded Objects now: 4289.
Memory consumption went from 183.4 MB to 162.4 MB.
Total: 5.943800 ms (FindLiveObjects: 0.338800 ms CreateObjectMapping: 0.098800 ms MarkObjects: 2.338400 ms  DeleteObjects: 3.166400 ms)

AssetImportParameters requested are different than current active one (requested -> active):
  custom:video-decoder-ogg-theora: a1e56fd34408186e4bbccfd4996cb3dc -> 
  custom:container-muxer-webm: aa71ff27fc2769a1b78a27578f13a17b -> 
  custom:container-demuxer-webm: 4f35f7cbe854078d1ac9338744f61a02 -> 
  custom:video-encoder-webm-vp8: eb34c28f22e8b96e1ab97ce403110664 -> 
  custom:audio-encoder-webm-vorbis: bf7c407c2cedff20999df2af8eb42d56 -> 
  custom:framework-win-MediaFoundation: 216162199b28c13a410421893ffa2e32 -> 
  custom:container-demuxer-ogg: 62fdf1f143b41e24485cea50d1cbac27 -> 
  custom:video-decoder-webm-vp8: 9c59270c3fd7afecdb556c50c9e8de78 -> 
  custom:audio-decoder-ogg-vorbis: bf7c407c2cedff20999df2af8eb42d56 -> 
========================================================================
Received Import Request.
  Time since last request: 18486.611952 seconds.
  path: Assets/Racing Kit/roadRampLong.fbx
  artifactKey: Guid(af2d395b99d9ea54ab7e571311334c28) Importer(815301076,1909f56bfc062723c751e8b465ee728b)
Start importing Assets/Racing Kit/roadRampLong.fbx using Guid(af2d395b99d9ea54ab7e571311334c28) Importer(815301076,1909f56bfc062723c751e8b465ee728b)  -> (artifact id: 'e0d9051b4c823ab8a5d733cfca452735') in 0.201725 seconds 
========================================================================
Received Import Request.
  Time since last request: 0.000027 seconds.
  path: Assets/Racing Kit/roadStraightBridge.fbx
  artifactKey: Guid(a05fed07b5c83e744ad5378837113233) Importer(815301076,1909f56bfc062723c751e8b465ee728b)
Start importing Assets/Racing Kit/roadStraightBridge.fbx using Guid(a05fed07b5c83e744ad5378837113233) Importer(815301076,1909f56bfc062723c751e8b465ee728b)  -> (artifact id: '679b6579edd4c0228bcf1969266edb1e') in 0.044293 seconds 
========================================================================
Received Import Request.
  Time since last request: 0.000024 seconds.
  path: Assets/Racing Kit/treeLarge.fbx
  artifactKey: Guid(9d4ee8ed8e1b7fd4b9a53faf17eca8aa) Importer(815301076,1909f56bfc062723c751e8b465ee728b)
Start importing Assets/Racing Kit/treeLarge.fbx using Guid(9d4ee8ed8e1b7fd4b9a53faf17eca8aa) Importer(815301076,1909f56bfc062723c751e8b465ee728b)  -> (artifact id: '0310d426d2637132a35f68b229f0414c') in 0.037118 seconds 
========================================================================
Received Import Request.
  Time since last request: 0.000025 seconds.
  path: Assets/Racing Kit/roadStraightLongMid.fbx
  artifactKey: Guid(c869f8b4743d9724aa963bab677174e8) Importer(815301076,1909f56bfc062723c751e8b465ee728b)
Start importing Assets/Racing Kit/roadStraightLongMid.fbx using Guid(c869f8b4743d9724aa963bab677174e8) Importer(815301076,1909f56bfc062723c751e8b465ee728b)  -> (artifact id: 'e7b21cca858e7ae785c174786c4ba076') in 0.043954 seconds 
========================================================================
Received Import Request.
  Time since last request: 0.000015 seconds.
  path: Assets/Racing Kit/roadSplitRound.fbx
  artifactKey: Guid(cb39d61587295854aa1cb540c0380d35) Importer(815301076,1909f56bfc062723c751e8b465ee728b)
Start importing Assets/Racing Kit/roadSplitRound.fbx using Guid(cb39d61587295854aa1cb540c0380d35) Importer(815301076,1909f56bfc062723c751e8b465ee728b)  -> (artifact id: '31422817ab7561ad141301f7803d7571') in 0.043058 seconds 
========================================================================
Received Import Request.
  Time since last request: 0.000023 seconds.
  path: Assets/Racing Kit/roadRampLongWall.fbx
  artifactKey: Guid(053dcbb3f543a47419ebea84a083166e) Importer(815301076,1909f56bfc062723c751e8b465ee728b)
Start importing Assets/Racing Kit/roadRampLongWall.fbx using Guid(053dcbb3f543a47419ebea84a083166e) Importer(815301076,1909f56bfc062723c751e8b465ee728b)  -> (artifact id: '07d1c38a25d58c1e1ea6d518453bd42b') in 0.047777 seconds 
========================================================================
Received Import Request.
  Time since last request: 0.000019 seconds.
  path: Assets/Racing Kit/roadStraightBridgeStart.fbx
  artifactKey: Guid(97608e2e4654b244481443d4a32a7ea8) Importer(815301076,1909f56bfc062723c751e8b465ee728b)
Start importing Assets/Racing Kit/roadStraightBridgeStart.fbx using Guid(97608e2e4654b244481443d4a32a7ea8) Importer(815301076,1909f56bfc062723c751e8b465ee728b)  -> (artifact id: '4d0f8760cce6140180fd1e14e36da30d') in 0.031189 seconds 
========================================================================
Received Import Request.
  Time since last request: 0.000025 seconds.
  path: Assets/Racing Kit/roadStraightSkew.fbx
  artifactKey: Guid(11aee927d50ce6b49826354c6b81484c) Importer(815301076,1909f56bfc062723c751e8b465ee728b)
Start importing Assets/Racing Kit/roadStraightSkew.fbx using Guid(11aee927d50ce6b49826354c6b81484c) Importer(815301076,1909f56bfc062723c751e8b465ee728b)  -> (artifact id: '7e5755c1d479153d42bd74db1b1273c8') in 0.034115 seconds 
========================================================================
Received Import Request.
  Time since last request: 0.000024 seconds.
  path: Assets/Racing Kit/tent.fbx
  artifactKey: Guid(d61feaceb1f22914385c70ecaa488f48) Importer(815301076,1909f56bfc062723c751e8b465ee728b)
Start importing Assets/Racing Kit/tent.fbx using Guid(d61feaceb1f22914385c70ecaa488f48) Importer(815301076,1909f56bfc062723c751e8b465ee728b)  -> (artifact id: '08207b632a0e3398f5200df4788f5ef0') in 0.025459 seconds 
========================================================================
Received Import Request.
  Time since last request: 0.000021 seconds.
  path: Assets/Racing Kit/roadStraightLongBumpRound.fbx
  artifactKey: Guid(8804f6834f6e74f4aaedaaab9fabf4f1) Importer(815301076,1909f56bfc062723c751e8b465ee728b)
Start importing Assets/Racing Kit/roadStraightLongBumpRound.fbx using Guid(8804f6834f6e74f4aaedaaab9fabf4f1) Importer(815301076,1909f56bfc062723c751e8b465ee728b)  -> (artifact id: 'aed5c897bf8ba788a1397cb8ed192489') in 0.028010 seconds 
========================================================================
Received Import Request.
  Time since last request: 0.000018 seconds.
  path: Assets/Racing Kit/tentClosed.fbx
  artifactKey: Guid(c742b031597440741ae10233be63196c) Importer(815301076,1909f56bfc062723c751e8b465ee728b)
Start importing Assets/Racing Kit/tentClosed.fbx using Guid(c742b031597440741ae10233be63196c) Importer(815301076,1909f56bfc062723c751e8b465ee728b)  -> (artifact id: '3a9696499824070778baf427221b9ec5') in 0.022354 seconds 
========================================================================
Received Import Request.
  Time since last request: 0.000017 seconds.
  path: Assets/Racing Kit/roadSplitRoundLarge.fbx
  artifactKey: Guid(8504a64c73afa704885a099b394dd4fb) Importer(815301076,1909f56bfc062723c751e8b465ee728b)
Start importing Assets/Racing Kit/roadSplitRoundLarge.fbx using Guid(8504a64c73afa704885a099b394dd4fb) Importer(815301076,1909f56bfc062723c751e8b465ee728b)  -> (artifact id: '71699839ff100ba493987742d49d942c') in 0.028191 seconds 
========================================================================
Received Import Request.
  Time since last request: 0.000017 seconds.
  path: Assets/Racing Kit/roadStraightBridgeMid.fbx
  artifactKey: Guid(65409610c09b26749b7eca3f87145d86) Importer(815301076,1909f56bfc062723c751e8b465ee728b)
Start importing Assets/Racing Kit/roadStraightBridgeMid.fbx using Guid(65409610c09b26749b7eca3f87145d86) Importer(815301076,1909f56bfc062723c751e8b465ee728b)  -> (artifact id: '78865488bbff68c46483aaf8b0479d62') in 0.028053 seconds 
========================================================================
Received Import Request.
  Time since last request: 0.000018 seconds.
  path: Assets/Racing Kit/roadStraightLong.fbx
  artifactKey: Guid(ceec1ed9691b36745bb4acca42b41ebb) Importer(815301076,1909f56bfc062723c751e8b465ee728b)
Start importing Assets/Racing Kit/roadStraightLong.fbx using Guid(ceec1ed9691b36745bb4acca42b41ebb) Importer(815301076,1909f56bfc062723c751e8b465ee728b)  -> (artifact id: '0d80aba0375e7de1e78280304e555df7') in 0.025930 seconds 
========================================================================
Received Import Request.
  Time since last request: 0.000016 seconds.
  path: Assets/Racing Kit/roadRampWall.fbx
  artifactKey: Guid(499d5e927363061429be391d67d3e6a3) Importer(815301076,1909f56bfc062723c751e8b465ee728b)
Start importing Assets/Racing Kit/roadRampWall.fbx using Guid(499d5e927363061429be391d67d3e6a3) Importer(815301076,1909f56bfc062723c751e8b465ee728b)  -> (artifact id: 'abb6dd68f7f6679967862377ef97f4cd') in 0.025736 seconds 
